2026-06-02 19:04:10,540 INFO 
==================================================
Собираем: intact
==================================================
2026-06-02 19:04:10,540 INFO [intact] Страница 1: https://auto.drom.ru/?state=1
2026-06-02 19:04:10,545 DEBUG Starting new HTTPS connection (1): auto.drom.ru:443
2026-06-02 19:04:12,015 DEBUG https://auto.drom.ru:443 "GET /?state=1 HTTP/1.1" 200 None
2026-06-02 19:04:12,059 INFO   → найдено 29 объявлений (всего: 29)
2026-06-02 19:04:13,762 INFO [intact] Страница 2: https://auto.drom.ru/?state=1&page=2
2026-06-02 19:04:14,331 DEBUG https://auto.drom.ru:443 "GET /?state=1&page=2 HTTP/1.1" 200 None
2026-06-02 19:04:14,365 INFO   → найдено 9 объявлений (всего: 38)
2026-06-02 19:04:16,486 INFO [intact] Страница 3: https://auto.drom.ru/?state=1&page=3
2026-06-02 19:04:16,799 DEBUG https://auto.drom.ru:443 "GET /?state=1&page=3 HTTP/1.1" 200 None
2026-06-02 19:04:16,836 INFO   → найдено 9 объявлений (всего: 47)
2026-06-02 19:04:18,524 INFO [intact] Страница 4: https://auto.drom.ru/?state=1&page=4
2026-06-02 19:04:18,997 DEBUG https://auto.drom.ru:443 "GET /?state=1&page=4 HTTP/1.1" 200 None
2026-06-02 19:04:19,029 INFO   → найдено 9 объявлений (всего: 56)
2026-06-02 19:04:20,611 INFO [intact] Страница 5: https://auto.drom.ru/?state=1&page=5
2026-06-02 19:04:21,099 DEBUG https://auto.drom.ru:443 "GET /?state=1&page=5 HTTP/1.1" 200 None
2026-06-02 19:04:21,133 INFO   → найдено 9 объявлений (всего: 65)
2026-06-02 19:04:22,836 INFO [intact] Страница 6: https://auto.drom.ru/?state=1&page=6
2026-06-02 19:04:23,720 DEBUG https://auto.drom.ru:443 "GET /?state=1&page=6 HTTP/1.1" 200 None
2026-06-02 19:04:23,743 INFO   → найдено 9 объявлений (всего: 74)
2026-06-02 19:04:25,677 INFO [intact] Страница 7: https://auto.drom.ru/?state=1&page=7
2026-06-02 19:04:26,014 DEBUG https://auto.drom.ru:443 "GET /?state=1&page=7 HTTP/1.1" 200 None
2026-06-02 19:04:26,051 INFO   → найдено 9 объявлений (всего: 83)
2026-06-02 19:04:27,977 INFO [intact] Страница 8: https://auto.drom.ru/?state=1&page=8
2026-06-02 19:04:28,276 DEBUG https://auto.drom.ru:443 "GET /?state=1&page=8 HTTP/1.1" 200 None
2026-06-02 19:04:28,315 INFO   → найдено 9 объявлений (всего: 92)
2026-06-02 19:04:29,641 INFO [intact] Страница 9: https://auto.drom.ru/?state=1&page=9
2026-06-02 19:04:30,214 DEBUG https://auto.drom.ru:443 "GET /?state=1&page=9 HTTP/1.1" 200 None
2026-06-02 19:04:30,252 INFO   → найдено 9 объявлений (всего: 101)
2026-06-02 19:04:31,466 INFO [intact] Страница 10: https://auto.drom.ru/?state=1&page=10
2026-06-02 19:04:31,720 DEBUG https://auto.drom.ru:443 "GET /?state=1&page=10 HTTP/1.1" 200 None
2026-06-02 19:04:31,755 INFO   → найдено 9 объявлений (всего: 110)
2026-06-02 19:04:32,792 INFO [intact] Страница 11: https://auto.drom.ru/?state=1&page=11
2026-06-02 19:04:33,181 DEBUG https://auto.drom.ru:443 "GET /?state=1&page=11 HTTP/1.1" 200 None
2026-06-02 19:04:33,214 INFO   → найдено 9 объявлений (всего: 119)
2026-06-02 19:04:34,917 INFO [intact] Страница 12: https://auto.drom.ru/?state=1&page=12
2026-06-02 19:04:35,436 DEBUG https://auto.drom.ru:443 "GET /?state=1&page=12 HTTP/1.1" 200 None
2026-06-02 19:04:35,474 INFO   → найдено 9 объявлений (всего: 128)
2026-06-02 19:04:36,499 INFO [intact] Страница 13: https://auto.drom.ru/?state=1&page=13
2026-06-02 19:04:36,868 DEBUG https://auto.drom.ru:443 "GET /?state=1&page=13 HTTP/1.1" 200 None
2026-06-02 19:04:36,903 INFO   → найдено 9 объявлений (всего: 137)
2026-06-02 19:04:38,193 INFO [intact] Страница 14: https://auto.drom.ru/?state=1&page=14
2026-06-02 19:04:38,541 DEBUG https://auto.drom.ru:443 "GET /?state=1&page=14 HTTP/1.1" 200 None
2026-06-02 19:04:38,577 INFO   → найдено 9 объявлений (всего: 146)
2026-06-02 19:04:40,754 INFO [intact] Страница 15: https://auto.drom.ru/?state=1&page=15
2026-06-02 19:04:41,376 DEBUG https://auto.drom.ru:443 "GET /?state=1&page=15 HTTP/1.1" 200 None
2026-06-02 19:04:41,410 INFO   → найдено 9 объявлений (всего: 155)
2026-06-02 19:04:43,233 INFO [intact] Страница 16: https://auto.drom.ru/?state=1&page=16
2026-06-02 19:04:43,496 DEBUG https://auto.drom.ru:443 "GET /?state=1&page=16 HTTP/1.1" 200 None
2026-06-02 19:04:43,527 INFO   → найдено 9 объявлений (всего: 164)
2026-06-02 19:04:45,096 INFO [intact] Страница 17: https://auto.drom.ru/?state=1&page=17
2026-06-02 19:04:45,451 DEBUG https://auto.drom.ru:443 "GET /?state=1&page=17 HTTP/1.1" 200 None
2026-06-02 19:04:45,484 INFO   → найдено 9 объявлений (всего: 173)
2026-06-02 19:04:47,216 INFO [intact] Страница 18: https://auto.drom.ru/?state=1&page=18
2026-06-02 19:04:47,482 DEBUG https://auto.drom.ru:443 "GET /?state=1&page=18 HTTP/1.1" 200 None
2026-06-02 19:04:47,516 INFO   → найдено 9 объявлений (всего: 182)
2026-06-02 19:04:49,878 INFO [intact] Страница 19: https://auto.drom.ru/?state=1&page=19
2026-06-02 19:04:50,176 DEBUG https://auto.drom.ru:443 "GET /?state=1&page=19 HTTP/1.1" 200 None
2026-06-02 19:04:50,205 INFO   → найдено 9 объявлений (всего: 191)
2026-06-02 19:04:51,677 INFO [intact] Страница 20: https://auto.drom.ru/?state=1&page=20
2026-06-02 19:04:52,025 DEBUG https://auto.drom.ru:443 "GET /?state=1&page=20 HTTP/1.1" 200 None
2026-06-02 19:04:52,059 INFO   → найдено 9 объявлений (всего: 200)
2026-06-02 19:04:53,751 INFO Итого объявлений: 33
2026-06-02 19:04:53,754 DEBUG Starting new HTTPS connection (1): auto.drom.ru:443
2026-06-02 19:04:54,373 DEBUG https://auto.drom.ru:443 "GET /moscow/porsche/911/178324044.html HTTP/1.1" 200 None
2026-06-02 19:04:54,403 DEBUG   Пример URL из страницы: https://s11.auto.drom.ru/photo/v2/LfhRIcrZn0MuJdL8--_O65DzMVQ-kW5pX7pSn-OHM6D3UXljK6YsudcuDogbQ1IWIdGZdt_IlmfWxtUk/gen600.jpg
2026-06-02 19:04:55,609 DEBUG https://auto.drom.ru:443 "GET /podolsk/chevrolet/spark/164764809.html HTTP/1.1" 200 None
2026-06-02 19:04:55,633 DEBUG   Пример URL из страницы: https://s11.auto.drom.ru/photo/v2/uEXJnF28O6QgziLq1wf2c8FDlmcKPHc9lDRmKe0__b_hHRPb9MY4W81f3Ccf_VkN9IHpn-ZPhmWsvv8h/gen600.jpg
2026-06-02 19:04:56,018 DEBUG https://auto.drom.ru:443 "GET /moscow/honda/ridgeline/474604798.html HTTP/1.1" 200 None
2026-06-02 19:04:56,042 DEBUG   Пример URL из страницы: https://s11.auto.drom.ru/photo/v2/1gc9Gxuj0xUB4xiPagq3BZGZ4Y-vr-vFMPbbSrl8joZyArQayknLNFRbkdn6NOLqFzbDJtB3jlBwoFXV/gen600.jpg
2026-06-02 19:04:56,530 DEBUG https://auto.drom.ru:443 "GET /vidnoe/volkswagen/passat/859492634.html HTTP/1.1" 200 None
2026-06-02 19:04:56,554 DEBUG   Пример URL из страницы: https://s11.auto.drom.ru/photo/v2/lJx3fNF4QxqhQIMwLbCrUuR9r-qnlFEwOumGH-jlQ1d9lCo21xfVo0YDvTlKwsxL4lvEmhx0Ey60y3YZ/gen600.jpg
2026-06-02 19:04:56,837 DEBUG https://auto.drom.ru:443 "GET /moscow/mercedes-benz/glc_coupe/642075210.html HTTP/1.1" 200 None
2026-06-02 19:04:56,897 DEBUG   Пример URL из страницы: https://s11.auto.drom.ru/photo/v2/7XeRgWYBNHOTcoUlqd1QcDVTuDTUgG0PyDSyIS1NoI8yCSySTNqKj43EFjnKtyYEmIGmbU1tq2gEUgvx/gen600.jpg
2026-06-02 19:04:57,317 DEBUG https://auto.drom.ru:443 "GET /odintsovo/mitsubishi/pajero/786999974.html HTTP/1.1" 200 None
2026-06-02 19:04:57,338 DEBUG   Пример URL из страницы: https://s11.auto.drom.ru/photo/v2/eL9ipJk4-maT4maEigjtDA-sE0nxQ2sG5zW3PE1SSAdQuYu90z9J4H5ust-_ZfSo8B8g__1Xb8BnVE_4/gen600.jpg
2026-06-02 19:04:57,759 DEBUG https://auto.drom.ru:443 "GET /serpuhov/toyota/highlander/171346963.html HTTP/1.1" 200 None
2026-06-02 19:04:57,772 DEBUG   Пример URL из страницы: https://s11.auto.drom.ru/photo/v2/OJhQlOHEUL0GaGXbC63ji_AsILQDI8xJc6n2vFkJ1HvXM_4bheZPdTMJbNyj7bClE4vIcqf6C_AsH6Ql/gen600.jpg
2026-06-02 19:04:58,168 DEBUG https://auto.drom.ru:443 "GET /balashiha/kia/soul/687259410.html HTTP/1.1" 200 None
2026-06-02 19:04:58,188 DEBUG   Пример URL из страницы: https://s11.auto.drom.ru/photo/v2/ehiIqGbWaKofd0YvNwyYvsPeX-RBACmPcGZ7ujTZUjAS_otGaaWlowsn9max6oZ7oCVMJdFCaPpthln4/gen600.jpg
2026-06-02 19:04:58,461 DEBUG https://auto.drom.ru:443 "GET /moscow/suzuki/jimny/122466752.html HTTP/1.1" 200 None
2026-06-02 19:04:58,476 DEBUG   Пример URL из страницы: https://s11.auto.drom.ru/photo/v2/S6G4CwJCp3hbq0Q_anHH_ugHBPnbFNPxCYaRlcCKEACsV1Dz8DGGUKRObKhNKFB58eNN3DGxjaREkWgN/gen600.jpg
2026-06-02 19:04:58,748 DEBUG https://auto.drom.ru:443 "GET /moscow/bmw/1-series/366692682.html HTTP/1.1" 200 None
2026-06-02 19:04:58,776 DEBUG   Пример URL из страницы: https://s11.auto.drom.ru/photo/v2/We-d4uRKmmANMz5jfVEQ6T7LPqfjMaEfFiOxmKkOMzj5_VAijVgngM6J10Njnhmrq4fPMLNCbFGAb7gH/gen600.jpg
2026-06-02 19:04:59,193 DEBUG https://auto.drom.ru:443 "GET /balashiha/volkswagen/golf/303224962.html HTTP/1.1" 200 None
2026-06-02 19:04:59,217 DEBUG   Пример URL из страницы: https://s11.auto.drom.ru/photo/v2/tCrJbEcJrQuat01hgv9VbnkuZbGkHiOiA82HUtJaMOKVVzE4enzn2QHes1qUGHAY1O46aWiRW71Xw9Li/gen600.jpg
2026-06-02 19:05:00,048 DEBUG https://auto.drom.ru:443 "GET /chehov/jaguar/xgs/324675637.html HTTP/1.1" 200 None
2026-06-02 19:05:00,071 DEBUG   Пример URL из страницы: https://s11.auto.drom.ru/photo/v2/xwZzvrihA2j18RbDys0aEHRZk3vxSxnyg-Vda0tGyO4BvkO_brH0sntcYdBSz08i3SQj_d62kTwNkdiS/gen600.jpg
2026-06-02 19:05:00,524 DEBUG https://auto.drom.ru:443 "GET /zelenogradskiy/bmw/x6/331311407.html HTTP/1.1" 200 None
2026-06-02 19:05:00,547 DEBUG   Пример URL из страницы: https://s11.auto.drom.ru/photo/v2/7bmKp1ozD5sghOGJRixClI5L4NH_giOx7W8TrVLNf0PKY5VLVBtJxfuFZTXLyY9qN11_WZRdnmXEUzB3/gen600.jpg
2026-06-02 19:05:01,179 DEBUG https://auto.drom.ru:443 "GET /domodedovo/nissan/tiida/255126478.html HTTP/1.1" 200 None
2026-06-02 19:05:01,204 DEBUG   Пример URL из страницы: https://s11.auto.drom.ru/photo/v2/U4aowohl_MM1xxbdEZFVznZNuO3clfAJ01NSGpNb2OUC2eNh_5zKNRMdu6Na6iDNSowDycn-kjr_DaKv/gen600.jpg
2026-06-02 19:05:01,525 DEBUG https://auto.drom.ru:443 "GET /himki/toyota/land_cruiser_prado/370738172.html HTTP/1.1" 200 None
2026-06-02 19:05:01,553 DEBUG   Пример URL из страницы: https://s11.auto.drom.ru/photo/v2/cQazD5F8bU7ozjO_L1DEILXMC34f12rUlQv3D0UYYHhyCEaEADwzuHcrMcjDsU43yWR86rk5Ih7R2Vlj/gen600.jpg
2026-06-02 19:05:01,807 DEBUG https://auto.drom.ru:443 "GET /moscow/audi/a6/429073488.html HTTP/1.1" 200 None
2026-06-02 19:05:01,831 DEBUG   Пример URL из страницы: https://s11.auto.drom.ru/photo/v2/M5hlzI-PKE2WyBmv-QmGgDJguCW-vOUJfvzTztOiZdRHTloppU6a5hmHEhWh2ho8Az_luQm4AfcdB5H9/gen600.jpg
2026-06-02 19:05:02,326 DEBUG https://auto.drom.ru:443 "GET /moscow/toyota/land_cruiser/113053035.html HTTP/1.1" 200 None
2026-06-02 19:05:02,348 DEBUG   Пример URL из страницы: https://s11.auto.drom.ru/photo/v2/kW1NhIup1hnzsxEsGyfhkf1dAIfbvY453a9gdcZwGxTT2DqowISVhxDe8q4rTg6HOX138vF7l6DclhXE/gen600.jpg
2026-06-02 19:05:02,674 DEBUG https://auto.drom.ru:443 "GET /moscow/haval/f7x/579849828.html HTTP/1.1" 200 None
2026-06-02 19:05:02,698 DEBUG   Пример URL из страницы: https://s11.auto.drom.ru/photo/v2/tovS_SQfPZ5sfS1NyWy1uH1ipPn3aEKfEP6msZ216H-klhqBiGyIuTiWPUXpNC-QgyMNDp1yq6Ou_CCa/gen600.jpg
2026-06-02 19:05:03,289 DEBUG https://auto.drom.ru:443 "GET /chernogolovka/toyota/prius_a/725270377.html HTTP/1.1" 200 None
2026-06-02 19:05:03,313 DEBUG   Пример URL из страницы: https://s11.auto.drom.ru/photo/v2/L3Vp-t_rApBGWdO0oH1fVnrly-nol_1438lKaV42qHXztzbTItfz_Oz-oPMnwkPjcnmbAKBoDXBwjsm4/gen600.jpg
2026-06-02 19:05:03,698 DEBUG https://auto.drom.ru:443 "GET /himki/toyota/land_cruiser_prado/942620988.html HTTP/1.1" 200 None
2026-06-02 19:05:03,726 DEBUG   Пример URL из страницы: https://s11.auto.drom.ru/photo/v2/pj2luEUyyKlvU02TWencsQnkFe2FHj0FrqyhS3wJpvPbp8qSDXmU--Puyrt8__C-umTWWmr1pbYW3fSv/gen600.jpg
2026-06-02 19:05:04,108 DEBUG https://auto.drom.ru:443 "GET /lyubertsy/hyundai/solaris/377498523.html HTTP/1.1" 200 None
2026-06-02 19:05:04,130 DEBUG   Пример URL из страницы: https://s11.auto.drom.ru/photo/v2/GDieAkgjdFjGsOngPFsTo9QLSq-QRNIu_LJe2wkepJpo18rgrAyPt9fe0KIDyZiNhk_38QvLrXbtxyjr/gen600.jpg
2026-06-02 19:05:05,132 DEBUG https://auto.drom.ru:443 "GET /zelenograd/jetour/dasheng/141021542.html HTTP/1.1" 200 None
2026-06-02 19:05:05,144 DEBUG   Пример URL из страницы: https://s11.auto.drom.ru/photo/v2/8f3mtZkxKux2SEdEz1tSzdg5uLg-9SFV_MulyYEVcuGlIgbCfQL108rDOzdFHut6YdEvjrxD6fIQHiUK/gen600.jpg
2026-06-02 19:05:05,584 DEBUG https://auto.drom.ru:443 "GET /domodedovo/foton/tunland_g9/125920489.html HTTP/1.1" 200 None
2026-06-02 19:05:05,607 DEBUG   Пример URL из страницы: https://s11.auto.drom.ru/photo/v2/ISKunYR6v57qKwraHG3E09yfuethQbybBY3NxS-rGBdjbtPOzrXdXCRYXVzgwTsxP7fkGdi93kxSdARP/gen600.jpg
2026-06-02 19:05:05,952 DEBUG https://auto.drom.ru:443 "GET /pavlovskiy-posad/ford/ranger/658795522.html HTTP/1.1" 200 None
2026-06-02 19:05:05,969 DEBUG   Пример URL из страницы: https://s11.auto.drom.ru/photo/v2/Hfe2i2XVCKLyp4pqm950n049HDeVNYrWsOgEaYE_tfg1xcCiYK7vgauLDaRGWzYWQbi8r0RFlBZQDD37/gen600.jpg
2026-06-02 19:05:06,336 DEBUG https://auto.drom.ru:443 "GET /ilinskiy/renault/megane/726391007.html HTTP/1.1" 200 None
2026-06-02 19:05:06,359 DEBUG   Пример URL из страницы: https://s11.auto.drom.ru/photo/v2/C9W-aVE8CA66U2DyllxBifxirUMFI2kSCdU3cOhXEj1JhWCzq9jITHwij4Eaiyq7PKOYraiA824pIrKJ/gen600.jpg
2026-06-02 19:05:06,772 DEBUG https://auto.drom.ru:443 "GET /moscow/cheryexeed/lx/755397188.html HTTP/1.1" 200 None
2026-06-02 19:05:06,796 DEBUG   Пример URL из страницы: https://s11.auto.drom.ru/photo/v2/rfAtIwm5HVvh0W75K1h7SIuormn-9IubuWHvqtnuML5pYmL9t2i2F9qAF-MutWMZl-sETbANvMpU0oI1/gen600.jpg
2026-06-02 19:05:07,089 DEBUG https://auto.drom.ru:443 "GET /moscow/bmw/x5/842150156.html HTTP/1.1" 200 None
2026-06-02 19:05:07,112 DEBUG   Пример URL из страницы: https://s11.auto.drom.ru/photo/v2/vf4ASXdGfUu_Fpx-IGRuby1BTLXMfx9BafGvmjQMcjA8R7QUZSmv6i3lyrLd5hXWwbc_zLqCXJiHXZmT/gen600.jpg
2026-06-02 19:05:07,692 DEBUG https://auto.drom.ru:443 "GET /zelenograd/toyota/prius/404708252.html HTTP/1.1" 200 None
2026-06-02 19:05:07,715 DEBUG   Пример URL из страницы: https://s11.auto.drom.ru/photo/v2/NkY90B7sAhubyEo1V-3qHmkTLuZEF5eik2C5AnstS_FPmG4C5mOT-OPhYB3BlJRPtsWKRug9gAc2UsZ0/gen600.jpg
2026-06-02 19:05:08,102 DEBUG https://auto.drom.ru:443 "GET /krasnogorsk/toyota/prius/249750986.html HTTP/1.1" 200 None
2026-06-02 19:05:08,128 DEBUG   Пример URL из страницы: https://s11.auto.drom.ru/photo/v2/UVH0I67DLy50dy1F6ykLXnH9QMqrpaJ1KZHot9HkArkMPeTkSZ-soFwlJ0KeP8wf8p40vD029JrFd2Yc/gen600.jpg
2026-06-02 19:05:08,512 DEBUG https://auto.drom.ru:443 "GET /vidnoe/mercedes-benz/gle-class/179906880.html HTTP/1.1" 200 None
2026-06-02 19:05:08,534 DEBUG   Пример URL из страницы: https://s11.auto.drom.ru/photo/v2/yps-bdMN42U7WCuLde2WWA8IfuCI_Fd80QAG4KfiL7etJwFsDtt_9X3-F951ZvAZN1S3Itp-eTIHsUvP/gen600.jpg
2026-06-02 19:05:08,819 DEBUG https://auto.drom.ru:443 "GET /moscow/mercedes-benz/glc-class/126524654.html HTTP/1.1" 200 None
2026-06-02 19:05:08,844 DEBUG   Пример URL из страницы: https://s11.auto.drom.ru/photo/v2/FSUjvsen7B1oVss9FiI3IoHe_HOXiBlcQsvk5kKXe317GveHSEObNuYRldvBJWhS28LIHR-GDFgdUyWw/gen600.jpg
2026-06-02 19:05:09,949 DEBUG https://auto.drom.ru:443 "GET /krasnogorsk/volkswagen/tiguan_l/421218915.html HTTP/1.1" 200 None
2026-06-02 19:05:09,969 DEBUG   Пример URL из страницы: https://s11.auto.drom.ru/photo/v2/bIEsMqFnMs39-YR4mkJZ0y4Pi8L7xknYWaiQfxrQrJqcNbF8QKYACZJUp6YkKtLNkovSrB5TAqT3v5nU/gen600.jpg
2026-06-02 19:05:10,456 DEBUG https://auto.drom.ru:443 "GET /mytishchi/lada/granta/109805669.html HTTP/1.1" 200 None
2026-06-02 19:05:10,479 DEBUG   Пример URL из страницы: https://s11.auto.drom.ru/photo/v2/VaqnDhwtG2JMNJtF95Lc8paePjcIsC6zZEJdz4U78dpxPlGMvtGVdDqe_6uPXilDAGTz0eNiFXD_88FD/gen600.jpg
2026-06-02 19:05:10,480 INFO Запланировано к скачиванию: 198 фото
2026-06-02 19:05:10,483 DEBUG Starting new HTTPS connection (1): s11.auto.drom.ru:443
2026-06-02 19:05:10,484 DEBUG Starting new HTTPS connection (2): s11.auto.drom.ru:443
2026-06-02 19:05:10,484 DEBUG Starting new HTTPS connection (3): s11.auto.drom.ru:443
2026-06-02 19:05:10,484 DEBUG Starting new HTTPS connection (4): s11.auto.drom.ru:443
2026-06-02 19:05:10,485 DEBUG Starting new HTTPS connection (5): s11.auto.drom.ru:443
2026-06-02 19:05:10,485 DEBUG Starting new HTTPS connection (6): s11.auto.drom.ru:443
2026-06-02 19:05:10,491 DEBUG Starting new HTTPS connection (7): s11.auto.drom.ru:443
2026-06-02 19:05:10,491 DEBUG Starting new HTTPS connection (8): s11.auto.drom.ru:443
2026-06-02 19:05:11,183 DEBUG https://s11.auto.drom.ru:443 "GET /photo/v2/0sbxJzCv00EWRuoxxB_uVt-7MiVU64BiBdwXfMUWxhHTZmWI6kjLkRaUKxvI3pmgZHlSCl22Umhlo__V/gen800wb.jpg HTTP/1.1" 404 43
2026-06-02 19:05:11,184 DEBUG Пропуск https://s11.auto.drom.ru/photo/v2/0sbxJzCv00EWRuoxxB_uVt-7MiVU64BiBdwXfMUWxhHTZmWI6kjLkRaUKxvI3pmgZHlSCl22Umhlo__V/gen800wb.jpg: status=404, ct='image/gif; charset=windows-1251'
2026-06-02 19:05:11,188 DEBUG Starting new HTTPS connection (9): s11.auto.drom.ru:443
2026-06-02 19:05:11,190 DEBUG https://s11.auto.drom.ru:443 "GET /photo/v2/w7hm93QYBU5GqN0kYce8yYXUstf0v-lwXyWAzjvLmwNMG9Hw0Sf-yHMXaeriuwoljp1aksqeu_XO3T_a/gen800wb.jpg HTTP/1.1" 404 43
2026-06-02 19:05:11,191 DEBUG Пропуск https://s11.auto.drom.ru/photo/v2/w7hm93QYBU5GqN0kYce8yYXUstf0v-lwXyWAzjvLmwNMG9Hw0Sf-yHMXaeriuwoljp1aksqeu_XO3T_a/gen800wb.jpg: status=404, ct='image/gif; charset=windows-1251'
2026-06-02 19:05:11,193 DEBUG Starting new HTTPS connection (10): s11.auto.drom.ru:443
2026-06-02 19:05:11,257 DEBUG https://s11.auto.drom.ru:443 "GET /photo/v2/1gc9Gxuj0xUB4xiPagq3BZGZ4Y-vr-vFMPbbSrl8joZyArQayknLNFRbkdn6NOLqFzbDJtB3jlBwoFXV/gen800wb.jpg HTTP/1.1" 404 43
2026-06-02 19:05:11,257 DEBUG Пропуск https://s11.auto.drom.ru/photo/v2/1gc9Gxuj0xUB4xiPagq3BZGZ4Y-vr-vFMPbbSrl8joZyArQayknLNFRbkdn6NOLqFzbDJtB3jlBwoFXV/gen800wb.jpg: status=404, ct='image/gif; charset=windows-1251'
2026-06-02 19:05:11,259 DEBUG Starting new HTTPS connection (11): s11.auto.drom.ru:443
2026-06-02 19:05:11,267 DEBUG https://s11.auto.drom.ru:443 "GET /photo/v2/llGs8Vutou-OVjA1cU-kOOAc6wsOgIO9b8B7LZET94GArRS0-ERd5ReOHvWMfq69RKvgS-lZm_L8w-7e/gen800wb.jpg HTTP/1.1" 404 43
2026-06-02 19:05:11,267 DEBUG Пропуск https://s11.auto.drom.ru/photo/v2/llGs8Vutou-OVjA1cU-kOOAc6wsOgIO9b8B7LZET94GArRS0-ERd5ReOHvWMfq69RKvgS-lZm_L8w-7e/gen800wb.jpg: status=404, ct='image/gif; charset=windows-1251'
2026-06-02 19:05:11,268 DEBUG Starting new HTTPS connection (12): s11.auto.drom.ru:443
2026-06-02 19:05:11,288 DEBUG https://s11.auto.drom.ru:443 "GET /photo/v2/1gc9Gxuj0xUB4xiPagq3BZGZ4Y-vr-vFMPbbSrl8joZyArQayknLNFRbkdn6NOLqFzbDJtB3jlBwoFXV/gen800wb.jpg HTTP/1.1" 404 43
2026-06-02 19:05:11,288 DEBUG Пропуск https://s11.auto.drom.ru/photo/v2/1gc9Gxuj0xUB4xiPagq3BZGZ4Y-vr-vFMPbbSrl8joZyArQayknLNFRbkdn6NOLqFzbDJtB3jlBwoFXV/gen800wb.jpg: status=404, ct='image/gif; charset=windows-1251'
2026-06-02 19:05:11,289 DEBUG Starting new HTTPS connection (13): s11.auto.drom.ru:443
2026-06-02 19:05:11,309 DEBUG https://s11.auto.drom.ru:443 "GET /photo/v2/LfhRIcrZn0MuJdL8--_O65DzMVQ-kW5pX7pSn-OHM6D3UXljK6YsudcuDogbQ1IWIdGZdt_IlmfWxtUk/gen800wb.jpg HTTP/1.1" 404 43
2026-06-02 19:05:11,310 DEBUG Пропуск https://s11.auto.drom.ru/photo/v2/LfhRIcrZn0MuJdL8--_O65DzMVQ-kW5pX7pSn-OHM6D3UXljK6YsudcuDogbQ1IWIdGZdt_IlmfWxtUk/gen800wb.jpg: status=404, ct='image/gif; charset=windows-1251'
2026-06-02 19:05:11,311 DEBUG Starting new HTTPS connection (14): s11.auto.drom.ru:443
2026-06-02 19:05:11,397 DEBUG https://s11.auto.drom.ru:443 "GET /photo/v2/LfhRIcrZn0MuJdL8--_O65DzMVQ-kW5pX7pSn-OHM6D3UXljK6YsudcuDogbQ1IWIdGZdt_IlmfWxtUk/gen800wb.jpg HTTP/1.1" 404 43
2026-06-02 19:05:11,397 DEBUG Пропуск https://s11.auto.drom.ru/photo/v2/LfhRIcrZn0MuJdL8--_O65DzMVQ-kW5pX7pSn-OHM6D3UXljK6YsudcuDogbQ1IWIdGZdt_IlmfWxtUk/gen800wb.jpg: status=404, ct='image/gif; charset=windows-1251'
2026-06-02 19:05:11,398 DEBUG Starting new HTTPS connection (15): s11.auto.drom.ru:443
2026-06-02 19:05:11,470 DEBUG https://s11.auto.drom.ru:443 "GET /photo/v2/llGs8Vutou-OVjA1cU-kOOAc6wsOgIO9b8B7LZET94GArRS0-ERd5ReOHvWMfq69RKvgS-lZm_L8w-7e/gen1200wb.jpg HTTP/1.1" 404 43
2026-06-02 19:05:11,473 DEBUG Пропуск https://s11.auto.drom.ru/photo/v2/llGs8Vutou-OVjA1cU-kOOAc6wsOgIO9b8B7LZET94GArRS0-ERd5ReOHvWMfq69RKvgS-lZm_L8w-7e/gen1200wb.jpg: status=404, ct='image/gif; charset=windows-1251'
2026-06-02 19:05:11,477 DEBUG Starting new HTTPS connection (16): s11.auto.drom.ru:443
2026-06-02 19:05:11,532 DEBUG https://s11.auto.drom.ru:443 "GET /photo/v2/0sbxJzCv00EWRuoxxB_uVt-7MiVU64BiBdwXfMUWxhHTZmWI6kjLkRaUKxvI3pmgZHlSCl22Umhlo__V/gen1200wb.jpg HTTP/1.1" 404 43
2026-06-02 19:05:11,534 DEBUG Пропуск https://s11.auto.drom.ru/photo/v2/0sbxJzCv00EWRuoxxB_uVt-7MiVU64BiBdwXfMUWxhHTZmWI6kjLkRaUKxvI3pmgZHlSCl22Umhlo__V/gen1200wb.jpg: status=404, ct='image/gif; charset=windows-1251'
2026-06-02 19:05:11,536 DEBUG Starting new HTTPS connection (17): s11.auto.drom.ru:443
2026-06-02 19:05:11,545 DEBUG https://s11.auto.drom.ru:443 "GET /photo/v2/LfhRIcrZn0MuJdL8--_O65DzMVQ-kW5pX7pSn-OHM6D3UXljK6YsudcuDogbQ1IWIdGZdt_IlmfWxtUk/gen1200wb.jpg HTTP/1.1" 404 43
2026-06-02 19:05:11,546 DEBUG Пропуск https://s11.auto.drom.ru/photo/v2/LfhRIcrZn0MuJdL8--_O65DzMVQ-kW5pX7pSn-OHM6D3UXljK6YsudcuDogbQ1IWIdGZdt_IlmfWxtUk/gen1200wb.jpg: status=404, ct='image/gif; charset=windows-1251'
2026-06-02 19:05:11,548 DEBUG Starting new HTTPS connection (18): s11.auto.drom.ru:443
2026-06-02 19:05:11,606 DEBUG https://s11.auto.drom.ru:443 "GET /photo/v2/96qOZFGPqrn7DV2oa6-rtyxeXnAs8odua9JXZCtUD4ekb-Ywt_d5mYJ6FS9nJnt6mG7oWHk7598cdxo0/gen800wb.jpg HTTP/1.1" 404 43
2026-06-02 19:05:11,606 DEBUG Пропуск https://s11.auto.drom.ru/photo/v2/96qOZFGPqrn7DV2oa6-rtyxeXnAs8odua9JXZCtUD4ekb-Ywt_d5mYJ6FS9nJnt6mG7oWHk7598cdxo0/gen800wb.jpg: status=404, ct='image/gif; charset=windows-1251'
2026-06-02 19:05:11,607 DEBUG Starting new HTTPS connection (19): s11.auto.drom.ru:443
2026-06-02 19:05:11,628 DEBUG https://s11.auto.drom.ru:443 "GET /photo/v2/1gc9Gxuj0xUB4xiPagq3BZGZ4Y-vr-vFMPbbSrl8joZyArQayknLNFRbkdn6NOLqFzbDJtB3jlBwoFXV/gen1200wb.jpg HTTP/1.1" 404 43
2026-06-02 19:05:11,630 DEBUG Пропуск https://s11.auto.drom.ru/photo/v2/1gc9Gxuj0xUB4xiPagq3BZGZ4Y-vr-vFMPbbSrl8joZyArQayknLNFRbkdn6NOLqFzbDJtB3jlBwoFXV/gen1200wb.jpg: status=404, ct='image/gif; charset=windows-1251'
2026-06-02 19:05:11,632 DEBUG Starting new HTTPS connection (20): s11.auto.drom.ru:443
2026-06-02 19:05:11,704 DEBUG https://s11.auto.drom.ru:443 "GET /photo/v2/uZ4K6q8hgnVKpWRij3K1-c4F-bkrOZncPNZI8k224Caliq3UuUll7n8i6hhugA2dLyXTNNLki4jKj4be/gen800wb.jpg HTTP/1.1" 404 43
2026-06-02 19:05:11,705 DEBUG Пропуск https://s11.auto.drom.ru/photo/v2/uZ4K6q8hgnVKpWRij3K1-c4F-bkrOZncPNZI8k224Caliq3UuUll7n8i6hhugA2dLyXTNNLki4jKj4be/gen800wb.jpg: status=404, ct='image/gif; charset=windows-1251'
2026-06-02 19:05:11,707 DEBUG Starting new HTTPS connection (21): s11.auto.drom.ru:443
2026-06-02 19:05:11,714 DEBUG https://s11.auto.drom.ru:443 "GET /photo/v2/w7hm93QYBU5GqN0kYce8yYXUstf0v-lwXyWAzjvLmwNMG9Hw0Sf-yHMXaeriuwoljp1aksqeu_XO3T_a/gen1200wb.jpg HTTP/1.1" 404 43
2026-06-02 19:05:11,718 DEBUG Пропуск https://s11.auto.drom.ru/photo/v2/w7hm93QYBU5GqN0kYce8yYXUstf0v-lwXyWAzjvLmwNMG9Hw0Sf-yHMXaeriuwoljp1aksqeu_XO3T_a/gen1200wb.jpg: status=404, ct='image/gif; charset=windows-1251'
2026-06-02 19:05:11,721 DEBUG Starting new HTTPS connection (22): s11.auto.drom.ru:443
2026-06-02 19:05:11,767 DEBUG https://s11.auto.drom.ru:443 "GET /photo/v2/aI_1ouWw4grETpl3OT-ZhHN901KI0rOpc6B0JAe-HtUQYObmE8BIRscuSw1cQo_Ve26lraNx_spZyARE/gen800wb.jpg HTTP/1.1" 404 43
2026-06-02 19:05:11,767 DEBUG Пропуск https://s11.auto.drom.ru/photo/v2/aI_1ouWw4grETpl3OT-ZhHN901KI0rOpc6B0JAe-HtUQYObmE8BIRscuSw1cQo_Ve26lraNx_spZyARE/gen800wb.jpg: status=404, ct='image/gif; charset=windows-1251'
2026-06-02 19:05:11,768 DEBUG Starting new HTTPS connection (23): s11.auto.drom.ru:443
2026-06-02 19:05:11,853 DEBUG https://s11.auto.drom.ru:443 "GET /photo/v2/96qOZFGPqrn7DV2oa6-rtyxeXnAs8odua9JXZCtUD4ekb-Ywt_d5mYJ6FS9nJnt6mG7oWHk7598cdxo0/gen1200wb.jpg HTTP/1.1" 404 43
2026-06-02 19:05:11,857 DEBUG Пропуск https://s11.auto.drom.ru/photo/v2/96qOZFGPqrn7DV2oa6-rtyxeXnAs8odua9JXZCtUD4ekb-Ywt_d5mYJ6FS9nJnt6mG7oWHk7598cdxo0/gen1200wb.jpg: status=404, ct='image/gif; charset=windows-1251'
2026-06-02 19:05:11,857 DEBUG https://s11.auto.drom.ru:443 "GET /photo/v2/7XeRgWYBNHOTcoUlqd1QcDVTuDTUgG0PyDSyIS1NoI8yCSySTNqKj43EFjnKtyYEmIGmbU1tq2gEUgvx/gen800wb.jpg HTTP/1.1" 404 43
2026-06-02 19:05:11,859 DEBUG Пропуск https://s11.auto.drom.ru/photo/v2/7XeRgWYBNHOTcoUlqd1QcDVTuDTUgG0PyDSyIS1NoI8yCSySTNqKj43EFjnKtyYEmIGmbU1tq2gEUgvx/gen800wb.jpg: status=404, ct='image/gif; charset=windows-1251'
2026-06-02 19:05:11,863 DEBUG Starting new HTTPS connection (24): s11.auto.drom.ru:443
2026-06-02 19:05:11,863 DEBUG Starting new HTTPS connection (25): s11.auto.drom.ru:443
2026-06-02 19:05:11,879 DEBUG https://s11.auto.drom.ru:443 "GET /photo/v2/DEr1_OpvYeCpm5eEDKo6kbsFujzFbCZmu0XmtrIQF6ynTjhfVVPHN1YUBu106VnPsiAs1VtiDx-EvipB/gen800wb.jpg HTTP/1.1" 404 43
2026-06-02 19:05:11,880 DEBUG Пропуск https://s11.auto.drom.ru/photo/v2/DEr1_OpvYeCpm5eEDKo6kbsFujzFbCZmu0XmtrIQF6ynTjhfVVPHN1YUBu106VnPsiAs1VtiDx-EvipB/gen800wb.jpg: status=404, ct='image/gif; charset=windows-1251'
2026-06-02 19:05:11,881 DEBUG Starting new HTTPS connection (26): s11.auto.drom.ru:443
2026-06-02 19:05:11,938 DEBUG https://s11.auto.drom.ru:443 "GET /photo/v2/uZ4K6q8hgnVKpWRij3K1-c4F-bkrOZncPNZI8k224Caliq3UuUll7n8i6hhugA2dLyXTNNLki4jKj4be/gen1200wb.jpg HTTP/1.1" 404 43
2026-06-02 19:05:11,941 DEBUG Пропуск https://s11.auto.drom.ru/photo/v2/uZ4K6q8hgnVKpWRij3K1-c4F-bkrOZncPNZI8k224Caliq3UuUll7n8i6hhugA2dLyXTNNLki4jKj4be/gen1200wb.jpg: status=404, ct='image/gif; charset=windows-1251'
2026-06-02 19:05:11,943 DEBUG Starting new HTTPS connection (27): s11.auto.drom.ru:443
2026-06-02 19:05:11,944 DEBUG https://s11.auto.drom.ru:443 "GET /photo/v2/7XeRgWYBNHOTcoUlqd1QcDVTuDTUgG0PyDSyIS1NoI8yCSySTNqKj43EFjnKtyYEmIGmbU1tq2gEUgvx/gen1200wb.jpg HTTP/1.1" 404 43
2026-06-02 19:05:11,945 DEBUG Пропуск https://s11.auto.drom.ru/photo/v2/7XeRgWYBNHOTcoUlqd1QcDVTuDTUgG0PyDSyIS1NoI8yCSySTNqKj43EFjnKtyYEmIGmbU1tq2gEUgvx/gen1200wb.jpg: status=404, ct='image/gif; charset=windows-1251'
2026-06-02 19:05:11,950 DEBUG Starting new HTTPS connection (28): s11.auto.drom.ru:443
2026-06-02 19:05:11,995 DEBUG Ошибка https://s11.auto.drom.ru/photo/v2/pj1w3r7G_DjZZq_XS8uH9Bikiai5vUqEHswnyChR3H4lmuWtFXYRXxwT4FxYrP4fWcX0Dwmmlg0TFfxo/gen800wb.jpg: HTTPSConnectionPool(host='s11.auto.drom.ru', port=443): Max retries exceeded with url: /photo/v2/pj1w3r7G_DjZZq_XS8uH9Bikiai5vUqEHswnyChR3H4lmuWtFXYRXxwT4FxYrP4fWcX0Dwmmlg0TFfxo/gen800wb.jpg (Caused by SSLError(SSLEOFError(8, '[SSL: UNEXPECTED_EOF_WHILE_READING] EOF occurred in violation of protocol (_ssl.c:1032)')))
2026-06-02 19:05:11,995 DEBUG Starting new HTTPS connection (29): s11.auto.drom.ru:443
2026-06-02 19:05:12,013 DEBUG https://s11.auto.drom.ru:443 "GET /photo/v2/c9jyagtVd17Bk0pa_Cszy4QQx23NYO5waeRZ96MStUqxUBwQk7zVMVQOTaD3injXgtVgofZlZto_8Qh-/gen800wb.jpg HTTP/1.1" 404 43
2026-06-02 19:05:12,013 DEBUG Пропуск https://s11.auto.drom.ru/photo/v2/c9jyagtVd17Bk0pa_Cszy4QQx23NYO5waeRZ96MStUqxUBwQk7zVMVQOTaD3injXgtVgofZlZto_8Qh-/gen800wb.jpg: status=404, ct='image/gif; charset=windows-1251'
2026-06-02 19:05:12,013 DEBUG Starting new HTTPS connection (30): s11.auto.drom.ru:443
2026-06-02 19:05:12,062 DEBUG https://s11.auto.drom.ru:443 "GET /photo/v2/7XeRgWYBNHOTcoUlqd1QcDVTuDTUgG0PyDSyIS1NoI8yCSySTNqKj43EFjnKtyYEmIGmbU1tq2gEUgvx/gen800wb.jpg HTTP/1.1" 404 43
2026-06-02 19:05:12,063 DEBUG https://s11.auto.drom.ru:443 "GET /photo/v2/DEr1_OpvYeCpm5eEDKo6kbsFujzFbCZmu0XmtrIQF6ynTjhfVVPHN1YUBu106VnPsiAs1VtiDx-EvipB/gen1200wb.jpg HTTP/1.1" 404 43
2026-06-02 19:05:12,063 DEBUG Пропуск https://s11.auto.drom.ru/photo/v2/7XeRgWYBNHOTcoUlqd1QcDVTuDTUgG0PyDSyIS1NoI8yCSySTNqKj43EFjnKtyYEmIGmbU1tq2gEUgvx/gen800wb.jpg: status=404, ct='image/gif; charset=windows-1251'
2026-06-02 19:05:12,064 DEBUG Пропуск https://s11.auto.drom.ru/photo/v2/DEr1_OpvYeCpm5eEDKo6kbsFujzFbCZmu0XmtrIQF6ynTjhfVVPHN1YUBu106VnPsiAs1VtiDx-EvipB/gen1200wb.jpg: status=404, ct='image/gif; charset=windows-1251'
2026-06-02 19:05:12,064 DEBUG https://s11.auto.drom.ru:443 "GET /photo/v2/1gc9Gxuj0xUB4xiPagq3BZGZ4Y-vr-vFMPbbSrl8joZyArQayknLNFRbkdn6NOLqFzbDJtB3jlBwoFXV/gen1200wb.jpg HTTP/1.1" 404 43
2026-06-02 19:05:12,066 DEBUG Пропуск https://s11.auto.drom.ru/photo/v2/1gc9Gxuj0xUB4xiPagq3BZGZ4Y-vr-vFMPbbSrl8joZyArQayknLNFRbkdn6NOLqFzbDJtB3jlBwoFXV/gen1200wb.jpg: status=404, ct='image/gif; charset=windows-1251'
2026-06-02 19:05:12,067 DEBUG Starting new HTTPS connection (31): s11.auto.drom.ru:443
2026-06-02 19:05:12,068 DEBUG Starting new HTTPS connection (32): s11.auto.drom.ru:443
2026-06-02 19:05:12,068 DEBUG Starting new HTTPS connection (33): s11.auto.drom.ru:443
2026-06-02 19:05:12,084 DEBUG https://s11.auto.drom.ru:443 "GET /photo/v2/LfhRIcrZn0MuJdL8--_O65DzMVQ-kW5pX7pSn-OHM6D3UXljK6YsudcuDogbQ1IWIdGZdt_IlmfWxtUk/gen1200wb.jpg HTTP/1.1" 404 43
2026-06-02 19:05:12,085 DEBUG Пропуск https://s11.auto.drom.ru/photo/v2/LfhRIcrZn0MuJdL8--_O65DzMVQ-kW5pX7pSn-OHM6D3UXljK6YsudcuDogbQ1IWIdGZdt_IlmfWxtUk/gen1200wb.jpg: status=404, ct='image/gif; charset=windows-1251'
2026-06-02 19:05:12,086 DEBUG Starting new HTTPS connection (34): s11.auto.drom.ru:443
2026-06-02 19:05:12,147 DEBUG https://s11.auto.drom.ru:443 "GET /photo/v2/c9jyagtVd17Bk0pa_Cszy4QQx23NYO5waeRZ96MStUqxUBwQk7zVMVQOTaD3injXgtVgofZlZto_8Qh-/gen1200wb.jpg HTTP/1.1" 404 43
2026-06-02 19:05:12,148 DEBUG Пропуск https://s11.auto.drom.ru/photo/v2/c9jyagtVd17Bk0pa_Cszy4QQx23NYO5waeRZ96MStUqxUBwQk7zVMVQOTaD3injXgtVgofZlZto_8Qh-/gen1200wb.jpg: status=404, ct='image/gif; charset=windows-1251'
2026-06-02 19:05:12,149 DEBUG Starting new HTTPS connection (35): s11.auto.drom.ru:443
2026-06-02 19:05:12,185 DEBUG https://s11.auto.drom.ru:443 "GET /photo/v2/0Ct9Aq4Wb6Au8U1IWJPhzMeRIVq8Vy4-qbLgBVe3b1Tkvsfa0ODxmtWyE6GGNjw9JEVDgYZulSxKAj1C/gen800wb.jpg HTTP/1.1" 404 43
2026-06-02 19:05:12,186 DEBUG Пропуск https://s11.auto.drom.ru/photo/v2/0Ct9Aq4Wb6Au8U1IWJPhzMeRIVq8Vy4-qbLgBVe3b1Tkvsfa0ODxmtWyE6GGNjw9JEVDgYZulSxKAj1C/gen800wb.jpg: status=404, ct='image/gif; charset=windows-1251'
2026-06-02 19:05:12,186 DEBUG Starting new HTTPS connection (36): s11.auto.drom.ru:443
2026-06-02 19:05:12,301 DEBUG https://s11.auto.drom.ru:443 "GET /photo/v2/pj1w3r7G_DjZZq_XS8uH9Bikiai5vUqEHswnyChR3H4lmuWtFXYRXxwT4FxYrP4fWcX0Dwmmlg0TFfxo/gen1200wb.jpg HTTP/1.1" 404 43
2026-06-02 19:05:12,302 DEBUG Пропуск https://s11.auto.drom.ru/photo/v2/pj1w3r7G_DjZZq_XS8uH9Bikiai5vUqEHswnyChR3H4lmuWtFXYRXxwT4FxYrP4fWcX0Dwmmlg0TFfxo/gen1200wb.jpg: status=404, ct='image/gif; charset=windows-1251'
2026-06-02 19:05:12,305 DEBUG Starting new HTTPS connection (37): s11.auto.drom.ru:443
2026-06-02 19:05:12,372 DEBUG https://s11.auto.drom.ru:443 "GET /photo/v2/7XeRgWYBNHOTcoUlqd1QcDVTuDTUgG0PyDSyIS1NoI8yCSySTNqKj43EFjnKtyYEmIGmbU1tq2gEUgvx/gen1200wb.jpg HTTP/1.1" 404 43
2026-06-02 19:05:12,374 DEBUG Пропуск https://s11.auto.drom.ru/photo/v2/7XeRgWYBNHOTcoUlqd1QcDVTuDTUgG0PyDSyIS1NoI8yCSySTNqKj43EFjnKtyYEmIGmbU1tq2gEUgvx/gen1200wb.jpg: status=404, ct='image/gif; charset=windows-1251'
2026-06-02 19:05:12,378 DEBUG Starting new HTTPS connection (38): s11.auto.drom.ru:443
2026-06-02 19:05:12,384 DEBUG https://s11.auto.drom.ru:443 "GET /photo/v2/S6G4CwJCp3hbq0Q_anHH_ugHBPnbFNPxCYaRlcCKEACsV1Dz8DGGUKRObKhNKFB58eNN3DGxjaREkWgN/gen800wb.jpg HTTP/1.1" 404 43
2026-06-02 19:05:12,384 DEBUG Пропуск https://s11.auto.drom.ru/photo/v2/S6G4CwJCp3hbq0Q_anHH_ugHBPnbFNPxCYaRlcCKEACsV1Dz8DGGUKRObKhNKFB58eNN3DGxjaREkWgN/gen800wb.jpg: status=404, ct='image/gif; charset=windows-1251'
2026-06-02 19:05:12,386 DEBUG Starting new HTTPS connection (39): s11.auto.drom.ru:443
2026-06-02 19:05:12,399 DEBUG https://s11.auto.drom.ru:443 "GET /photo/v2/Xs1HeeQ7Jz8Tr3Oi1hSSy2UsU6sgM9pDdLjix0qtxMqkWpFTFfjoH9sZb0w2Z4V8kEJDwgEDXKUJye5M/gen800wb.jpg HTTP/1.1" 404 43
2026-06-02 19:05:12,399 DEBUG Пропуск https://s11.auto.drom.ru/photo/v2/Xs1HeeQ7Jz8Tr3Oi1hSSy2UsU6sgM9pDdLjix0qtxMqkWpFTFfjoH9sZb0w2Z4V8kEJDwgEDXKUJye5M/gen800wb.jpg: status=404, ct='image/gif; charset=windows-1251'
2026-06-02 19:05:12,400 DEBUG Starting new HTTPS connection (40): s11.auto.drom.ru:443
2026-06-02 19:05:12,529 DEBUG https://s11.auto.drom.ru:443 "GET /photo/v2/hjY9F0aegvWIvM5Mu49FkAdnU7XYicuTb6AIDnnZXuyfutvacrMVMXhPYrDw96WZAiaZ_4lY4M-24TE8/gen800wb.jpg HTTP/1.1" 404 43
2026-06-02 19:05:12,529 DEBUG Пропуск https://s11.auto.drom.ru/photo/v2/hjY9F0aegvWIvM5Mu49FkAdnU7XYicuTb6AIDnnZXuyfutvacrMVMXhPYrDw96WZAiaZ_4lY4M-24TE8/gen800wb.jpg: status=404, ct='image/gif; charset=windows-1251'
2026-06-02 19:05:12,532 DEBUG Starting new HTTPS connection (41): s11.auto.drom.ru:443
2026-06-02 19:05:12,564 DEBUG https://s11.auto.drom.ru:443 "GET /photo/v2/S6G4CwJCp3hbq0Q_anHH_ugHBPnbFNPxCYaRlcCKEACsV1Dz8DGGUKRObKhNKFB58eNN3DGxjaREkWgN/gen1200wb.jpg HTTP/1.1" 404 43
2026-06-02 19:05:12,565 DEBUG Пропуск https://s11.auto.drom.ru/photo/v2/S6G4CwJCp3hbq0Q_anHH_ugHBPnbFNPxCYaRlcCKEACsV1Dz8DGGUKRObKhNKFB58eNN3DGxjaREkWgN/gen1200wb.jpg: status=404, ct='image/gif; charset=windows-1251'
2026-06-02 19:05:12,568 DEBUG Starting new HTTPS connection (42): s11.auto.drom.ru:443
2026-06-02 19:05:12,595 DEBUG https://s11.auto.drom.ru:443 "GET /photo/v2/w6OoNPl4mHq50Z09gyAtG2V0gUgAUKkiWA7KLna82aZ9p87-u6kpUVWxCsYDDeIDyb7I7WM4nq6n1_7u/gen800wb.jpg HTTP/1.1" 404 43
2026-06-02 19:05:12,595 DEBUG Пропуск https://s11.auto.drom.ru/photo/v2/w6OoNPl4mHq50Z09gyAtG2V0gUgAUKkiWA7KLna82aZ9p87-u6kpUVWxCsYDDeIDyb7I7WM4nq6n1_7u/gen800wb.jpg: status=404, ct='image/gif; charset=windows-1251'
2026-06-02 19:05:12,596 DEBUG Starting new HTTPS connection (43): s11.auto.drom.ru:443
2026-06-02 19:05:12,675 DEBUG https://s11.auto.drom.ru:443 "GET /photo/v2/hjY9F0aegvWIvM5Mu49FkAdnU7XYicuTb6AIDnnZXuyfutvacrMVMXhPYrDw96WZAiaZ_4lY4M-24TE8/gen1200wb.jpg HTTP/1.1" 404 43
2026-06-02 19:05:12,677 DEBUG Пропуск https://s11.auto.drom.ru/photo/v2/hjY9F0aegvWIvM5Mu49FkAdnU7XYicuTb6AIDnnZXuyfutvacrMVMXhPYrDw96WZAiaZ_4lY4M-24TE8/gen1200wb.jpg: status=404, ct='image/gif; charset=windows-1251'
2026-06-02 19:05:12,682 DEBUG Starting new HTTPS connection (44): s11.auto.drom.ru:443
2026-06-02 19:05:12,684 DEBUG https://s11.auto.drom.ru:443 "GET /photo/v2/Xs1HeeQ7Jz8Tr3Oi1hSSy2UsU6sgM9pDdLjix0qtxMqkWpFTFfjoH9sZb0w2Z4V8kEJDwgEDXKUJye5M/gen1200wb.jpg HTTP/1.1" 404 43
2026-06-02 19:05:12,684 DEBUG https://s11.auto.drom.ru:443 "GET /photo/v2/bfjxIc9SXQCFRchPb_Vfn9U9vsL6VZTh64s21BYWKYhgyIoFLbzj-2flEATeYB7r0qXIioBwzSL0F4y5/gen800wb.jpg HTTP/1.1" 404 43
2026-06-02 19:05:12,686 DEBUG Пропуск https://s11.auto.drom.ru/photo/v2/Xs1HeeQ7Jz8Tr3Oi1hSSy2UsU6sgM9pDdLjix0qtxMqkWpFTFfjoH9sZb0w2Z4V8kEJDwgEDXKUJye5M/gen1200wb.jpg: status=404, ct='image/gif; charset=windows-1251'
2026-06-02 19:05:12,686 DEBUG Пропуск https://s11.auto.drom.ru/photo/v2/bfjxIc9SXQCFRchPb_Vfn9U9vsL6VZTh64s21BYWKYhgyIoFLbzj-2flEATeYB7r0qXIioBwzSL0F4y5/gen800wb.jpg: status=404, ct='image/gif; charset=windows-1251'
2026-06-02 19:05:12,690 DEBUG Starting new HTTPS connection (45): s11.auto.drom.ru:443
2026-06-02 19:05:12,691 DEBUG Starting new HTTPS connection (46): s11.auto.drom.ru:443
2026-06-02 19:05:12,723 DEBUG https://s11.auto.drom.ru:443 "GET /photo/v2/w6OoNPl4mHq50Z09gyAtG2V0gUgAUKkiWA7KLna82aZ9p87-u6kpUVWxCsYDDeIDyb7I7WM4nq6n1_7u/gen1200wb.jpg HTTP/1.1" 404 43
2026-06-02 19:05:12,724 DEBUG Пропуск https://s11.auto.drom.ru/photo/v2/w6OoNPl4mHq50Z09gyAtG2V0gUgAUKkiWA7KLna82aZ9p87-u6kpUVWxCsYDDeIDyb7I7WM4nq6n1_7u/gen1200wb.jpg: status=404, ct='image/gif; charset=windows-1251'
2026-06-02 19:05:12,726 DEBUG Starting new HTTPS connection (47): s11.auto.drom.ru:443
2026-06-02 19:05:12,776 DEBUG https://s11.auto.drom.ru:443 "GET /photo/v2/M5hlzI-PKE2WyBmv-QmGgDJguCW-vOUJfvzTztOiZdRHTloppU6a5hmHEhWh2ho8Az_luQm4AfcdB5H9/gen800wb.jpg HTTP/1.1" 404 43
2026-06-02 19:05:12,776 DEBUG Пропуск https://s11.auto.drom.ru/photo/v2/M5hlzI-PKE2WyBmv-QmGgDJguCW-vOUJfvzTztOiZdRHTloppU6a5hmHEhWh2ho8Az_luQm4AfcdB5H9/gen800wb.jpg: status=404, ct='image/gif; charset=windows-1251'
2026-06-02 19:05:12,777 DEBUG Starting new HTTPS connection (48): s11.auto.drom.ru:443
2026-06-02 19:05:12,784 DEBUG Ошибка https://s11.auto.drom.ru/photo/v2/aI_1ouWw4grETpl3OT-ZhHN901KI0rOpc6B0JAe-HtUQYObmE8BIRscuSw1cQo_Ve26lraNx_spZyARE/gen1200wb.jpg: HTTPSConnectionPool(host='s11.auto.drom.ru', port=443): Max retries exceeded with url: /photo/v2/aI_1ouWw4grETpl3OT-ZhHN901KI0rOpc6B0JAe-HtUQYObmE8BIRscuSw1cQo_Ve26lraNx_spZyARE/gen1200wb.jpg (Caused by SSLError(SSLEOFError(8, '[SSL: UNEXPECTED_EOF_WHILE_READING] EOF occurred in violation of protocol (_ssl.c:1032)')))
2026-06-02 19:05:12,785 DEBUG Starting new HTTPS connection (49): s11.auto.drom.ru:443
2026-06-02 19:05:12,793 DEBUG https://s11.auto.drom.ru:443 "GET /photo/v2/yRfosZzeIyx3Cbtk-YEIanTGkSqFRO-DenpZCjZ2qK2yXyJV-EDL_NFly3fILW2n4QmPYgk69dBuxB3W/gen800wb.jpg HTTP/1.1" 404 43
2026-06-02 19:05:12,793 DEBUG Пропуск https://s11.auto.drom.ru/photo/v2/yRfosZzeIyx3Cbtk-YEIanTGkSqFRO-DenpZCjZ2qK2yXyJV-EDL_NFly3fILW2n4QmPYgk69dBuxB3W/gen800wb.jpg: status=404, ct='image/gif; charset=windows-1251'
2026-06-02 19:05:12,794 DEBUG Starting new HTTPS connection (50): s11.auto.drom.ru:443
2026-06-02 19:05:12,905 DEBUG https://s11.auto.drom.ru:443 "GET /photo/v2/bfjxIc9SXQCFRchPb_Vfn9U9vsL6VZTh64s21BYWKYhgyIoFLbzj-2flEATeYB7r0qXIioBwzSL0F4y5/gen1200wb.jpg HTTP/1.1" 404 43
2026-06-02 19:05:12,907 DEBUG Пропуск https://s11.auto.drom.ru/photo/v2/bfjxIc9SXQCFRchPb_Vfn9U9vsL6VZTh64s21BYWKYhgyIoFLbzj-2flEATeYB7r0qXIioBwzSL0F4y5/gen1200wb.jpg: status=404, ct='image/gif; charset=windows-1251'
2026-06-02 19:05:12,910 DEBUG Starting new HTTPS connection (51): s11.auto.drom.ru:443
2026-06-02 19:05:12,974 DEBUG https://s11.auto.drom.ru:443 "GET /photo/v2/M5hlzI-PKE2WyBmv-QmGgDJguCW-vOUJfvzTztOiZdRHTloppU6a5hmHEhWh2ho8Az_luQm4AfcdB5H9/gen1200wb.jpg HTTP/1.1" 404 43
2026-06-02 19:05:12,977 DEBUG Пропуск https://s11.auto.drom.ru/photo/v2/M5hlzI-PKE2WyBmv-QmGgDJguCW-vOUJfvzTztOiZdRHTloppU6a5hmHEhWh2ho8Az_luQm4AfcdB5H9/gen1200wb.jpg: status=404, ct='image/gif; charset=windows-1251'
2026-06-02 19:05:12,980 DEBUG Starting new HTTPS connection (52): s11.auto.drom.ru:443
2026-06-02 19:05:12,982 DEBUG https://s11.auto.drom.ru:443 "GET /photo/v2/M5hlzI-PKE2WyBmv-QmGgDJguCW-vOUJfvzTztOiZdRHTloppU6a5hmHEhWh2ho8Az_luQm4AfcdB5H9/gen800wb.jpg HTTP/1.1" 404 43
2026-06-02 19:05:12,983 DEBUG Пропуск https://s11.auto.drom.ru/photo/v2/M5hlzI-PKE2WyBmv-QmGgDJguCW-vOUJfvzTztOiZdRHTloppU6a5hmHEhWh2ho8Az_luQm4AfcdB5H9/gen800wb.jpg: status=404, ct='image/gif; charset=windows-1251'
2026-06-02 19:05:12,984 DEBUG Starting new HTTPS connection (53): s11.auto.drom.ru:443
2026-06-02 19:05:13,014 DEBUG https://s11.auto.drom.ru:443 "GET /photo/v2/G8UHrsA7AtAnGFh--8-_yLIh5yJTFWttrTDI2fMUktvH75YHfVUqafr-bNKIGShhOLEPfLl1hBBoZEee/gen800wb.jpg HTTP/1.1" 404 43
2026-06-02 19:05:13,014 DEBUG Пропуск https://s11.auto.drom.ru/photo/v2/G8UHrsA7AtAnGFh--8-_yLIh5yJTFWttrTDI2fMUktvH75YHfVUqafr-bNKIGShhOLEPfLl1hBBoZEee/gen800wb.jpg: status=404, ct='image/gif; charset=windows-1251'
2026-06-02 19:05:13,015 DEBUG Starting new HTTPS connection (54): s11.auto.drom.ru:443
2026-06-02 19:05:13,163 DEBUG https://s11.auto.drom.ru:443 "GET /photo/v2/M5hlzI-PKE2WyBmv-QmGgDJguCW-vOUJfvzTztOiZdRHTloppU6a5hmHEhWh2ho8Az_luQm4AfcdB5H9/gen1200wb.jpg HTTP/1.1" 404 43
2026-06-02 19:05:13,166 DEBUG Пропуск https://s11.auto.drom.ru/photo/v2/M5hlzI-PKE2WyBmv-QmGgDJguCW-vOUJfvzTztOiZdRHTloppU6a5hmHEhWh2ho8Az_luQm4AfcdB5H9/gen1200wb.jpg: status=404, ct='image/gif; charset=windows-1251'
2026-06-02 19:05:13,169 DEBUG Ошибка https://s11.auto.drom.ru/photo/v2/S6G4CwJCp3hbq0Q_anHH_ugHBPnbFNPxCYaRlcCKEACsV1Dz8DGGUKRObKhNKFB58eNN3DGxjaREkWgN/gen800wb.jpg: HTTPSConnectionPool(host='s11.auto.drom.ru', port=443): Max retries exceeded with url: /photo/v2/S6G4CwJCp3hbq0Q_anHH_ugHBPnbFNPxCYaRlcCKEACsV1Dz8DGGUKRObKhNKFB58eNN3DGxjaREkWgN/gen800wb.jpg (Caused by SSLError(SSLEOFError(8, '[SSL: UNEXPECTED_EOF_WHILE_READING] EOF occurred in violation of protocol (_ssl.c:1032)')))
2026-06-02 19:05:13,171 DEBUG Starting new HTTPS connection (55): s11.auto.drom.ru:443
2026-06-02 19:05:13,172 DEBUG Starting new HTTPS connection (56): s11.auto.drom.ru:443
2026-06-02 19:05:13,173 DEBUG https://s11.auto.drom.ru:443 "GET /photo/v2/4-HVOk0eS2eC0azyCZg80EjJC1voCny6gUWXGgIVEExS9eTY0DLm9zkPplrvKpDsg74_qm-6i-bMi-LM/gen800wb.jpg HTTP/1.1" 404 43
2026-06-02 19:05:13,173 DEBUG Пропуск https://s11.auto.drom.ru/photo/v2/4-HVOk0eS2eC0azyCZg80EjJC1voCny6gUWXGgIVEExS9eTY0DLm9zkPplrvKpDsg74_qm-6i-bMi-LM/gen800wb.jpg: status=404, ct='image/gif; charset=windows-1251'
2026-06-02 19:05:13,174 DEBUG Starting new HTTPS connection (57): s11.auto.drom.ru:443
2026-06-02 19:05:13,300 DEBUG https://s11.auto.drom.ru:443 "GET /photo/v2/yRfosZzeIyx3Cbtk-YEIanTGkSqFRO-DenpZCjZ2qK2yXyJV-EDL_NFly3fILW2n4QmPYgk69dBuxB3W/gen1200wb.jpg HTTP/1.1" 404 43
2026-06-02 19:05:13,304 DEBUG Пропуск https://s11.auto.drom.ru/photo/v2/yRfosZzeIyx3Cbtk-YEIanTGkSqFRO-DenpZCjZ2qK2yXyJV-EDL_NFly3fILW2n4QmPYgk69dBuxB3W/gen1200wb.jpg: status=404, ct='image/gif; charset=windows-1251'
2026-06-02 19:05:13,307 DEBUG https://s11.auto.drom.ru:443 "GET /photo/v2/0Ct9Aq4Wb6Au8U1IWJPhzMeRIVq8Vy4-qbLgBVe3b1Tkvsfa0ODxmtWyE6GGNjw9JEVDgYZulSxKAj1C/gen1200wb.jpg HTTP/1.1" 404 43
2026-06-02 19:05:13,307 DEBUG Starting new HTTPS connection (58): s11.auto.drom.ru:443
2026-06-02 19:05:13,308 DEBUG Пропуск https://s11.auto.drom.ru/photo/v2/0Ct9Aq4Wb6Au8U1IWJPhzMeRIVq8Vy4-qbLgBVe3b1Tkvsfa0ODxmtWyE6GGNjw9JEVDgYZulSxKAj1C/gen1200wb.jpg: status=404, ct='image/gif; charset=windows-1251'
2026-06-02 19:05:13,310 DEBUG https://s11.auto.drom.ru:443 "GET /photo/v2/0VNiQxzK4w6sOSG9AnpPj-dNJKsVfstgq1VeZDXIa2gnOunpRGoj0RMeN9TBBKVz0bWl1JnZvqr8u8XI/gen800wb.jpg HTTP/1.1" 404 43
2026-06-02 19:05:13,311 DEBUG Пропуск https://s11.auto.drom.ru/photo/v2/0VNiQxzK4w6sOSG9AnpPj-dNJKsVfstgq1VeZDXIa2gnOunpRGoj0RMeN9TBBKVz0bWl1JnZvqr8u8XI/gen800wb.jpg: status=404, ct='image/gif; charset=windows-1251'
2026-06-02 19:05:13,311 DEBUG Starting new HTTPS connection (59): s11.auto.drom.ru:443
2026-06-02 19:05:13,312 DEBUG Starting new HTTPS connection (60): s11.auto.drom.ru:443
2026-06-02 19:05:13,339 DEBUG https://s11.auto.drom.ru:443 "GET /photo/v2/G8UHrsA7AtAnGFh--8-_yLIh5yJTFWttrTDI2fMUktvH75YHfVUqafr-bNKIGShhOLEPfLl1hBBoZEee/gen1200wb.jpg HTTP/1.1" 404 43
2026-06-02 19:05:13,340 DEBUG Пропуск https://s11.auto.drom.ru/photo/v2/G8UHrsA7AtAnGFh--8-_yLIh5yJTFWttrTDI2fMUktvH75YHfVUqafr-bNKIGShhOLEPfLl1hBBoZEee/gen1200wb.jpg: status=404, ct='image/gif; charset=windows-1251'
2026-06-02 19:05:13,341 DEBUG Starting new HTTPS connection (61): s11.auto.drom.ru:443
2026-06-02 19:05:13,540 DEBUG https://s11.auto.drom.ru:443 "GET /photo/v2/S6G4CwJCp3hbq0Q_anHH_ugHBPnbFNPxCYaRlcCKEACsV1Dz8DGGUKRObKhNKFB58eNN3DGxjaREkWgN/gen1200wb.jpg HTTP/1.1" 404 43
2026-06-02 19:05:13,541 DEBUG https://s11.auto.drom.ru:443 "GET /photo/v2/4-HVOk0eS2eC0azyCZg80EjJC1voCny6gUWXGgIVEExS9eTY0DLm9zkPplrvKpDsg74_qm-6i-bMi-LM/gen1200wb.jpg HTTP/1.1" 404 43
2026-06-02 19:05:13,541 DEBUG Пропуск https://s11.auto.drom.ru/photo/v2/S6G4CwJCp3hbq0Q_anHH_ugHBPnbFNPxCYaRlcCKEACsV1Dz8DGGUKRObKhNKFB58eNN3DGxjaREkWgN/gen1200wb.jpg: status=404, ct='image/gif; charset=windows-1251'
2026-06-02 19:05:13,543 DEBUG Пропуск https://s11.auto.drom.ru/photo/v2/4-HVOk0eS2eC0azyCZg80EjJC1voCny6gUWXGgIVEExS9eTY0DLm9zkPplrvKpDsg74_qm-6i-bMi-LM/gen1200wb.jpg: status=404, ct='image/gif; charset=windows-1251'
2026-06-02 19:05:13,548 DEBUG Starting new HTTPS connection (62): s11.auto.drom.ru:443
2026-06-02 19:05:13,549 DEBUG Starting new HTTPS connection (63): s11.auto.drom.ru:443
2026-06-02 19:05:13,631 DEBUG https://s11.auto.drom.ru:443 "GET /photo/v2/kW1NhIup1hnzsxEsGyfhkf1dAIfbvY453a9gdcZwGxTT2DqowISVhxDe8q4rTg6HOX138vF7l6DclhXE/gen800wb.jpg HTTP/1.1" 404 43
2026-06-02 19:05:13,631 DEBUG Пропуск https://s11.auto.drom.ru/photo/v2/kW1NhIup1hnzsxEsGyfhkf1dAIfbvY453a9gdcZwGxTT2DqowISVhxDe8q4rTg6HOX138vF7l6DclhXE/gen800wb.jpg: status=404, ct='image/gif; charset=windows-1251'
2026-06-02 19:05:13,634 DEBUG Starting new HTTPS connection (64): s11.auto.drom.ru:443
2026-06-02 19:05:13,659 DEBUG https://s11.auto.drom.ru:443 "GET /photo/v2/cSOUZ0fa8R5yv7-2ykvYduKM9ok3c4ZNg95J8dyiXsANHIacq0vZVEziBlmn3iApK1DHZYC_QKEx7jS3/gen800wb.jpg HTTP/1.1" 404 43
2026-06-02 19:05:13,660 DEBUG Пропуск https://s11.auto.drom.ru/photo/v2/cSOUZ0fa8R5yv7-2ykvYduKM9ok3c4ZNg95J8dyiXsANHIacq0vZVEziBlmn3iApK1DHZYC_QKEx7jS3/gen800wb.jpg: status=404, ct='image/gif; charset=windows-1251'
2026-06-02 19:05:13,661 DEBUG Starting new HTTPS connection (65): s11.auto.drom.ru:443
2026-06-02 19:05:13,742 DEBUG https://s11.auto.drom.ru:443 "GET /photo/v2/d9lwPV2qGa3J_MctOcjpNEpKWdLuqbdPdr4YPmHl0msfjONVS7vKxGsw1s4nFJHJAhd2Gd_JzVM4_WkJ/gen800wb.jpg HTTP/1.1" 404 43
2026-06-02 19:05:13,743 DEBUG Пропуск https://s11.auto.drom.ru/photo/v2/d9lwPV2qGa3J_MctOcjpNEpKWdLuqbdPdr4YPmHl0msfjONVS7vKxGsw1s4nFJHJAhd2Gd_JzVM4_WkJ/gen800wb.jpg: status=404, ct='image/gif; charset=windows-1251'
2026-06-02 19:05:13,746 DEBUG Starting new HTTPS connection (66): s11.auto.drom.ru:443
2026-06-02 19:05:13,944 DEBUG https://s11.auto.drom.ru:443 "GET /photo/v2/0VNiQxzK4w6sOSG9AnpPj-dNJKsVfstgq1VeZDXIa2gnOunpRGoj0RMeN9TBBKVz0bWl1JnZvqr8u8XI/gen1200wb.jpg HTTP/1.1" 404 43
2026-06-02 19:05:13,945 DEBUG Пропуск https://s11.auto.drom.ru/photo/v2/0VNiQxzK4w6sOSG9AnpPj-dNJKsVfstgq1VeZDXIa2gnOunpRGoj0RMeN9TBBKVz0bWl1JnZvqr8u8XI/gen1200wb.jpg: status=404, ct='image/gif; charset=windows-1251'
2026-06-02 19:05:13,948 DEBUG Starting new HTTPS connection (67): s11.auto.drom.ru:443
2026-06-02 19:05:14,037 DEBUG https://s11.auto.drom.ru:443 "GET /photo/v2/mQ9gMUqcPCnv7QkNqFO9bQtjKCN9jdzZzhDxx6NebN9qkJM1voXk72Jej15IsdlRoZD_2goeud12zhsz/gen800wb.jpg HTTP/1.1" 404 43
2026-06-02 19:05:14,038 DEBUG Пропуск https://s11.auto.drom.ru/photo/v2/mQ9gMUqcPCnv7QkNqFO9bQtjKCN9jdzZzhDxx6NebN9qkJM1voXk72Jej15IsdlRoZD_2goeud12zhsz/gen800wb.jpg: status=404, ct='image/gif; charset=windows-1251'
2026-06-02 19:05:14,040 DEBUG Starting new HTTPS connection (68): s11.auto.drom.ru:443
2026-06-02 19:05:14,067 DEBUG https://s11.auto.drom.ru:443 "GET /photo/v2/cSOUZ0fa8R5yv7-2ykvYduKM9ok3c4ZNg95J8dyiXsANHIacq0vZVEziBlmn3iApK1DHZYC_QKEx7jS3/gen1200wb.jpg HTTP/1.1" 404 43
2026-06-02 19:05:14,068 DEBUG Пропуск https://s11.auto.drom.ru/photo/v2/cSOUZ0fa8R5yv7-2ykvYduKM9ok3c4ZNg95J8dyiXsANHIacq0vZVEziBlmn3iApK1DHZYC_QKEx7jS3/gen1200wb.jpg: status=404, ct='image/gif; charset=windows-1251'
2026-06-02 19:05:14,073 DEBUG Starting new HTTPS connection (69): s11.auto.drom.ru:443
2026-06-02 19:05:14,257 DEBUG https://s11.auto.drom.ru:443 "GET /photo/v2/K6PsvnrOGpd6S3wNxfIdtsXSfvrDy3ap5y4dzhsska7MPA1hZPa5jw_fDRsoTrOpTXjO_i1agJ2B18ne/gen800wb.jpg HTTP/1.1" 404 43
2026-06-02 19:05:14,257 DEBUG Пропуск https://s11.auto.drom.ru/photo/v2/K6PsvnrOGpd6S3wNxfIdtsXSfvrDy3ap5y4dzhsska7MPA1hZPa5jw_fDRsoTrOpTXjO_i1agJ2B18ne/gen800wb.jpg: status=404, ct='image/gif; charset=windows-1251'
2026-06-02 19:05:14,260 DEBUG Starting new HTTPS connection (70): s11.auto.drom.ru:443
2026-06-02 19:05:14,268 DEBUG https://s11.auto.drom.ru:443 "GET /photo/v2/MpkH5qe7O3miV6RQtgXGFcS_woKUSipajVAw3HXP151x63kKGtwKZwkQNKTncqIu1R5ZMYTxQOBdI53W/gen800wb.jpg HTTP/1.1" 404 43
2026-06-02 19:05:14,269 DEBUG Пропуск https://s11.auto.drom.ru/photo/v2/MpkH5qe7O3miV6RQtgXGFcS_woKUSipajVAw3HXP151x63kKGtwKZwkQNKTncqIu1R5ZMYTxQOBdI53W/gen800wb.jpg: status=404, ct='image/gif; charset=windows-1251'
2026-06-02 19:05:14,270 DEBUG Starting new HTTPS connection (71): s11.auto.drom.ru:443
2026-06-02 19:05:14,327 DEBUG Ошибка https://s11.auto.drom.ru/photo/v2/kW1NhIup1hnzsxEsGyfhkf1dAIfbvY453a9gdcZwGxTT2DqowISVhxDe8q4rTg6HOX138vF7l6DclhXE/gen800wb.jpg: HTTPSConnectionPool(host='s11.auto.drom.ru', port=443): Max retries exceeded with url: /photo/v2/kW1NhIup1hnzsxEsGyfhkf1dAIfbvY453a9gdcZwGxTT2DqowISVhxDe8q4rTg6HOX138vF7l6DclhXE/gen800wb.jpg (Caused by SSLError(SSLEOFError(8, '[SSL: UNEXPECTED_EOF_WHILE_READING] EOF occurred in violation of protocol (_ssl.c:1032)')))
2026-06-02 19:05:14,329 DEBUG Starting new HTTPS connection (72): s11.auto.drom.ru:443
2026-06-02 19:05:14,357 DEBUG Ошибка https://s11.auto.drom.ru/photo/v2/emG1uYqnsmMQKdWMWg8P6pqFppZQlY36o_rK3gAfRlpHnz0by9eVtJBaGxnImoEurac7fCUzI98jYzqr/gen800wb.jpg: HTTPSConnectionPool(host='s11.auto.drom.ru', port=443): Max retries exceeded with url: /photo/v2/emG1uYqnsmMQKdWMWg8P6pqFppZQlY36o_rK3gAfRlpHnz0by9eVtJBaGxnImoEurac7fCUzI98jYzqr/gen800wb.jpg (Caused by SSLError(SSLEOFError(8, '[SSL: UNEXPECTED_EOF_WHILE_READING] EOF occurred in violation of protocol (_ssl.c:1032)')))
2026-06-02 19:05:14,358 DEBUG Starting new HTTPS connection (73): s11.auto.drom.ru:443
2026-06-02 19:05:14,383 DEBUG https://s11.auto.drom.ru:443 "GET /photo/v2/kW1NhIup1hnzsxEsGyfhkf1dAIfbvY453a9gdcZwGxTT2DqowISVhxDe8q4rTg6HOX138vF7l6DclhXE/gen1200wb.jpg HTTP/1.1" 404 43
2026-06-02 19:05:14,385 DEBUG Пропуск https://s11.auto.drom.ru/photo/v2/kW1NhIup1hnzsxEsGyfhkf1dAIfbvY453a9gdcZwGxTT2DqowISVhxDe8q4rTg6HOX138vF7l6DclhXE/gen1200wb.jpg: status=404, ct='image/gif; charset=windows-1251'
2026-06-02 19:05:14,387 DEBUG Starting new HTTPS connection (74): s11.auto.drom.ru:443
2026-06-02 19:05:14,451 DEBUG https://s11.auto.drom.ru:443 "GET /photo/v2/mQ9gMUqcPCnv7QkNqFO9bQtjKCN9jdzZzhDxx6NebN9qkJM1voXk72Jej15IsdlRoZD_2goeud12zhsz/gen1200wb.jpg HTTP/1.1" 404 43
2026-06-02 19:05:14,453 DEBUG Пропуск https://s11.auto.drom.ru/photo/v2/mQ9gMUqcPCnv7QkNqFO9bQtjKCN9jdzZzhDxx6NebN9qkJM1voXk72Jej15IsdlRoZD_2goeud12zhsz/gen1200wb.jpg: status=404, ct='image/gif; charset=windows-1251'
2026-06-02 19:05:14,455 DEBUG Starting new HTTPS connection (75): s11.auto.drom.ru:443
2026-06-02 19:05:14,476 DEBUG https://s11.auto.drom.ru:443 "GET /photo/v2/rfAtIwm5HVvh0W75K1h7SIuormn-9IubuWHvqtnuML5pYmL9t2i2F9qAF-MutWMZl-sETbANvMpU0oI1/gen800wb.jpg HTTP/1.1" 404 43
2026-06-02 19:05:14,476 DEBUG Пропуск https://s11.auto.drom.ru/photo/v2/rfAtIwm5HVvh0W75K1h7SIuormn-9IubuWHvqtnuML5pYmL9t2i2F9qAF-MutWMZl-sETbANvMpU0oI1/gen800wb.jpg: status=404, ct='image/gif; charset=windows-1251'
2026-06-02 19:05:14,477 DEBUG Starting new HTTPS connection (76): s11.auto.drom.ru:443
2026-06-02 19:05:14,616 DEBUG https://s11.auto.drom.ru:443 "GET /photo/v2/kW1NhIup1hnzsxEsGyfhkf1dAIfbvY453a9gdcZwGxTT2DqowISVhxDe8q4rTg6HOX138vF7l6DclhXE/gen1200wb.jpg HTTP/1.1" 404 43
2026-06-02 19:05:14,616 DEBUG Пропуск https://s11.auto.drom.ru/photo/v2/kW1NhIup1hnzsxEsGyfhkf1dAIfbvY453a9gdcZwGxTT2DqowISVhxDe8q4rTg6HOX138vF7l6DclhXE/gen1200wb.jpg: status=404, ct='image/gif; charset=windows-1251'
2026-06-02 19:05:14,621 DEBUG Starting new HTTPS connection (77): s11.auto.drom.ru:443
2026-06-02 19:05:14,646 DEBUG https://s11.auto.drom.ru:443 "GET /photo/v2/MpkH5qe7O3miV6RQtgXGFcS_woKUSipajVAw3HXP151x63kKGtwKZwkQNKTncqIu1R5ZMYTxQOBdI53W/gen1200wb.jpg HTTP/1.1" 404 43
2026-06-02 19:05:14,647 DEBUG Пропуск https://s11.auto.drom.ru/photo/v2/MpkH5qe7O3miV6RQtgXGFcS_woKUSipajVAw3HXP151x63kKGtwKZwkQNKTncqIu1R5ZMYTxQOBdI53W/gen1200wb.jpg: status=404, ct='image/gif; charset=windows-1251'
2026-06-02 19:05:14,650 DEBUG Starting new HTTPS connection (78): s11.auto.drom.ru:443
2026-06-02 19:05:14,689 DEBUG https://s11.auto.drom.ru:443 "GET /photo/v2/rfAtIwm5HVvh0W75K1h7SIuormn-9IubuWHvqtnuML5pYmL9t2i2F9qAF-MutWMZl-sETbANvMpU0oI1/gen800wb.jpg HTTP/1.1" 404 43
2026-06-02 19:05:14,690 DEBUG Пропуск https://s11.auto.drom.ru/photo/v2/rfAtIwm5HVvh0W75K1h7SIuormn-9IubuWHvqtnuML5pYmL9t2i2F9qAF-MutWMZl-sETbANvMpU0oI1/gen800wb.jpg: status=404, ct='image/gif; charset=windows-1251'
2026-06-02 19:05:14,690 DEBUG Starting new HTTPS connection (79): s11.auto.drom.ru:443
2026-06-02 19:05:14,708 DEBUG https://s11.auto.drom.ru:443 "GET /photo/v2/YGIpqCiFy2rDK1rTmEzixrFYaeR9bhsTwfWS4EtIPczrloBm1gL0Ex2zm64gGCcZwqjY6vLn7pC2n27Y/gen800wb.jpg HTTP/1.1" 404 43
2026-06-02 19:05:14,708 DEBUG Пропуск https://s11.auto.drom.ru/photo/v2/YGIpqCiFy2rDK1rTmEzixrFYaeR9bhsTwfWS4EtIPczrloBm1gL0Ex2zm64gGCcZwqjY6vLn7pC2n27Y/gen800wb.jpg: status=404, ct='image/gif; charset=windows-1251'
2026-06-02 19:05:14,709 DEBUG Starting new HTTPS connection (80): s11.auto.drom.ru:443
2026-06-02 19:05:14,734 DEBUG https://s11.auto.drom.ru:443 "GET /photo/v2/rfAtIwm5HVvh0W75K1h7SIuormn-9IubuWHvqtnuML5pYmL9t2i2F9qAF-MutWMZl-sETbANvMpU0oI1/gen1200wb.jpg HTTP/1.1" 404 43
2026-06-02 19:05:14,735 DEBUG Пропуск https://s11.auto.drom.ru/photo/v2/rfAtIwm5HVvh0W75K1h7SIuormn-9IubuWHvqtnuML5pYmL9t2i2F9qAF-MutWMZl-sETbANvMpU0oI1/gen1200wb.jpg: status=404, ct='image/gif; charset=windows-1251'
2026-06-02 19:05:14,737 DEBUG Starting new HTTPS connection (81): s11.auto.drom.ru:443
2026-06-02 19:05:14,741 DEBUG https://s11.auto.drom.ru:443 "GET /photo/v2/1lAk2f4jEYpjj-3982c7Q0_g9TnDccCXFo1ycL5pRCTKUV6ZhHrxG_n7WiG4SCDj3_MFVd6SKp68KQIT/gen800wb.jpg HTTP/1.1" 404 43
2026-06-02 19:05:14,742 DEBUG Пропуск https://s11.auto.drom.ru/photo/v2/1lAk2f4jEYpjj-3982c7Q0_g9TnDccCXFo1ycL5pRCTKUV6ZhHrxG_n7WiG4SCDj3_MFVd6SKp68KQIT/gen800wb.jpg: status=404, ct='image/gif; charset=windows-1251'
2026-06-02 19:05:14,742 DEBUG Starting new HTTPS connection (82): s11.auto.drom.ru:443
2026-06-02 19:05:14,761 DEBUG https://s11.auto.drom.ru:443 "GET /photo/v2/OatqU6e1fr7caCNHeNCBncua4RHxNPV5l2v0V2quFbD0Ez7O_xsAgvsAeysaireTm85T2_n8FV8jZg6j/gen800wb.jpg HTTP/1.1" 404 43
2026-06-02 19:05:14,761 DEBUG Пропуск https://s11.auto.drom.ru/photo/v2/OatqU6e1fr7caCNHeNCBncua4RHxNPV5l2v0V2quFbD0Ez7O_xsAgvsAeysaireTm85T2_n8FV8jZg6j/gen800wb.jpg: status=404, ct='image/gif; charset=windows-1251'
2026-06-02 19:05:14,762 DEBUG Starting new HTTPS connection (83): s11.auto.drom.ru:443
2026-06-02 19:05:14,768 DEBUG Ошибка https://s11.auto.drom.ru/photo/v2/d9lwPV2qGa3J_MctOcjpNEpKWdLuqbdPdr4YPmHl0msfjONVS7vKxGsw1s4nFJHJAhd2Gd_JzVM4_WkJ/gen1200wb.jpg: HTTPSConnectionPool(host='s11.auto.drom.ru', port=443): Max retries exceeded with url: /photo/v2/d9lwPV2qGa3J_MctOcjpNEpKWdLuqbdPdr4YPmHl0msfjONVS7vKxGsw1s4nFJHJAhd2Gd_JzVM4_WkJ/gen1200wb.jpg (Caused by SSLError(SSLEOFError(8, '[SSL: UNEXPECTED_EOF_WHILE_READING] EOF occurred in violation of protocol (_ssl.c:1032)')))
2026-06-02 19:05:14,768 DEBUG Starting new HTTPS connection (84): s11.auto.drom.ru:443
2026-06-02 19:05:14,909 DEBUG https://s11.auto.drom.ru:443 "GET /photo/v2/rfAtIwm5HVvh0W75K1h7SIuormn-9IubuWHvqtnuML5pYmL9t2i2F9qAF-MutWMZl-sETbANvMpU0oI1/gen1200wb.jpg HTTP/1.1" 404 43
2026-06-02 19:05:14,912 DEBUG Пропуск https://s11.auto.drom.ru/photo/v2/rfAtIwm5HVvh0W75K1h7SIuormn-9IubuWHvqtnuML5pYmL9t2i2F9qAF-MutWMZl-sETbANvMpU0oI1/gen1200wb.jpg: status=404, ct='image/gif; charset=windows-1251'
2026-06-02 19:05:14,916 DEBUG Starting new HTTPS connection (85): s11.auto.drom.ru:443
2026-06-02 19:05:14,959 DEBUG https://s11.auto.drom.ru:443 "GET /photo/v2/emG1uYqnsmMQKdWMWg8P6pqFppZQlY36o_rK3gAfRlpHnz0by9eVtJBaGxnImoEurac7fCUzI98jYzqr/gen1200wb.jpg HTTP/1.1" 404 43
2026-06-02 19:05:14,959 DEBUG Пропуск https://s11.auto.drom.ru/photo/v2/emG1uYqnsmMQKdWMWg8P6pqFppZQlY36o_rK3gAfRlpHnz0by9eVtJBaGxnImoEurac7fCUzI98jYzqr/gen1200wb.jpg: status=404, ct='image/gif; charset=windows-1251'
2026-06-02 19:05:14,960 DEBUG Starting new HTTPS connection (86): s11.auto.drom.ru:443
2026-06-02 19:05:14,993 DEBUG https://s11.auto.drom.ru:443 "GET /photo/v2/1lAk2f4jEYpjj-3982c7Q0_g9TnDccCXFo1ycL5pRCTKUV6ZhHrxG_n7WiG4SCDj3_MFVd6SKp68KQIT/gen1200wb.jpg HTTP/1.1" 404 43
2026-06-02 19:05:14,994 DEBUG Пропуск https://s11.auto.drom.ru/photo/v2/1lAk2f4jEYpjj-3982c7Q0_g9TnDccCXFo1ycL5pRCTKUV6ZhHrxG_n7WiG4SCDj3_MFVd6SKp68KQIT/gen1200wb.jpg: status=404, ct='image/gif; charset=windows-1251'
2026-06-02 19:05:14,996 DEBUG https://s11.auto.drom.ru:443 "GET /photo/v2/OatqU6e1fr7caCNHeNCBncua4RHxNPV5l2v0V2quFbD0Ez7O_xsAgvsAeysaireTm85T2_n8FV8jZg6j/gen1200wb.jpg HTTP/1.1" 404 43
2026-06-02 19:05:14,997 DEBUG Пропуск https://s11.auto.drom.ru/photo/v2/OatqU6e1fr7caCNHeNCBncua4RHxNPV5l2v0V2quFbD0Ez7O_xsAgvsAeysaireTm85T2_n8FV8jZg6j/gen1200wb.jpg: status=404, ct='image/gif; charset=windows-1251'
2026-06-02 19:05:14,997 DEBUG Starting new HTTPS connection (87): s11.auto.drom.ru:443
2026-06-02 19:05:15,000 DEBUG Starting new HTTPS connection (88): s11.auto.drom.ru:443
2026-06-02 19:05:15,032 DEBUG https://s11.auto.drom.ru:443 "GET /photo/v2/YGIpqCiFy2rDK1rTmEzixrFYaeR9bhsTwfWS4EtIPczrloBm1gL0Ex2zm64gGCcZwqjY6vLn7pC2n27Y/gen1200wb.jpg HTTP/1.1" 404 43
2026-06-02 19:05:15,034 DEBUG Пропуск https://s11.auto.drom.ru/photo/v2/YGIpqCiFy2rDK1rTmEzixrFYaeR9bhsTwfWS4EtIPczrloBm1gL0Ex2zm64gGCcZwqjY6vLn7pC2n27Y/gen1200wb.jpg: status=404, ct='image/gif; charset=windows-1251'
2026-06-02 19:05:15,036 DEBUG Starting new HTTPS connection (89): s11.auto.drom.ru:443
2026-06-02 19:05:15,044 DEBUG https://s11.auto.drom.ru:443 "GET /photo/v2/K6PsvnrOGpd6S3wNxfIdtsXSfvrDy3ap5y4dzhsska7MPA1hZPa5jw_fDRsoTrOpTXjO_i1agJ2B18ne/gen1200wb.jpg HTTP/1.1" 404 43
2026-06-02 19:05:15,047 DEBUG Пропуск https://s11.auto.drom.ru/photo/v2/K6PsvnrOGpd6S3wNxfIdtsXSfvrDy3ap5y4dzhsska7MPA1hZPa5jw_fDRsoTrOpTXjO_i1agJ2B18ne/gen1200wb.jpg: status=404, ct='image/gif; charset=windows-1251'
2026-06-02 19:05:15,098 DEBUG https://s11.auto.drom.ru:443 "GET /photo/v2/vf4ASXdGfUu_Fpx-IGRuby1BTLXMfx9BafGvmjQMcjA8R7QUZSmv6i3lyrLd5hXWwbc_zLqCXJiHXZmT/gen800wb.jpg HTTP/1.1" 404 43
2026-06-02 19:05:15,098 DEBUG Пропуск https://s11.auto.drom.ru/photo/v2/vf4ASXdGfUu_Fpx-IGRuby1BTLXMfx9BafGvmjQMcjA8R7QUZSmv6i3lyrLd5hXWwbc_zLqCXJiHXZmT/gen800wb.jpg: status=404, ct='image/gif; charset=windows-1251'
2026-06-02 19:05:15,100 DEBUG Starting new HTTPS connection (90): s11.auto.drom.ru:443
2026-06-02 19:05:15,154 DEBUG https://s11.auto.drom.ru:443 "GET /photo/v2/6pacJM1nn0Ahq2M5r78THTYblabsIqVxatxcGYgdLBh6wpjp6Qsrc1GqjHn37_m95GJHVYFqZ2lwkRUM/gen800wb.jpg HTTP/1.1" 404 43
2026-06-02 19:05:15,155 DEBUG Пропуск https://s11.auto.drom.ru/photo/v2/6pacJM1nn0Ahq2M5r78THTYblabsIqVxatxcGYgdLBh6wpjp6Qsrc1GqjHn37_m95GJHVYFqZ2lwkRUM/gen800wb.jpg: status=404, ct='image/gif; charset=windows-1251'
2026-06-02 19:05:15,156 DEBUG Starting new HTTPS connection (91): s11.auto.drom.ru:443
2026-06-02 19:05:15,161 DEBUG https://s11.auto.drom.ru:443 "GET /photo/v2/vf4ASXdGfUu_Fpx-IGRuby1BTLXMfx9BafGvmjQMcjA8R7QUZSmv6i3lyrLd5hXWwbc_zLqCXJiHXZmT/gen800wb.jpg HTTP/1.1" 404 43
2026-06-02 19:05:15,162 DEBUG Пропуск https://s11.auto.drom.ru/photo/v2/vf4ASXdGfUu_Fpx-IGRuby1BTLXMfx9BafGvmjQMcjA8R7QUZSmv6i3lyrLd5hXWwbc_zLqCXJiHXZmT/gen800wb.jpg: status=404, ct='image/gif; charset=windows-1251'
2026-06-02 19:05:15,163 DEBUG Starting new HTTPS connection (92): s11.auto.drom.ru:443
2026-06-02 19:05:15,242 DEBUG https://s11.auto.drom.ru:443 "GET /photo/v2/bvHotmm2kfDL4cMkGWVLlB1lbWkNRkWqyvCPpdg-MOGR_K_Rq2pATE694QCDqIAY36FDJkGUlw-MbE4U/gen800wb.jpg HTTP/1.1" 404 43
2026-06-02 19:05:15,243 DEBUG Пропуск https://s11.auto.drom.ru/photo/v2/bvHotmm2kfDL4cMkGWVLlB1lbWkNRkWqyvCPpdg-MOGR_K_Rq2pATE694QCDqIAY36FDJkGUlw-MbE4U/gen800wb.jpg: status=404, ct='image/gif; charset=windows-1251'
2026-06-02 19:05:15,246 DEBUG Starting new HTTPS connection (93): s11.auto.drom.ru:443
2026-06-02 19:05:15,255 DEBUG https://s11.auto.drom.ru:443 "GET /photo/v2/T3XyEkcpk2srGCY3wp1AGT5L8gITPd-iBIw63IyO3n5mHa-UsS3RZdf9b4NNYJDHg0d3vFjozkivE7QF/gen800wb.jpg HTTP/1.1" 404 43
2026-06-02 19:05:15,256 DEBUG Пропуск https://s11.auto.drom.ru/photo/v2/T3XyEkcpk2srGCY3wp1AGT5L8gITPd-iBIw63IyO3n5mHa-UsS3RZdf9b4NNYJDHg0d3vFjozkivE7QF/gen800wb.jpg: status=404, ct='image/gif; charset=windows-1251'
2026-06-02 19:05:15,257 DEBUG Starting new HTTPS connection (94): s11.auto.drom.ru:443
2026-06-02 19:05:15,266 DEBUG https://s11.auto.drom.ru:443 "GET /photo/v2/vf4ASXdGfUu_Fpx-IGRuby1BTLXMfx9BafGvmjQMcjA8R7QUZSmv6i3lyrLd5hXWwbc_zLqCXJiHXZmT/gen1200wb.jpg HTTP/1.1" 404 43
2026-06-02 19:05:15,267 DEBUG Пропуск https://s11.auto.drom.ru/photo/v2/vf4ASXdGfUu_Fpx-IGRuby1BTLXMfx9BafGvmjQMcjA8R7QUZSmv6i3lyrLd5hXWwbc_zLqCXJiHXZmT/gen1200wb.jpg: status=404, ct='image/gif; charset=windows-1251'
2026-06-02 19:05:15,312 DEBUG https://s11.auto.drom.ru:443 "GET /photo/v2/vf4ASXdGfUu_Fpx-IGRuby1BTLXMfx9BafGvmjQMcjA8R7QUZSmv6i3lyrLd5hXWwbc_zLqCXJiHXZmT/gen1200wb.jpg HTTP/1.1" 404 43
2026-06-02 19:05:15,313 DEBUG Пропуск https://s11.auto.drom.ru/photo/v2/vf4ASXdGfUu_Fpx-IGRuby1BTLXMfx9BafGvmjQMcjA8R7QUZSmv6i3lyrLd5hXWwbc_zLqCXJiHXZmT/gen1200wb.jpg: status=404, ct='image/gif; charset=windows-1251'
2026-06-02 19:05:15,340 DEBUG https://s11.auto.drom.ru:443 "GET /photo/v2/FuAlVNch1vtmgulZGl0tu87LOIUynR5xLeakBPFxdWr9rFAHIyPyD2lfpdEX3-qd9Bwo924Pe1xkAho7/gen800wb.jpg HTTP/1.1" 404 43
2026-06-02 19:05:15,340 DEBUG Пропуск https://s11.auto.drom.ru/photo/v2/FuAlVNch1vtmgulZGl0tu87LOIUynR5xLeakBPFxdWr9rFAHIyPyD2lfpdEX3-qd9Bwo924Pe1xkAho7/gen800wb.jpg: status=404, ct='image/gif; charset=windows-1251'
2026-06-02 19:05:15,341 DEBUG Starting new HTTPS connection (95): s11.auto.drom.ru:443
2026-06-02 19:05:15,444 DEBUG https://s11.auto.drom.ru:443 "GET /photo/v2/6pacJM1nn0Ahq2M5r78THTYblabsIqVxatxcGYgdLBh6wpjp6Qsrc1GqjHn37_m95GJHVYFqZ2lwkRUM/gen1200wb.jpg HTTP/1.1" 404 43
2026-06-02 19:05:15,447 DEBUG Пропуск https://s11.auto.drom.ru/photo/v2/6pacJM1nn0Ahq2M5r78THTYblabsIqVxatxcGYgdLBh6wpjp6Qsrc1GqjHn37_m95GJHVYFqZ2lwkRUM/gen1200wb.jpg: status=404, ct='image/gif; charset=windows-1251'
2026-06-02 19:05:15,471 DEBUG https://s11.auto.drom.ru:443 "GET /photo/v2/bvHotmm2kfDL4cMkGWVLlB1lbWkNRkWqyvCPpdg-MOGR_K_Rq2pATE694QCDqIAY36FDJkGUlw-MbE4U/gen1200wb.jpg HTTP/1.1" 404 43
2026-06-02 19:05:15,473 DEBUG Пропуск https://s11.auto.drom.ru/photo/v2/bvHotmm2kfDL4cMkGWVLlB1lbWkNRkWqyvCPpdg-MOGR_K_Rq2pATE694QCDqIAY36FDJkGUlw-MbE4U/gen1200wb.jpg: status=404, ct='image/gif; charset=windows-1251'
2026-06-02 19:05:15,523 DEBUG https://s11.auto.drom.ru:443 "GET /photo/v2/FuAlVNch1vtmgulZGl0tu87LOIUynR5xLeakBPFxdWr9rFAHIyPyD2lfpdEX3-qd9Bwo924Pe1xkAho7/gen1200wb.jpg HTTP/1.1" 404 43
2026-06-02 19:05:15,527 DEBUG Пропуск https://s11.auto.drom.ru/photo/v2/FuAlVNch1vtmgulZGl0tu87LOIUynR5xLeakBPFxdWr9rFAHIyPyD2lfpdEX3-qd9Bwo924Pe1xkAho7/gen1200wb.jpg: status=404, ct='image/gif; charset=windows-1251'
2026-06-02 19:05:15,715 DEBUG https://s11.auto.drom.ru:443 "GET /photo/v2/HsHHkvaKsNZbH9AHVAdWis8EYD6Ri1y73hGySI40UXzDliO6psYdnlt3imsQF2Y-3x-RdDEC76_8spkZ/gen800wb.jpg HTTP/1.1" 404 43
2026-06-02 19:05:15,716 DEBUG Пропуск https://s11.auto.drom.ru/photo/v2/HsHHkvaKsNZbH9AHVAdWis8EYD6Ri1y73hGySI40UXzDliO6psYdnlt3imsQF2Y-3x-RdDEC76_8spkZ/gen800wb.jpg: status=404, ct='image/gif; charset=windows-1251'
2026-06-02 19:05:15,719 DEBUG Starting new HTTPS connection (96): s11.auto.drom.ru:443
2026-06-02 19:05:15,954 DEBUG https://s11.auto.drom.ru:443 "GET /photo/v2/T3XyEkcpk2srGCY3wp1AGT5L8gITPd-iBIw63IyO3n5mHa-UsS3RZdf9b4NNYJDHg0d3vFjozkivE7QF/gen1200wb.jpg HTTP/1.1" 404 43
2026-06-02 19:05:15,956 DEBUG Пропуск https://s11.auto.drom.ru/photo/v2/T3XyEkcpk2srGCY3wp1AGT5L8gITPd-iBIw63IyO3n5mHa-UsS3RZdf9b4NNYJDHg0d3vFjozkivE7QF/gen1200wb.jpg: status=404, ct='image/gif; charset=windows-1251'
2026-06-02 19:05:15,966 DEBUG https://s11.auto.drom.ru:443 "GET /photo/v2/HsHHkvaKsNZbH9AHVAdWis8EYD6Ri1y73hGySI40UXzDliO6psYdnlt3imsQF2Y-3x-RdDEC76_8spkZ/gen1200wb.jpg HTTP/1.1" 404 43
2026-06-02 19:05:15,967 DEBUG Пропуск https://s11.auto.drom.ru/photo/v2/HsHHkvaKsNZbH9AHVAdWis8EYD6Ri1y73hGySI40UXzDliO6psYdnlt3imsQF2Y-3x-RdDEC76_8spkZ/gen1200wb.jpg: status=404, ct='image/gif; charset=windows-1251'
2026-06-02 19:05:15,969 INFO [intact] Скачано: 150/198
2026-06-02 19:05:15,970 INFO 
Готово! Структура:
2026-06-02 19:05:15,971 INFO   data/intact/: 258 фото
