2026-06-05 17:43:22,869 INFO Дубликатов не найдено
2026-06-05 17:43:22,869 INFO Прогресс: 0/307 файлов
2026-06-05 17:43:22,874 DEBUG tag: Orientation (274) - type: short (3) - value: b'\x00\x01'
2026-06-05 17:43:22,874 DEBUG tag: XResolution (282) - type: rational (5) Tag Location: 34 - Data Location: 108 - value: b'\x00\x00\x00H\x00\x00\x00\x01'
2026-06-05 17:43:22,874 DEBUG tag: YResolution (283) - type: rational (5) Tag Location: 46 - Data Location: 116 - value: b'\x00\x00\x00H\x00\x00\x00\x01'
2026-06-05 17:43:22,874 DEBUG tag: ResolutionUnit (296) - type: short (3) - value: b'\x00\x02'
2026-06-05 17:43:22,874 DEBUG tag: Copyright (33432) - type: string (2) Tag Location: 70 - Data Location: 86 - value: b'\xc2\xa9 Drom.ru #802260543\x00'
2026-06-05 17:43:22,874 DEBUG tag: ExifIFD (34665) - type: long (4) - value: b'\x00\x00\x00|'
2026-06-05 17:43:22,940 DEBUG Importing AvifImagePlugin
2026-06-05 17:43:22,943 DEBUG Importing BlpImagePlugin
2026-06-05 17:43:22,943 DEBUG Importing BmpImagePlugin
2026-06-05 17:43:22,943 DEBUG Importing BufrStubImagePlugin
2026-06-05 17:43:22,943 DEBUG Importing CurImagePlugin
2026-06-05 17:43:22,943 DEBUG Importing DcxImagePlugin
2026-06-05 17:43:22,943 DEBUG Importing DdsImagePlugin
2026-06-05 17:43:22,945 DEBUG Importing EpsImagePlugin
2026-06-05 17:43:22,945 DEBUG Importing FitsImagePlugin
2026-06-05 17:43:22,945 DEBUG Importing FliImagePlugin
2026-06-05 17:43:22,945 DEBUG Importing FpxImagePlugin
2026-06-05 17:43:22,945 DEBUG Image: failed to import FpxImagePlugin: No module named 'olefile'
2026-06-05 17:43:22,945 DEBUG Importing FtexImagePlugin
2026-06-05 17:43:22,945 DEBUG Importing GbrImagePlugin
2026-06-05 17:43:22,945 DEBUG Importing GifImagePlugin
2026-06-05 17:43:22,946 DEBUG Importing GribStubImagePlugin
2026-06-05 17:43:22,946 DEBUG Importing Hdf5StubImagePlugin
2026-06-05 17:43:22,946 DEBUG Importing IcnsImagePlugin
2026-06-05 17:43:22,946 DEBUG Importing IcoImagePlugin
2026-06-05 17:43:22,947 DEBUG Importing ImImagePlugin
2026-06-05 17:43:22,947 DEBUG Importing ImtImagePlugin
2026-06-05 17:43:22,947 DEBUG Importing IptcImagePlugin
2026-06-05 17:43:22,947 DEBUG Importing JpegImagePlugin
2026-06-05 17:43:22,947 DEBUG Importing Jpeg2KImagePlugin
2026-06-05 17:43:22,947 DEBUG Importing McIdasImagePlugin
2026-06-05 17:43:22,947 DEBUG Importing MicImagePlugin
2026-06-05 17:43:22,947 DEBUG Image: failed to import MicImagePlugin: No module named 'olefile'
2026-06-05 17:43:22,947 DEBUG Importing MpegImagePlugin
2026-06-05 17:43:22,948 DEBUG Importing MpoImagePlugin
2026-06-05 17:43:22,948 DEBUG Importing MspImagePlugin
2026-06-05 17:43:22,948 DEBUG Importing PalmImagePlugin
2026-06-05 17:43:22,948 DEBUG Importing PcdImagePlugin
2026-06-05 17:43:22,948 DEBUG Importing PcxImagePlugin
2026-06-05 17:43:22,948 DEBUG Importing PdfImagePlugin
2026-06-05 17:43:22,952 DEBUG Importing PixarImagePlugin
2026-06-05 17:43:22,952 DEBUG Importing PngImagePlugin
2026-06-05 17:43:22,952 DEBUG Importing PpmImagePlugin
2026-06-05 17:43:22,952 DEBUG Importing PsdImagePlugin
2026-06-05 17:43:22,952 DEBUG Importing QoiImagePlugin
2026-06-05 17:43:22,952 DEBUG Importing SgiImagePlugin
2026-06-05 17:43:22,952 DEBUG Importing SpiderImagePlugin
2026-06-05 17:43:22,952 DEBUG Importing SunImagePlugin
2026-06-05 17:43:22,953 DEBUG Importing TgaImagePlugin
2026-06-05 17:43:22,953 DEBUG Importing TiffImagePlugin
2026-06-05 17:43:22,953 DEBUG Importing WebPImagePlugin
2026-06-05 17:43:22,955 DEBUG Importing WmfImagePlugin
2026-06-05 17:43:22,955 DEBUG Importing XbmImagePlugin
2026-06-05 17:43:22,955 DEBUG Importing XpmImagePlugin
2026-06-05 17:43:22,955 DEBUG Importing XVThumbImagePlugin
2026-06-05 17:43:23,190 DEBUG tag: Orientation (274) - type: short (3) - value: b'\x00\x01'
2026-06-05 17:43:23,190 DEBUG tag: XResolution (282) - type: rational (5) Tag Location: 34 - Data Location: 108 - value: b'\x00\x00\x00H\x00\x00\x00\x01'
2026-06-05 17:43:23,190 DEBUG tag: YResolution (283) - type: rational (5) Tag Location: 46 - Data Location: 116 - value: b'\x00\x00\x00H\x00\x00\x00\x01'
2026-06-05 17:43:23,190 DEBUG tag: ResolutionUnit (296) - type: short (3) - value: b'\x00\x02'
2026-06-05 17:43:23,190 DEBUG tag: Copyright (33432) - type: string (2) Tag Location: 70 - Data Location: 86 - value: b'\xc2\xa9 Drom.ru #831043743\x00'
2026-06-05 17:43:23,190 DEBUG tag: ExifIFD (34665) - type: long (4) - value: b'\x00\x00\x00|'
2026-06-05 17:43:23,352 DEBUG tag: Orientation (274) - type: short (3) - value: b'\x00\x01'
2026-06-05 17:43:23,352 DEBUG tag: XResolution (282) - type: rational (5) Tag Location: 34 - Data Location: 108 - value: b'\x00\x00\x00H\x00\x00\x00\x01'
2026-06-05 17:43:23,352 DEBUG tag: YResolution (283) - type: rational (5) Tag Location: 46 - Data Location: 116 - value: b'\x00\x00\x00H\x00\x00\x00\x01'
2026-06-05 17:43:23,352 DEBUG tag: ResolutionUnit (296) - type: short (3) - value: b'\x00\x02'
2026-06-05 17:43:23,352 DEBUG tag: Copyright (33432) - type: string (2) Tag Location: 70 - Data Location: 86 - value: b'\xc2\xa9 Drom.ru #725270377\x00'
2026-06-05 17:43:23,352 DEBUG tag: ExifIFD (34665) - type: long (4) - value: b'\x00\x00\x00|'
2026-06-05 17:43:23,453 DEBUG tag: Orientation (274) - type: short (3) - value: b'\x00\x01'
2026-06-05 17:43:23,453 DEBUG tag: XResolution (282) - type: rational (5) Tag Location: 34 - Data Location: 108 - value: b'\x00\x00\x00H\x00\x00\x00\x01'
2026-06-05 17:43:23,453 DEBUG tag: YResolution (283) - type: rational (5) Tag Location: 46 - Data Location: 116 - value: b'\x00\x00\x00H\x00\x00\x00\x01'
2026-06-05 17:43:23,453 DEBUG tag: ResolutionUnit (296) - type: short (3) - value: b'\x00\x02'
2026-06-05 17:43:23,453 DEBUG tag: Copyright (33432) - type: string (2) Tag Location: 70 - Data Location: 86 - value: b'\xc2\xa9 Drom.ru #370738172\x00'
2026-06-05 17:43:23,453 DEBUG tag: ExifIFD (34665) - type: long (4) - value: b'\x00\x00\x00|'
2026-06-05 17:43:23,602 DEBUG tag: Orientation (274) - type: short (3) - value: b'\x01\x00'
2026-06-05 17:43:23,602 DEBUG tag: XResolution (282) - type: rational (5) Tag Location: 34 - Data Location: 74 - value: b'H\x00\x00\x00\x01\x00\x00\x00'
2026-06-05 17:43:23,602 DEBUG tag: YResolution (283) - type: rational (5) Tag Location: 46 - Data Location: 82 - value: b'H\x00\x00\x00\x01\x00\x00\x00'
2026-06-05 17:43:23,602 DEBUG tag: ResolutionUnit (296) - type: short (3) - value: b'\x02\x00'
2026-06-05 17:43:23,602 DEBUG tag: ExifIFD (34665) - type: long (4) - value: b'Z\x00\x00\x00'
2026-06-05 17:43:23,751 INFO Прогресс: 5/307 файлов
2026-06-05 17:43:23,751 DEBUG tag: Orientation (274) - type: short (3) - value: b'\x00\x01'
2026-06-05 17:43:23,751 DEBUG tag: XResolution (282) - type: rational (5) Tag Location: 34 - Data Location: 108 - value: b'\x00\x00\x00H\x00\x00\x00\x01'
2026-06-05 17:43:23,751 DEBUG tag: YResolution (283) - type: rational (5) Tag Location: 46 - Data Location: 116 - value: b'\x00\x00\x00H\x00\x00\x00\x01'
2026-06-05 17:43:23,751 DEBUG tag: ResolutionUnit (296) - type: short (3) - value: b'\x00\x02'
2026-06-05 17:43:23,751 DEBUG tag: Copyright (33432) - type: string (2) Tag Location: 70 - Data Location: 86 - value: b'\xc2\xa9 Drom.ru #345273959\x00'
2026-06-05 17:43:23,751 DEBUG tag: ExifIFD (34665) - type: long (4) - value: b'\x00\x00\x00|'
2026-06-05 17:43:23,894 DEBUG tag: Orientation (274) - type: short (3) - value: b'\x00\x01'
2026-06-05 17:43:23,894 DEBUG tag: XResolution (282) - type: rational (5) Tag Location: 34 - Data Location: 108 - value: b'\x00\x00\x00H\x00\x00\x00\x01'
2026-06-05 17:43:23,894 DEBUG tag: YResolution (283) - type: rational (5) Tag Location: 46 - Data Location: 116 - value: b'\x00\x00\x00H\x00\x00\x00\x01'
2026-06-05 17:43:23,894 DEBUG tag: ResolutionUnit (296) - type: short (3) - value: b'\x00\x02'
2026-06-05 17:43:23,894 DEBUG tag: Copyright (33432) - type: string (2) Tag Location: 70 - Data Location: 86 - value: b'\xc2\xa9 Drom.ru #324675637\x00'
2026-06-05 17:43:23,894 DEBUG tag: ExifIFD (34665) - type: long (4) - value: b'\x00\x00\x00|'
2026-06-05 17:43:24,216 DEBUG tag: Orientation (274) - type: short (3) - value: b'\x00\x01'
2026-06-05 17:43:24,216 DEBUG tag: XResolution (282) - type: rational (5) Tag Location: 34 - Data Location: 108 - value: b'\x00\x00\x00H\x00\x00\x00\x01'
2026-06-05 17:43:24,216 DEBUG tag: YResolution (283) - type: rational (5) Tag Location: 46 - Data Location: 116 - value: b'\x00\x00\x00H\x00\x00\x00\x01'
2026-06-05 17:43:24,216 DEBUG tag: ResolutionUnit (296) - type: short (3) - value: b'\x00\x02'
2026-06-05 17:43:24,216 DEBUG tag: Copyright (33432) - type: string (2) Tag Location: 70 - Data Location: 86 - value: b'\xc2\xa9 Drom.ru #851449083\x00'
2026-06-05 17:43:24,216 DEBUG tag: ExifIFD (34665) - type: long (4) - value: b'\x00\x00\x00|'
2026-06-05 17:43:24,350 DEBUG tag: Orientation (274) - type: short (3) - value: b'\x00\x01'
2026-06-05 17:43:24,350 DEBUG tag: XResolution (282) - type: rational (5) Tag Location: 34 - Data Location: 108 - value: b'\x00\x00\x00H\x00\x00\x00\x01'
2026-06-05 17:43:24,350 DEBUG tag: YResolution (283) - type: rational (5) Tag Location: 46 - Data Location: 116 - value: b'\x00\x00\x00H\x00\x00\x00\x01'
2026-06-05 17:43:24,350 DEBUG tag: ResolutionUnit (296) - type: short (3) - value: b'\x00\x02'
2026-06-05 17:43:24,350 DEBUG tag: Copyright (33432) - type: string (2) Tag Location: 70 - Data Location: 86 - value: b'\xc2\xa9 Drom.ru #598951445\x00'
2026-06-05 17:43:24,350 DEBUG tag: ExifIFD (34665) - type: long (4) - value: b'\x00\x00\x00|'
2026-06-05 17:43:24,490 DEBUG tag: Orientation (274) - type: short (3) - value: b'\x00\x01'
2026-06-05 17:43:24,490 DEBUG tag: XResolution (282) - type: rational (5) Tag Location: 34 - Data Location: 108 - value: b'\x00\x00\x00H\x00\x00\x00\x01'
2026-06-05 17:43:24,490 DEBUG tag: YResolution (283) - type: rational (5) Tag Location: 46 - Data Location: 116 - value: b'\x00\x00\x00H\x00\x00\x00\x01'
2026-06-05 17:43:24,490 DEBUG tag: ResolutionUnit (296) - type: short (3) - value: b'\x00\x02'
2026-06-05 17:43:24,490 DEBUG tag: Copyright (33432) - type: string (2) Tag Location: 70 - Data Location: 86 - value: b'\xc2\xa9 Drom.ru #475847968\x00'
2026-06-05 17:43:24,490 DEBUG tag: ExifIFD (34665) - type: long (4) - value: b'\x00\x00\x00|'
2026-06-05 17:43:24,633 INFO Прогресс: 10/307 файлов
2026-06-05 17:43:24,633 DEBUG tag: Orientation (274) - type: short (3) - value: b'\x00\x01'
2026-06-05 17:43:24,633 DEBUG tag: XResolution (282) - type: rational (5) Tag Location: 34 - Data Location: 108 - value: b'\x00\x00\x00H\x00\x00\x00\x01'
2026-06-05 17:43:24,633 DEBUG tag: YResolution (283) - type: rational (5) Tag Location: 46 - Data Location: 116 - value: b'\x00\x00\x00H\x00\x00\x00\x01'
2026-06-05 17:43:24,633 DEBUG tag: ResolutionUnit (296) - type: short (3) - value: b'\x00\x02'
2026-06-05 17:43:24,633 DEBUG tag: Copyright (33432) - type: string (2) Tag Location: 70 - Data Location: 86 - value: b'\xc2\xa9 Drom.ru #774615531\x00'
2026-06-05 17:43:24,633 DEBUG tag: ExifIFD (34665) - type: long (4) - value: b'\x00\x00\x00|'
2026-06-05 17:43:24,793 DEBUG tag: Orientation (274) - type: short (3) - value: b'\x00\x01'
2026-06-05 17:43:24,794 DEBUG tag: XResolution (282) - type: rational (5) Tag Location: 34 - Data Location: 108 - value: b'\x00\x00\x00H\x00\x00\x00\x01'
2026-06-05 17:43:24,794 DEBUG tag: YResolution (283) - type: rational (5) Tag Location: 46 - Data Location: 116 - value: b'\x00\x00\x00H\x00\x00\x00\x01'
2026-06-05 17:43:24,794 DEBUG tag: ResolutionUnit (296) - type: short (3) - value: b'\x00\x02'
2026-06-05 17:43:24,794 DEBUG tag: Copyright (33432) - type: string (2) Tag Location: 70 - Data Location: 86 - value: b'\xc2\xa9 Drom.ru #797196862\x00'
2026-06-05 17:43:24,794 DEBUG tag: ExifIFD (34665) - type: long (4) - value: b'\x00\x00\x00|'
2026-06-05 17:43:25,052 DEBUG tag: Orientation (274) - type: short (3) - value: b'\x00\x01'
2026-06-05 17:43:25,052 DEBUG tag: XResolution (282) - type: rational (5) Tag Location: 34 - Data Location: 108 - value: b'\x00\x00\x00H\x00\x00\x00\x01'
2026-06-05 17:43:25,052 DEBUG tag: YResolution (283) - type: rational (5) Tag Location: 46 - Data Location: 116 - value: b'\x00\x00\x00H\x00\x00\x00\x01'
2026-06-05 17:43:25,052 DEBUG tag: ResolutionUnit (296) - type: short (3) - value: b'\x00\x02'
2026-06-05 17:43:25,052 DEBUG tag: Copyright (33432) - type: string (2) Tag Location: 70 - Data Location: 86 - value: b'\xc2\xa9 Drom.ru #255126478\x00'
2026-06-05 17:43:25,052 DEBUG tag: ExifIFD (34665) - type: long (4) - value: b'\x00\x00\x00|'
2026-06-05 17:43:25,307 DEBUG tag: Orientation (274) - type: short (3) - value: b'\x00\x01'
2026-06-05 17:43:25,307 DEBUG tag: XResolution (282) - type: rational (5) Tag Location: 34 - Data Location: 108 - value: b'\x00\x00\x00H\x00\x00\x00\x01'
2026-06-05 17:43:25,307 DEBUG tag: YResolution (283) - type: rational (5) Tag Location: 46 - Data Location: 116 - value: b'\x00\x00\x00H\x00\x00\x00\x01'
2026-06-05 17:43:25,307 DEBUG tag: ResolutionUnit (296) - type: short (3) - value: b'\x00\x02'
2026-06-05 17:43:25,307 DEBUG tag: Copyright (33432) - type: string (2) Tag Location: 70 - Data Location: 86 - value: b'\xc2\xa9 Drom.ru #725270377\x00'
2026-06-05 17:43:25,307 DEBUG tag: ExifIFD (34665) - type: long (4) - value: b'\x00\x00\x00|'
2026-06-05 17:43:25,417 DEBUG tag: Orientation (274) - type: short (3) - value: b'\x00\x01'
2026-06-05 17:43:25,417 DEBUG tag: XResolution (282) - type: rational (5) Tag Location: 34 - Data Location: 108 - value: b'\x00\x00\x00H\x00\x00\x00\x01'
2026-06-05 17:43:25,417 DEBUG tag: YResolution (283) - type: rational (5) Tag Location: 46 - Data Location: 116 - value: b'\x00\x00\x00H\x00\x00\x00\x01'
2026-06-05 17:43:25,417 DEBUG tag: ResolutionUnit (296) - type: short (3) - value: b'\x00\x02'
2026-06-05 17:43:25,417 DEBUG tag: Copyright (33432) - type: string (2) Tag Location: 70 - Data Location: 86 - value: b'\xc2\xa9 Drom.ru #942620988\x00'
2026-06-05 17:43:25,417 DEBUG tag: ExifIFD (34665) - type: long (4) - value: b'\x00\x00\x00|'
2026-06-05 17:43:25,618 INFO Прогресс: 15/307 файлов
2026-06-05 17:43:25,618 DEBUG tag: Orientation (274) - type: short (3) - value: b'\x00\x01'
2026-06-05 17:43:25,618 DEBUG tag: XResolution (282) - type: rational (5) Tag Location: 34 - Data Location: 108 - value: b'\x00\x00\x00H\x00\x00\x00\x01'
2026-06-05 17:43:25,618 DEBUG tag: YResolution (283) - type: rational (5) Tag Location: 46 - Data Location: 116 - value: b'\x00\x00\x00H\x00\x00\x00\x01'
2026-06-05 17:43:25,618 DEBUG tag: ResolutionUnit (296) - type: short (3) - value: b'\x00\x02'
2026-06-05 17:43:25,618 DEBUG tag: Copyright (33432) - type: string (2) Tag Location: 70 - Data Location: 86 - value: b'\xc2\xa9 Drom.ru #702238367\x00'
2026-06-05 17:43:25,618 DEBUG tag: ExifIFD (34665) - type: long (4) - value: b'\x00\x00\x00|'
2026-06-05 17:43:25,787 DEBUG tag: Orientation (274) - type: short (3) - value: b'\x00\x01'
2026-06-05 17:43:25,787 DEBUG tag: XResolution (282) - type: rational (5) Tag Location: 34 - Data Location: 108 - value: b'\x00\x00\x00H\x00\x00\x00\x01'
2026-06-05 17:43:25,787 DEBUG tag: YResolution (283) - type: rational (5) Tag Location: 46 - Data Location: 116 - value: b'\x00\x00\x00H\x00\x00\x00\x01'
2026-06-05 17:43:25,787 DEBUG tag: ResolutionUnit (296) - type: short (3) - value: b'\x00\x02'
2026-06-05 17:43:25,787 DEBUG tag: Copyright (33432) - type: string (2) Tag Location: 70 - Data Location: 86 - value: b'\xc2\xa9 Drom.ru #770401579\x00'
2026-06-05 17:43:25,787 DEBUG tag: ExifIFD (34665) - type: long (4) - value: b'\x00\x00\x00|'
2026-06-05 17:43:26,033 DEBUG tag: Orientation (274) - type: short (3) - value: b'\x00\x01'
2026-06-05 17:43:26,033 DEBUG tag: XResolution (282) - type: rational (5) Tag Location: 34 - Data Location: 108 - value: b'\x00\x00\x00H\x00\x00\x00\x01'
2026-06-05 17:43:26,033 DEBUG tag: YResolution (283) - type: rational (5) Tag Location: 46 - Data Location: 116 - value: b'\x00\x00\x00H\x00\x00\x00\x01'
2026-06-05 17:43:26,033 DEBUG tag: ResolutionUnit (296) - type: short (3) - value: b'\x00\x02'
2026-06-05 17:43:26,033 DEBUG tag: Copyright (33432) - type: string (2) Tag Location: 70 - Data Location: 86 - value: b'\xc2\xa9 Drom.ru #125920489\x00'
2026-06-05 17:43:26,033 DEBUG tag: ExifIFD (34665) - type: long (4) - value: b'\x00\x00\x00|'
2026-06-05 17:43:26,190 DEBUG tag: Orientation (274) - type: short (3) - value: b'\x00\x01'
2026-06-05 17:43:26,190 DEBUG tag: XResolution (282) - type: rational (5) Tag Location: 34 - Data Location: 108 - value: b'\x00\x00\x00H\x00\x00\x00\x01'
2026-06-05 17:43:26,190 DEBUG tag: YResolution (283) - type: rational (5) Tag Location: 46 - Data Location: 116 - value: b'\x00\x00\x00H\x00\x00\x00\x01'
2026-06-05 17:43:26,190 DEBUG tag: ResolutionUnit (296) - type: short (3) - value: b'\x00\x02'
2026-06-05 17:43:26,190 DEBUG tag: Copyright (33432) - type: string (2) Tag Location: 70 - Data Location: 86 - value: b'\xc2\xa9 Drom.ru #637512505\x00'
2026-06-05 17:43:26,190 DEBUG tag: ExifIFD (34665) - type: long (4) - value: b'\x00\x00\x00|'
2026-06-05 17:43:26,349 DEBUG tag: Orientation (274) - type: short (3) - value: b'\x00\x01'
2026-06-05 17:43:26,349 DEBUG tag: XResolution (282) - type: rational (5) Tag Location: 34 - Data Location: 108 - value: b'\x00\x00\x00H\x00\x00\x00\x01'
2026-06-05 17:43:26,349 DEBUG tag: YResolution (283) - type: rational (5) Tag Location: 46 - Data Location: 116 - value: b'\x00\x00\x00H\x00\x00\x00\x01'
2026-06-05 17:43:26,349 DEBUG tag: ResolutionUnit (296) - type: short (3) - value: b'\x00\x02'
2026-06-05 17:43:26,349 DEBUG tag: Copyright (33432) - type: string (2) Tag Location: 70 - Data Location: 86 - value: b'\xc2\xa9 Drom.ru #294025544\x00'
2026-06-05 17:43:26,349 DEBUG tag: ExifIFD (34665) - type: long (4) - value: b'\x00\x00\x00|'
2026-06-05 17:43:26,503 INFO Прогресс: 20/307 файлов
2026-06-05 17:43:26,503 DEBUG tag: Orientation (274) - type: short (3) - value: b'\x00\x01'
2026-06-05 17:43:26,503 DEBUG tag: XResolution (282) - type: rational (5) Tag Location: 34 - Data Location: 108 - value: b'\x00\x00\x00H\x00\x00\x00\x01'
2026-06-05 17:43:26,503 DEBUG tag: YResolution (283) - type: rational (5) Tag Location: 46 - Data Location: 116 - value: b'\x00\x00\x00H\x00\x00\x00\x01'
2026-06-05 17:43:26,503 DEBUG tag: ResolutionUnit (296) - type: short (3) - value: b'\x00\x02'
2026-06-05 17:43:26,503 DEBUG tag: Copyright (33432) - type: string (2) Tag Location: 70 - Data Location: 86 - value: b'\xc2\xa9 Drom.ru #878965293\x00'
2026-06-05 17:43:26,503 DEBUG tag: ExifIFD (34665) - type: long (4) - value: b'\x00\x00\x00|'
2026-06-05 17:43:26,654 DEBUG tag: Orientation (274) - type: short (3) - value: b'\x00\x01'
2026-06-05 17:43:26,654 DEBUG tag: XResolution (282) - type: rational (5) Tag Location: 34 - Data Location: 108 - value: b'\x00\x00\x00H\x00\x00\x00\x01'
2026-06-05 17:43:26,654 DEBUG tag: YResolution (283) - type: rational (5) Tag Location: 46 - Data Location: 116 - value: b'\x00\x00\x00H\x00\x00\x00\x01'
2026-06-05 17:43:26,654 DEBUG tag: ResolutionUnit (296) - type: short (3) - value: b'\x00\x02'
2026-06-05 17:43:26,654 DEBUG tag: Copyright (33432) - type: string (2) Tag Location: 70 - Data Location: 86 - value: b'\xc2\xa9 Drom.ru #303224962\x00'
2026-06-05 17:43:26,654 DEBUG tag: ExifIFD (34665) - type: long (4) - value: b'\x00\x00\x00|'
2026-06-05 17:43:26,811 DEBUG tag: Orientation (274) - type: short (3) - value: b'\x00\x01'
2026-06-05 17:43:26,811 DEBUG tag: XResolution (282) - type: rational (5) Tag Location: 34 - Data Location: 108 - value: b'\x00\x00\x00H\x00\x00\x00\x01'
2026-06-05 17:43:26,811 DEBUG tag: YResolution (283) - type: rational (5) Tag Location: 46 - Data Location: 116 - value: b'\x00\x00\x00H\x00\x00\x00\x01'
2026-06-05 17:43:26,812 DEBUG tag: ResolutionUnit (296) - type: short (3) - value: b'\x00\x02'
2026-06-05 17:43:26,812 DEBUG tag: Copyright (33432) - type: string (2) Tag Location: 70 - Data Location: 86 - value: b'\xc2\xa9 Drom.ru #687259410\x00'
2026-06-05 17:43:26,812 DEBUG tag: ExifIFD (34665) - type: long (4) - value: b'\x00\x00\x00|'
2026-06-05 17:43:26,936 DEBUG tag: Orientation (274) - type: short (3) - value: b'\x00\x01'
2026-06-05 17:43:26,936 DEBUG tag: XResolution (282) - type: rational (5) Tag Location: 34 - Data Location: 108 - value: b'\x00\x00\x00H\x00\x00\x00\x01'
2026-06-05 17:43:26,936 DEBUG tag: YResolution (283) - type: rational (5) Tag Location: 46 - Data Location: 116 - value: b'\x00\x00\x00H\x00\x00\x00\x01'
2026-06-05 17:43:26,936 DEBUG tag: ResolutionUnit (296) - type: short (3) - value: b'\x00\x02'
2026-06-05 17:43:26,936 DEBUG tag: Copyright (33432) - type: string (2) Tag Location: 70 - Data Location: 86 - value: b'\xc2\xa9 Drom.ru #109898060\x00'
2026-06-05 17:43:26,936 DEBUG tag: ExifIFD (34665) - type: long (4) - value: b'\x00\x00\x00|'
2026-06-05 17:43:27,185 DEBUG tag: Orientation (274) - type: short (3) - value: b'\x00\x01'
2026-06-05 17:43:27,185 DEBUG tag: XResolution (282) - type: rational (5) Tag Location: 34 - Data Location: 108 - value: b'\x00\x00\x00H\x00\x00\x00\x01'
2026-06-05 17:43:27,185 DEBUG tag: YResolution (283) - type: rational (5) Tag Location: 46 - Data Location: 116 - value: b'\x00\x00\x00H\x00\x00\x00\x01'
2026-06-05 17:43:27,185 DEBUG tag: ResolutionUnit (296) - type: short (3) - value: b'\x00\x02'
2026-06-05 17:43:27,185 DEBUG tag: Copyright (33432) - type: string (2) Tag Location: 70 - Data Location: 86 - value: b'\xc2\xa9 Drom.ru #171346963\x00'
2026-06-05 17:43:27,185 DEBUG tag: ExifIFD (34665) - type: long (4) - value: b'\x00\x00\x00|'
2026-06-05 17:43:27,343 INFO Прогресс: 25/307 файлов
2026-06-05 17:43:27,344 DEBUG tag: Orientation (274) - type: short (3) - value: b'\x00\x01'
2026-06-05 17:43:27,344 DEBUG tag: XResolution (282) - type: rational (5) Tag Location: 34 - Data Location: 108 - value: b'\x00\x00\x00H\x00\x00\x00\x01'
2026-06-05 17:43:27,344 DEBUG tag: YResolution (283) - type: rational (5) Tag Location: 46 - Data Location: 116 - value: b'\x00\x00\x00H\x00\x00\x00\x01'
2026-06-05 17:43:27,344 DEBUG tag: ResolutionUnit (296) - type: short (3) - value: b'\x00\x02'
2026-06-05 17:43:27,344 DEBUG tag: Copyright (33432) - type: string (2) Tag Location: 70 - Data Location: 86 - value: b'\xc2\xa9 Drom.ru #770401579\x00'
2026-06-05 17:43:27,344 DEBUG tag: ExifIFD (34665) - type: long (4) - value: b'\x00\x00\x00|'
2026-06-05 17:43:27,594 DEBUG tag: Orientation (274) - type: short (3) - value: b'\x00\x01'
2026-06-05 17:43:27,594 DEBUG tag: XResolution (282) - type: rational (5) Tag Location: 34 - Data Location: 108 - value: b'\x00\x00\x00H\x00\x00\x00\x01'
2026-06-05 17:43:27,594 DEBUG tag: YResolution (283) - type: rational (5) Tag Location: 46 - Data Location: 116 - value: b'\x00\x00\x00H\x00\x00\x00\x01'
2026-06-05 17:43:27,594 DEBUG tag: ResolutionUnit (296) - type: short (3) - value: b'\x00\x02'
2026-06-05 17:43:27,594 DEBUG tag: Copyright (33432) - type: string (2) Tag Location: 70 - Data Location: 86 - value: b'\xc2\xa9 Drom.ru #332971116\x00'
2026-06-05 17:43:27,594 DEBUG tag: ExifIFD (34665) - type: long (4) - value: b'\x00\x00\x00|'
2026-06-05 17:43:27,745 DEBUG tag: Orientation (274) - type: short (3) - value: b'\x00\x01'
2026-06-05 17:43:27,745 DEBUG tag: XResolution (282) - type: rational (5) Tag Location: 34 - Data Location: 108 - value: b'\x00\x00\x00H\x00\x00\x00\x01'
2026-06-05 17:43:27,745 DEBUG tag: YResolution (283) - type: rational (5) Tag Location: 46 - Data Location: 116 - value: b'\x00\x00\x00H\x00\x00\x00\x01'
2026-06-05 17:43:27,745 DEBUG tag: ResolutionUnit (296) - type: short (3) - value: b'\x00\x02'
2026-06-05 17:43:27,745 DEBUG tag: Copyright (33432) - type: string (2) Tag Location: 70 - Data Location: 86 - value: b'\xc2\xa9 Drom.ru #901958451\x00'
2026-06-05 17:43:27,745 DEBUG tag: ExifIFD (34665) - type: long (4) - value: b'\x00\x00\x00|'
2026-06-05 17:43:27,894 DEBUG tag: Orientation (274) - type: short (3) - value: b'\x00\x01'
2026-06-05 17:43:27,894 DEBUG tag: XResolution (282) - type: rational (5) Tag Location: 34 - Data Location: 108 - value: b'\x00\x00\x00H\x00\x00\x00\x01'
2026-06-05 17:43:27,894 DEBUG tag: YResolution (283) - type: rational (5) Tag Location: 46 - Data Location: 116 - value: b'\x00\x00\x00H\x00\x00\x00\x01'
2026-06-05 17:43:27,894 DEBUG tag: ResolutionUnit (296) - type: short (3) - value: b'\x00\x02'
2026-06-05 17:43:27,894 DEBUG tag: Copyright (33432) - type: string (2) Tag Location: 70 - Data Location: 86 - value: b'\xc2\xa9 Drom.ru #842150156\x00'
2026-06-05 17:43:27,894 DEBUG tag: ExifIFD (34665) - type: long (4) - value: b'\x00\x00\x00|'
2026-06-05 17:43:28,043 DEBUG tag: Orientation (274) - type: short (3) - value: b'\x00\x01'
2026-06-05 17:43:28,043 DEBUG tag: XResolution (282) - type: rational (5) Tag Location: 34 - Data Location: 108 - value: b'\x00\x00\x00H\x00\x00\x00\x01'
2026-06-05 17:43:28,043 DEBUG tag: YResolution (283) - type: rational (5) Tag Location: 46 - Data Location: 116 - value: b'\x00\x00\x00H\x00\x00\x00\x01'
2026-06-05 17:43:28,043 DEBUG tag: ResolutionUnit (296) - type: short (3) - value: b'\x00\x02'
2026-06-05 17:43:28,043 DEBUG tag: Copyright (33432) - type: string (2) Tag Location: 70 - Data Location: 86 - value: b'\xc2\xa9 Drom.ru #716548414\x00'
2026-06-05 17:43:28,043 DEBUG tag: ExifIFD (34665) - type: long (4) - value: b'\x00\x00\x00|'
2026-06-05 17:43:28,199 INFO Прогресс: 30/307 файлов
2026-06-05 17:43:28,199 DEBUG tag: Orientation (274) - type: short (3) - value: b'\x00\x01'
2026-06-05 17:43:28,199 DEBUG tag: XResolution (282) - type: rational (5) Tag Location: 34 - Data Location: 108 - value: b'\x00\x00\x00H\x00\x00\x00\x01'
2026-06-05 17:43:28,199 DEBUG tag: YResolution (283) - type: rational (5) Tag Location: 46 - Data Location: 116 - value: b'\x00\x00\x00H\x00\x00\x00\x01'
2026-06-05 17:43:28,199 DEBUG tag: ResolutionUnit (296) - type: short (3) - value: b'\x00\x02'
2026-06-05 17:43:28,199 DEBUG tag: Copyright (33432) - type: string (2) Tag Location: 70 - Data Location: 86 - value: b'\xc2\xa9 Drom.ru #264409277\x00'
2026-06-05 17:43:28,199 DEBUG tag: ExifIFD (34665) - type: long (4) - value: b'\x00\x00\x00|'
2026-06-05 17:43:28,341 DEBUG tag: Orientation (274) - type: short (3) - value: b'\x00\x01'
2026-06-05 17:43:28,341 DEBUG tag: XResolution (282) - type: rational (5) Tag Location: 34 - Data Location: 108 - value: b'\x00\x00\x00H\x00\x00\x00\x01'
2026-06-05 17:43:28,341 DEBUG tag: YResolution (283) - type: rational (5) Tag Location: 46 - Data Location: 116 - value: b'\x00\x00\x00H\x00\x00\x00\x01'
2026-06-05 17:43:28,341 DEBUG tag: ResolutionUnit (296) - type: short (3) - value: b'\x00\x02'
2026-06-05 17:43:28,341 DEBUG tag: Copyright (33432) - type: string (2) Tag Location: 70 - Data Location: 86 - value: b'\xc2\xa9 Drom.ru #521025951\x00'
2026-06-05 17:43:28,341 DEBUG tag: ExifIFD (34665) - type: long (4) - value: b'\x00\x00\x00|'
2026-06-05 17:43:28,500 DEBUG tag: Orientation (274) - type: short (3) - value: b'\x00\x01'
2026-06-05 17:43:28,500 DEBUG tag: XResolution (282) - type: rational (5) Tag Location: 34 - Data Location: 108 - value: b'\x00\x00\x00H\x00\x00\x00\x01'
2026-06-05 17:43:28,500 DEBUG tag: YResolution (283) - type: rational (5) Tag Location: 46 - Data Location: 116 - value: b'\x00\x00\x00H\x00\x00\x00\x01'
2026-06-05 17:43:28,500 DEBUG tag: ResolutionUnit (296) - type: short (3) - value: b'\x00\x02'
2026-06-05 17:43:28,500 DEBUG tag: Copyright (33432) - type: string (2) Tag Location: 70 - Data Location: 86 - value: b'\xc2\xa9 Drom.ru #851449083\x00'
2026-06-05 17:43:28,500 DEBUG tag: ExifIFD (34665) - type: long (4) - value: b'\x00\x00\x00|'
2026-06-05 17:43:28,646 DEBUG tag: Orientation (274) - type: short (3) - value: b'\x00\x01'
2026-06-05 17:43:28,646 DEBUG tag: XResolution (282) - type: rational (5) Tag Location: 34 - Data Location: 108 - value: b'\x00\x00\x00H\x00\x00\x00\x01'
2026-06-05 17:43:28,646 DEBUG tag: YResolution (283) - type: rational (5) Tag Location: 46 - Data Location: 116 - value: b'\x00\x00\x00H\x00\x00\x00\x01'
2026-06-05 17:43:28,646 DEBUG tag: ResolutionUnit (296) - type: short (3) - value: b'\x00\x02'
2026-06-05 17:43:28,646 DEBUG tag: Copyright (33432) - type: string (2) Tag Location: 70 - Data Location: 86 - value: b'\xc2\xa9 Drom.ru #116711040\x00'
2026-06-05 17:43:28,646 DEBUG tag: ExifIFD (34665) - type: long (4) - value: b'\x00\x00\x00|'
2026-06-05 17:43:28,895 DEBUG tag: Orientation (274) - type: short (3) - value: b'\x00\x01'
2026-06-05 17:43:28,895 DEBUG tag: XResolution (282) - type: rational (5) Tag Location: 34 - Data Location: 108 - value: b'\x00\x00\x00H\x00\x00\x00\x01'
2026-06-05 17:43:28,895 DEBUG tag: YResolution (283) - type: rational (5) Tag Location: 46 - Data Location: 116 - value: b'\x00\x00\x00H\x00\x00\x00\x01'
2026-06-05 17:43:28,895 DEBUG tag: ResolutionUnit (296) - type: short (3) - value: b'\x00\x02'
2026-06-05 17:43:28,895 DEBUG tag: Copyright (33432) - type: string (2) Tag Location: 70 - Data Location: 86 - value: b'\xc2\xa9 Drom.ru #502560935\x00'
2026-06-05 17:43:28,895 DEBUG tag: ExifIFD (34665) - type: long (4) - value: b'\x00\x00\x00|'
2026-06-05 17:43:29,012 INFO Прогресс: 35/307 файлов
2026-06-05 17:43:29,012 DEBUG tag: Orientation (274) - type: short (3) - value: b'\x00\x01'
2026-06-05 17:43:29,012 DEBUG tag: XResolution (282) - type: rational (5) Tag Location: 34 - Data Location: 108 - value: b'\x00\x00\x00H\x00\x00\x00\x01'
2026-06-05 17:43:29,012 DEBUG tag: YResolution (283) - type: rational (5) Tag Location: 46 - Data Location: 116 - value: b'\x00\x00\x00H\x00\x00\x00\x01'
2026-06-05 17:43:29,012 DEBUG tag: ResolutionUnit (296) - type: short (3) - value: b'\x00\x02'
2026-06-05 17:43:29,012 DEBUG tag: Copyright (33432) - type: string (2) Tag Location: 70 - Data Location: 86 - value: b'\xc2\xa9 Drom.ru #672605689\x00'
2026-06-05 17:43:29,012 DEBUG tag: ExifIFD (34665) - type: long (4) - value: b'\x00\x00\x00|'
2026-06-05 17:43:29,137 DEBUG tag: Orientation (274) - type: short (3) - value: b'\x00\x01'
2026-06-05 17:43:29,137 DEBUG tag: XResolution (282) - type: rational (5) Tag Location: 34 - Data Location: 108 - value: b'\x00\x00\x00H\x00\x00\x00\x01'
2026-06-05 17:43:29,137 DEBUG tag: YResolution (283) - type: rational (5) Tag Location: 46 - Data Location: 116 - value: b'\x00\x00\x00H\x00\x00\x00\x01'
2026-06-05 17:43:29,137 DEBUG tag: ResolutionUnit (296) - type: short (3) - value: b'\x00\x02'
2026-06-05 17:43:29,137 DEBUG tag: Copyright (33432) - type: string (2) Tag Location: 70 - Data Location: 86 - value: b'\xc2\xa9 Drom.ru #806087989\x00'
2026-06-05 17:43:29,137 DEBUG tag: ExifIFD (34665) - type: long (4) - value: b'\x00\x00\x00|'
2026-06-05 17:43:29,290 DEBUG tag: Orientation (274) - type: short (3) - value: b'\x00\x01'
2026-06-05 17:43:29,290 DEBUG tag: XResolution (282) - type: rational (5) Tag Location: 34 - Data Location: 108 - value: b'\x00\x00\x00H\x00\x00\x00\x01'
2026-06-05 17:43:29,290 DEBUG tag: YResolution (283) - type: rational (5) Tag Location: 46 - Data Location: 116 - value: b'\x00\x00\x00H\x00\x00\x00\x01'
2026-06-05 17:43:29,290 DEBUG tag: ResolutionUnit (296) - type: short (3) - value: b'\x00\x02'
2026-06-05 17:43:29,290 DEBUG tag: Copyright (33432) - type: string (2) Tag Location: 70 - Data Location: 86 - value: b'\xc2\xa9 Drom.ru #732297298\x00'
2026-06-05 17:43:29,290 DEBUG tag: ExifIFD (34665) - type: long (4) - value: b'\x00\x00\x00|'
2026-06-05 17:43:29,553 DEBUG tag: Orientation (274) - type: short (3) - value: b'\x00\x01'
2026-06-05 17:43:29,553 DEBUG tag: XResolution (282) - type: rational (5) Tag Location: 34 - Data Location: 108 - value: b'\x00\x00\x00H\x00\x00\x00\x01'
2026-06-05 17:43:29,553 DEBUG tag: YResolution (283) - type: rational (5) Tag Location: 46 - Data Location: 116 - value: b'\x00\x00\x00H\x00\x00\x00\x01'
2026-06-05 17:43:29,553 DEBUG tag: ResolutionUnit (296) - type: short (3) - value: b'\x00\x02'
2026-06-05 17:43:29,553 DEBUG tag: Copyright (33432) - type: string (2) Tag Location: 70 - Data Location: 86 - value: b'\xc2\xa9 Drom.ru #201040816\x00'
2026-06-05 17:43:29,553 DEBUG tag: ExifIFD (34665) - type: long (4) - value: b'\x00\x00\x00|'
2026-06-05 17:43:29,716 DEBUG tag: Orientation (274) - type: short (3) - value: b'\x00\x01'
2026-06-05 17:43:29,716 DEBUG tag: XResolution (282) - type: rational (5) Tag Location: 34 - Data Location: 108 - value: b'\x00\x00\x00H\x00\x00\x00\x01'
2026-06-05 17:43:29,716 DEBUG tag: YResolution (283) - type: rational (5) Tag Location: 46 - Data Location: 116 - value: b'\x00\x00\x00H\x00\x00\x00\x01'
2026-06-05 17:43:29,716 DEBUG tag: ResolutionUnit (296) - type: short (3) - value: b'\x00\x02'
2026-06-05 17:43:29,716 DEBUG tag: Copyright (33432) - type: string (2) Tag Location: 70 - Data Location: 86 - value: b'\xc2\xa9 Drom.ru #864686146\x00'
2026-06-05 17:43:29,716 DEBUG tag: ExifIFD (34665) - type: long (4) - value: b'\x00\x00\x00|'
2026-06-05 17:43:29,866 INFO Прогресс: 40/307 файлов
2026-06-05 17:43:29,866 DEBUG tag: Orientation (274) - type: short (3) - value: b'\x00\x01'
2026-06-05 17:43:29,866 DEBUG tag: XResolution (282) - type: rational (5) Tag Location: 34 - Data Location: 108 - value: b'\x00\x00\x00H\x00\x00\x00\x01'
2026-06-05 17:43:29,866 DEBUG tag: YResolution (283) - type: rational (5) Tag Location: 46 - Data Location: 116 - value: b'\x00\x00\x00H\x00\x00\x00\x01'
2026-06-05 17:43:29,866 DEBUG tag: ResolutionUnit (296) - type: short (3) - value: b'\x00\x02'
2026-06-05 17:43:29,866 DEBUG tag: Copyright (33432) - type: string (2) Tag Location: 70 - Data Location: 86 - value: b'\xc2\xa9 Drom.ru #151181569\x00'
2026-06-05 17:43:29,866 DEBUG tag: ExifIFD (34665) - type: long (4) - value: b'\x00\x00\x00|'
2026-06-05 17:43:29,993 DEBUG tag: Orientation (274) - type: short (3) - value: b'\x00\x01'
2026-06-05 17:43:29,993 DEBUG tag: XResolution (282) - type: rational (5) Tag Location: 34 - Data Location: 108 - value: b'\x00\x00\x00H\x00\x00\x00\x01'
2026-06-05 17:43:29,993 DEBUG tag: YResolution (283) - type: rational (5) Tag Location: 46 - Data Location: 116 - value: b'\x00\x00\x00H\x00\x00\x00\x01'
2026-06-05 17:43:29,993 DEBUG tag: ResolutionUnit (296) - type: short (3) - value: b'\x00\x02'
2026-06-05 17:43:29,993 DEBUG tag: Copyright (33432) - type: string (2) Tag Location: 70 - Data Location: 86 - value: b'\xc2\xa9 Drom.ru #726391007\x00'
2026-06-05 17:43:29,993 DEBUG tag: ExifIFD (34665) - type: long (4) - value: b'\x00\x00\x00|'
2026-06-05 17:43:30,143 DEBUG tag: Orientation (274) - type: short (3) - value: b'\x00\x01'
2026-06-05 17:43:30,143 DEBUG tag: XResolution (282) - type: rational (5) Tag Location: 34 - Data Location: 108 - value: b'\x00\x00\x00H\x00\x00\x00\x01'
2026-06-05 17:43:30,143 DEBUG tag: YResolution (283) - type: rational (5) Tag Location: 46 - Data Location: 116 - value: b'\x00\x00\x00H\x00\x00\x00\x01'
2026-06-05 17:43:30,143 DEBUG tag: ResolutionUnit (296) - type: short (3) - value: b'\x00\x02'
2026-06-05 17:43:30,143 DEBUG tag: Copyright (33432) - type: string (2) Tag Location: 70 - Data Location: 86 - value: b'\xc2\xa9 Drom.ru #100443906\x00'
2026-06-05 17:43:30,143 DEBUG tag: ExifIFD (34665) - type: long (4) - value: b'\x00\x00\x00|'
2026-06-05 17:43:30,293 DEBUG tag: Orientation (274) - type: short (3) - value: b'\x00\x01'
2026-06-05 17:43:30,293 DEBUG tag: XResolution (282) - type: rational (5) Tag Location: 34 - Data Location: 108 - value: b'\x00\x00\x00H\x00\x00\x00\x01'
2026-06-05 17:43:30,293 DEBUG tag: YResolution (283) - type: rational (5) Tag Location: 46 - Data Location: 116 - value: b'\x00\x00\x00H\x00\x00\x00\x01'
2026-06-05 17:43:30,293 DEBUG tag: ResolutionUnit (296) - type: short (3) - value: b'\x00\x02'
2026-06-05 17:43:30,293 DEBUG tag: Copyright (33432) - type: string (2) Tag Location: 70 - Data Location: 86 - value: b'\xc2\xa9 Drom.ru #476741959\x00'
2026-06-05 17:43:30,294 DEBUG tag: ExifIFD (34665) - type: long (4) - value: b'\x00\x00\x00|'
2026-06-05 17:43:30,478 DEBUG tag: Orientation (274) - type: short (3) - value: b'\x00\x01'
2026-06-05 17:43:30,478 DEBUG tag: XResolution (282) - type: rational (5) Tag Location: 34 - Data Location: 108 - value: b'\x00\x00\x00H\x00\x00\x00\x01'
2026-06-05 17:43:30,478 DEBUG tag: YResolution (283) - type: rational (5) Tag Location: 46 - Data Location: 116 - value: b'\x00\x00\x00H\x00\x00\x00\x01'
2026-06-05 17:43:30,478 DEBUG tag: ResolutionUnit (296) - type: short (3) - value: b'\x00\x02'
2026-06-05 17:43:30,478 DEBUG tag: Copyright (33432) - type: string (2) Tag Location: 70 - Data Location: 86 - value: b'\xc2\xa9 Drom.ru #593018297\x00'
2026-06-05 17:43:30,478 DEBUG tag: ExifIFD (34665) - type: long (4) - value: b'\x00\x00\x00|'
2026-06-05 17:43:30,625 INFO Прогресс: 45/307 файлов
2026-06-05 17:43:30,625 DEBUG tag: Orientation (274) - type: short (3) - value: b'\x00\x01'
2026-06-05 17:43:30,625 DEBUG tag: XResolution (282) - type: rational (5) Tag Location: 34 - Data Location: 108 - value: b'\x00\x00\x00H\x00\x00\x00\x01'
2026-06-05 17:43:30,625 DEBUG tag: YResolution (283) - type: rational (5) Tag Location: 46 - Data Location: 116 - value: b'\x00\x00\x00H\x00\x00\x00\x01'
2026-06-05 17:43:30,625 DEBUG tag: ResolutionUnit (296) - type: short (3) - value: b'\x00\x02'
2026-06-05 17:43:30,625 DEBUG tag: Copyright (33432) - type: string (2) Tag Location: 70 - Data Location: 86 - value: b'\xc2\xa9 Drom.ru #331446531\x00'
2026-06-05 17:43:30,625 DEBUG tag: ExifIFD (34665) - type: long (4) - value: b'\x00\x00\x00|'
2026-06-05 17:43:30,791 DEBUG tag: Orientation (274) - type: short (3) - value: b'\x00\x01'
2026-06-05 17:43:30,791 DEBUG tag: XResolution (282) - type: rational (5) Tag Location: 34 - Data Location: 108 - value: b'\x00\x00\x00H\x00\x00\x00\x01'
2026-06-05 17:43:30,791 DEBUG tag: YResolution (283) - type: rational (5) Tag Location: 46 - Data Location: 116 - value: b'\x00\x00\x00H\x00\x00\x00\x01'
2026-06-05 17:43:30,791 DEBUG tag: ResolutionUnit (296) - type: short (3) - value: b'\x00\x02'
2026-06-05 17:43:30,791 DEBUG tag: Copyright (33432) - type: string (2) Tag Location: 70 - Data Location: 86 - value: b'\xc2\xa9 Drom.ru #672605689\x00'
2026-06-05 17:43:30,791 DEBUG tag: ExifIFD (34665) - type: long (4) - value: b'\x00\x00\x00|'
2026-06-05 17:43:30,918 DEBUG tag: Orientation (274) - type: short (3) - value: b'\x00\x01'
2026-06-05 17:43:30,918 DEBUG tag: XResolution (282) - type: rational (5) Tag Location: 34 - Data Location: 108 - value: b'\x00\x00\x00H\x00\x00\x00\x01'
2026-06-05 17:43:30,918 DEBUG tag: YResolution (283) - type: rational (5) Tag Location: 46 - Data Location: 116 - value: b'\x00\x00\x00H\x00\x00\x00\x01'
2026-06-05 17:43:30,918 DEBUG tag: ResolutionUnit (296) - type: short (3) - value: b'\x00\x02'
2026-06-05 17:43:30,918 DEBUG tag: Copyright (33432) - type: string (2) Tag Location: 70 - Data Location: 86 - value: b'\xc2\xa9 Drom.ru #220160479\x00'
2026-06-05 17:43:30,918 DEBUG tag: ExifIFD (34665) - type: long (4) - value: b'\x00\x00\x00|'
2026-06-05 17:43:31,179 DEBUG tag: Orientation (274) - type: short (3) - value: b'\x00\x01'
2026-06-05 17:43:31,179 DEBUG tag: XResolution (282) - type: rational (5) Tag Location: 34 - Data Location: 108 - value: b'\x00\x00\x00H\x00\x00\x00\x01'
2026-06-05 17:43:31,179 DEBUG tag: YResolution (283) - type: rational (5) Tag Location: 46 - Data Location: 116 - value: b'\x00\x00\x00H\x00\x00\x00\x01'
2026-06-05 17:43:31,179 DEBUG tag: ResolutionUnit (296) - type: short (3) - value: b'\x00\x02'
2026-06-05 17:43:31,179 DEBUG tag: Copyright (33432) - type: string (2) Tag Location: 70 - Data Location: 86 - value: b'\xc2\xa9 Drom.ru #264496091\x00'
2026-06-05 17:43:31,179 DEBUG tag: ExifIFD (34665) - type: long (4) - value: b'\x00\x00\x00|'
2026-06-05 17:43:31,332 DEBUG tag: Orientation (274) - type: short (3) - value: b'\x00\x01'
2026-06-05 17:43:31,332 DEBUG tag: XResolution (282) - type: rational (5) Tag Location: 34 - Data Location: 108 - value: b'\x00\x00\x00H\x00\x00\x00\x01'
2026-06-05 17:43:31,332 DEBUG tag: YResolution (283) - type: rational (5) Tag Location: 46 - Data Location: 116 - value: b'\x00\x00\x00H\x00\x00\x00\x01'
2026-06-05 17:43:31,332 DEBUG tag: ResolutionUnit (296) - type: short (3) - value: b'\x00\x02'
2026-06-05 17:43:31,332 DEBUG tag: Copyright (33432) - type: string (2) Tag Location: 70 - Data Location: 86 - value: b'\xc2\xa9 Drom.ru #483511210\x00'
2026-06-05 17:43:31,332 DEBUG tag: ExifIFD (34665) - type: long (4) - value: b'\x00\x00\x00|'
2026-06-05 17:43:31,496 INFO Прогресс: 50/307 файлов
2026-06-05 17:43:31,496 DEBUG tag: Orientation (274) - type: short (3) - value: b'\x00\x01'
2026-06-05 17:43:31,496 DEBUG tag: XResolution (282) - type: rational (5) Tag Location: 34 - Data Location: 108 - value: b'\x00\x00\x00H\x00\x00\x00\x01'
2026-06-05 17:43:31,496 DEBUG tag: YResolution (283) - type: rational (5) Tag Location: 46 - Data Location: 116 - value: b'\x00\x00\x00H\x00\x00\x00\x01'
2026-06-05 17:43:31,496 DEBUG tag: ResolutionUnit (296) - type: short (3) - value: b'\x00\x02'
2026-06-05 17:43:31,496 DEBUG tag: Copyright (33432) - type: string (2) Tag Location: 70 - Data Location: 86 - value: b'\xc2\xa9 Drom.ru #896297799\x00'
2026-06-05 17:43:31,496 DEBUG tag: ExifIFD (34665) - type: long (4) - value: b'\x00\x00\x00|'
2026-06-05 17:43:31,757 DEBUG tag: Orientation (274) - type: short (3) - value: b'\x00\x01'
2026-06-05 17:43:31,757 DEBUG tag: XResolution (282) - type: rational (5) Tag Location: 34 - Data Location: 108 - value: b'\x00\x00\x00H\x00\x00\x00\x01'
2026-06-05 17:43:31,757 DEBUG tag: YResolution (283) - type: rational (5) Tag Location: 46 - Data Location: 116 - value: b'\x00\x00\x00H\x00\x00\x00\x01'
2026-06-05 17:43:31,757 DEBUG tag: ResolutionUnit (296) - type: short (3) - value: b'\x00\x02'
2026-06-05 17:43:31,757 DEBUG tag: Copyright (33432) - type: string (2) Tag Location: 70 - Data Location: 86 - value: b'\xc2\xa9 Drom.ru #161372502\x00'
2026-06-05 17:43:31,757 DEBUG tag: ExifIFD (34665) - type: long (4) - value: b'\x00\x00\x00|'
2026-06-05 17:43:31,864 DEBUG tag: Orientation (274) - type: short (3) - value: b'\x00\x01'
2026-06-05 17:43:31,864 DEBUG tag: XResolution (282) - type: rational (5) Tag Location: 34 - Data Location: 108 - value: b'\x00\x00\x00H\x00\x00\x00\x01'
2026-06-05 17:43:31,864 DEBUG tag: YResolution (283) - type: rational (5) Tag Location: 46 - Data Location: 116 - value: b'\x00\x00\x00H\x00\x00\x00\x01'
2026-06-05 17:43:31,864 DEBUG tag: ResolutionUnit (296) - type: short (3) - value: b'\x00\x02'
2026-06-05 17:43:31,864 DEBUG tag: Copyright (33432) - type: string (2) Tag Location: 70 - Data Location: 86 - value: b'\xc2\xa9 Drom.ru #201040816\x00'
2026-06-05 17:43:31,864 DEBUG tag: ExifIFD (34665) - type: long (4) - value: b'\x00\x00\x00|'
2026-06-05 17:43:32,019 DEBUG tag: Orientation (274) - type: short (3) - value: b'\x00\x01'
2026-06-05 17:43:32,019 DEBUG tag: XResolution (282) - type: rational (5) Tag Location: 34 - Data Location: 108 - value: b'\x00\x00\x00H\x00\x00\x00\x01'
2026-06-05 17:43:32,019 DEBUG tag: YResolution (283) - type: rational (5) Tag Location: 46 - Data Location: 116 - value: b'\x00\x00\x00H\x00\x00\x00\x01'
2026-06-05 17:43:32,019 DEBUG tag: ResolutionUnit (296) - type: short (3) - value: b'\x00\x02'
2026-06-05 17:43:32,019 DEBUG tag: Copyright (33432) - type: string (2) Tag Location: 70 - Data Location: 86 - value: b'\xc2\xa9 Drom.ru #908443530\x00'
2026-06-05 17:43:32,019 DEBUG tag: ExifIFD (34665) - type: long (4) - value: b'\x00\x00\x00|'
2026-06-05 17:43:32,165 DEBUG tag: Orientation (274) - type: short (3) - value: b'\x00\x01'
2026-06-05 17:43:32,165 DEBUG tag: XResolution (282) - type: rational (5) Tag Location: 34 - Data Location: 108 - value: b'\x00\x00\x00H\x00\x00\x00\x01'
2026-06-05 17:43:32,165 DEBUG tag: YResolution (283) - type: rational (5) Tag Location: 46 - Data Location: 116 - value: b'\x00\x00\x00H\x00\x00\x00\x01'
2026-06-05 17:43:32,165 DEBUG tag: ResolutionUnit (296) - type: short (3) - value: b'\x00\x02'
2026-06-05 17:43:32,165 DEBUG tag: Copyright (33432) - type: string (2) Tag Location: 70 - Data Location: 86 - value: b'\xc2\xa9 Drom.ru #329570399\x00'
2026-06-05 17:43:32,165 DEBUG tag: ExifIFD (34665) - type: long (4) - value: b'\x00\x00\x00|'
2026-06-05 17:43:32,421 INFO Прогресс: 55/307 файлов
2026-06-05 17:43:32,422 DEBUG tag: Orientation (274) - type: short (3) - value: b'\x00\x01'
2026-06-05 17:43:32,422 DEBUG tag: XResolution (282) - type: rational (5) Tag Location: 34 - Data Location: 108 - value: b'\x00\x00\x00H\x00\x00\x00\x01'
2026-06-05 17:43:32,422 DEBUG tag: YResolution (283) - type: rational (5) Tag Location: 46 - Data Location: 116 - value: b'\x00\x00\x00H\x00\x00\x00\x01'
2026-06-05 17:43:32,422 DEBUG tag: ResolutionUnit (296) - type: short (3) - value: b'\x00\x02'
2026-06-05 17:43:32,422 DEBUG tag: Copyright (33432) - type: string (2) Tag Location: 70 - Data Location: 86 - value: b'\xc2\xa9 Drom.ru #138318692\x00'
2026-06-05 17:43:32,422 DEBUG tag: ExifIFD (34665) - type: long (4) - value: b'\x00\x00\x00|'
2026-06-05 17:43:32,588 DEBUG tag: Orientation (274) - type: short (3) - value: b'\x00\x01'
2026-06-05 17:43:32,588 DEBUG tag: XResolution (282) - type: rational (5) Tag Location: 34 - Data Location: 108 - value: b'\x00\x00\x00H\x00\x00\x00\x01'
2026-06-05 17:43:32,588 DEBUG tag: YResolution (283) - type: rational (5) Tag Location: 46 - Data Location: 116 - value: b'\x00\x00\x00H\x00\x00\x00\x01'
2026-06-05 17:43:32,588 DEBUG tag: ResolutionUnit (296) - type: short (3) - value: b'\x00\x02'
2026-06-05 17:43:32,588 DEBUG tag: Copyright (33432) - type: string (2) Tag Location: 70 - Data Location: 86 - value: b'\xc2\xa9 Drom.ru #126524654\x00'
2026-06-05 17:43:32,588 DEBUG tag: ExifIFD (34665) - type: long (4) - value: b'\x00\x00\x00|'
2026-06-05 17:43:32,745 DEBUG tag: Orientation (274) - type: short (3) - value: b'\x00\x01'
2026-06-05 17:43:32,745 DEBUG tag: XResolution (282) - type: rational (5) Tag Location: 34 - Data Location: 108 - value: b'\x00\x00\x00H\x00\x00\x00\x01'
2026-06-05 17:43:32,745 DEBUG tag: YResolution (283) - type: rational (5) Tag Location: 46 - Data Location: 116 - value: b'\x00\x00\x00H\x00\x00\x00\x01'
2026-06-05 17:43:32,745 DEBUG tag: ResolutionUnit (296) - type: short (3) - value: b'\x00\x02'
2026-06-05 17:43:32,745 DEBUG tag: Copyright (33432) - type: string (2) Tag Location: 70 - Data Location: 86 - value: b'\xc2\xa9 Drom.ru #306185353\x00'
2026-06-05 17:43:32,745 DEBUG tag: ExifIFD (34665) - type: long (4) - value: b'\x00\x00\x00|'
2026-06-05 17:43:32,929 DEBUG tag: Orientation (274) - type: short (3) - value: b'\x00\x01'
2026-06-05 17:43:32,929 DEBUG tag: XResolution (282) - type: rational (5) Tag Location: 34 - Data Location: 108 - value: b'\x00\x00\x00H\x00\x00\x00\x01'
2026-06-05 17:43:32,929 DEBUG tag: YResolution (283) - type: rational (5) Tag Location: 46 - Data Location: 116 - value: b'\x00\x00\x00H\x00\x00\x00\x01'
2026-06-05 17:43:32,929 DEBUG tag: ResolutionUnit (296) - type: short (3) - value: b'\x00\x02'
2026-06-05 17:43:32,929 DEBUG tag: Copyright (33432) - type: string (2) Tag Location: 70 - Data Location: 86 - value: b'\xc2\xa9 Drom.ru #687259410\x00'
2026-06-05 17:43:32,929 DEBUG tag: ExifIFD (34665) - type: long (4) - value: b'\x00\x00\x00|'
2026-06-05 17:43:33,055 INFO Прогресс: 60/307 файлов
2026-06-05 17:43:33,056 DEBUG tag: Orientation (274) - type: short (3) - value: b'\x00\x01'
2026-06-05 17:43:33,056 DEBUG tag: XResolution (282) - type: rational (5) Tag Location: 34 - Data Location: 108 - value: b'\x00\x00\x00H\x00\x00\x00\x01'
2026-06-05 17:43:33,056 DEBUG tag: YResolution (283) - type: rational (5) Tag Location: 46 - Data Location: 116 - value: b'\x00\x00\x00H\x00\x00\x00\x01'
2026-06-05 17:43:33,056 DEBUG tag: ResolutionUnit (296) - type: short (3) - value: b'\x00\x02'
2026-06-05 17:43:33,056 DEBUG tag: Copyright (33432) - type: string (2) Tag Location: 70 - Data Location: 86 - value: b'\xc2\xa9 Drom.ru #732297298\x00'
2026-06-05 17:43:33,056 DEBUG tag: ExifIFD (34665) - type: long (4) - value: b'\x00\x00\x00|'
2026-06-05 17:43:33,322 DEBUG tag: Orientation (274) - type: short (3) - value: b'\x00\x01'
2026-06-05 17:43:33,322 DEBUG tag: XResolution (282) - type: rational (5) Tag Location: 34 - Data Location: 108 - value: b'\x00\x00\x00H\x00\x00\x00\x01'
2026-06-05 17:43:33,322 DEBUG tag: YResolution (283) - type: rational (5) Tag Location: 46 - Data Location: 116 - value: b'\x00\x00\x00H\x00\x00\x00\x01'
2026-06-05 17:43:33,322 DEBUG tag: ResolutionUnit (296) - type: short (3) - value: b'\x00\x02'
2026-06-05 17:43:33,322 DEBUG tag: Copyright (33432) - type: string (2) Tag Location: 70 - Data Location: 86 - value: b'\xc2\xa9 Drom.ru #845782820\x00'
2026-06-05 17:43:33,322 DEBUG tag: ExifIFD (34665) - type: long (4) - value: b'\x00\x00\x00|'
2026-06-05 17:43:33,541 DEBUG tag: Orientation (274) - type: short (3) - value: b'\x00\x01'
2026-06-05 17:43:33,541 DEBUG tag: XResolution (282) - type: rational (5) Tag Location: 34 - Data Location: 108 - value: b'\x00\x00\x00H\x00\x00\x00\x01'
2026-06-05 17:43:33,541 DEBUG tag: YResolution (283) - type: rational (5) Tag Location: 46 - Data Location: 116 - value: b'\x00\x00\x00H\x00\x00\x00\x01'
2026-06-05 17:43:33,541 DEBUG tag: ResolutionUnit (296) - type: short (3) - value: b'\x00\x02'
2026-06-05 17:43:33,541 DEBUG tag: Copyright (33432) - type: string (2) Tag Location: 70 - Data Location: 86 - value: b'\xc2\xa9 Drom.ru #331311407\x00'
2026-06-05 17:43:33,541 DEBUG tag: ExifIFD (34665) - type: long (4) - value: b'\x00\x00\x00|'
2026-06-05 17:43:33,794 DEBUG tag: Orientation (274) - type: short (3) - value: b'\x00\x01'
2026-06-05 17:43:33,794 DEBUG tag: XResolution (282) - type: rational (5) Tag Location: 34 - Data Location: 108 - value: b'\x00\x00\x00H\x00\x00\x00\x01'
2026-06-05 17:43:33,795 DEBUG tag: YResolution (283) - type: rational (5) Tag Location: 46 - Data Location: 116 - value: b'\x00\x00\x00H\x00\x00\x00\x01'
2026-06-05 17:43:33,795 DEBUG tag: ResolutionUnit (296) - type: short (3) - value: b'\x00\x02'
2026-06-05 17:43:33,795 DEBUG tag: Copyright (33432) - type: string (2) Tag Location: 70 - Data Location: 86 - value: b'\xc2\xa9 Drom.ru #646646376\x00'
2026-06-05 17:43:33,795 DEBUG tag: ExifIFD (34665) - type: long (4) - value: b'\x00\x00\x00|'
2026-06-05 17:43:34,049 DEBUG tag: Orientation (274) - type: short (3) - value: b'\x00\x01'
2026-06-05 17:43:34,049 DEBUG tag: XResolution (282) - type: rational (5) Tag Location: 34 - Data Location: 108 - value: b'\x00\x00\x00H\x00\x00\x00\x01'
2026-06-05 17:43:34,049 DEBUG tag: YResolution (283) - type: rational (5) Tag Location: 46 - Data Location: 116 - value: b'\x00\x00\x00H\x00\x00\x00\x01'
2026-06-05 17:43:34,049 DEBUG tag: ResolutionUnit (296) - type: short (3) - value: b'\x00\x02'
2026-06-05 17:43:34,049 DEBUG tag: Copyright (33432) - type: string (2) Tag Location: 70 - Data Location: 86 - value: b'\xc2\xa9 Drom.ru #923558810\x00'
2026-06-05 17:43:34,049 DEBUG tag: ExifIFD (34665) - type: long (4) - value: b'\x00\x00\x00|'
2026-06-05 17:43:34,314 INFO Прогресс: 65/307 файлов
2026-06-05 17:43:34,314 DEBUG tag: Orientation (274) - type: short (3) - value: b'\x00\x01'
2026-06-05 17:43:34,314 DEBUG tag: XResolution (282) - type: rational (5) Tag Location: 34 - Data Location: 108 - value: b'\x00\x00\x00H\x00\x00\x00\x01'
2026-06-05 17:43:34,314 DEBUG tag: YResolution (283) - type: rational (5) Tag Location: 46 - Data Location: 116 - value: b'\x00\x00\x00H\x00\x00\x00\x01'
2026-06-05 17:43:34,314 DEBUG tag: ResolutionUnit (296) - type: short (3) - value: b'\x00\x02'
2026-06-05 17:43:34,314 DEBUG tag: Copyright (33432) - type: string (2) Tag Location: 70 - Data Location: 86 - value: b'\xc2\xa9 Drom.ru #262785422\x00'
2026-06-05 17:43:34,314 DEBUG tag: ExifIFD (34665) - type: long (4) - value: b'\x00\x00\x00|'
2026-06-05 17:43:34,483 DEBUG tag: Orientation (274) - type: short (3) - value: b'\x00\x01'
2026-06-05 17:43:34,483 DEBUG tag: XResolution (282) - type: rational (5) Tag Location: 34 - Data Location: 108 - value: b'\x00\x00\x00H\x00\x00\x00\x01'
2026-06-05 17:43:34,483 DEBUG tag: YResolution (283) - type: rational (5) Tag Location: 46 - Data Location: 116 - value: b'\x00\x00\x00H\x00\x00\x00\x01'
2026-06-05 17:43:34,483 DEBUG tag: ResolutionUnit (296) - type: short (3) - value: b'\x00\x02'
2026-06-05 17:43:34,483 DEBUG tag: Copyright (33432) - type: string (2) Tag Location: 70 - Data Location: 86 - value: b'\xc2\xa9 Drom.ru #584990444\x00'
2026-06-05 17:43:34,483 DEBUG tag: ExifIFD (34665) - type: long (4) - value: b'\x00\x00\x00|'
2026-06-05 17:43:34,732 DEBUG tag: Orientation (274) - type: short (3) - value: b'\x00\x01'
2026-06-05 17:43:34,732 DEBUG tag: XResolution (282) - type: rational (5) Tag Location: 34 - Data Location: 108 - value: b'\x00\x00\x00H\x00\x00\x00\x01'
2026-06-05 17:43:34,732 DEBUG tag: YResolution (283) - type: rational (5) Tag Location: 46 - Data Location: 116 - value: b'\x00\x00\x00H\x00\x00\x00\x01'
2026-06-05 17:43:34,732 DEBUG tag: ResolutionUnit (296) - type: short (3) - value: b'\x00\x02'
2026-06-05 17:43:34,732 DEBUG tag: Copyright (33432) - type: string (2) Tag Location: 70 - Data Location: 86 - value: b'\xc2\xa9 Drom.ru #475847968\x00'
2026-06-05 17:43:34,732 DEBUG tag: ExifIFD (34665) - type: long (4) - value: b'\x00\x00\x00|'
2026-06-05 17:43:34,882 DEBUG tag: Orientation (274) - type: short (3) - value: b'\x00\x01'
2026-06-05 17:43:34,882 DEBUG tag: XResolution (282) - type: rational (5) Tag Location: 34 - Data Location: 108 - value: b'\x00\x00\x00H\x00\x00\x00\x01'
2026-06-05 17:43:34,882 DEBUG tag: YResolution (283) - type: rational (5) Tag Location: 46 - Data Location: 116 - value: b'\x00\x00\x00H\x00\x00\x00\x01'
2026-06-05 17:43:34,882 DEBUG tag: ResolutionUnit (296) - type: short (3) - value: b'\x00\x02'
2026-06-05 17:43:34,882 DEBUG tag: Copyright (33432) - type: string (2) Tag Location: 70 - Data Location: 86 - value: b'\xc2\xa9 Drom.ru #488876779\x00'
2026-06-05 17:43:34,882 DEBUG tag: ExifIFD (34665) - type: long (4) - value: b'\x00\x00\x00|'
2026-06-05 17:43:35,049 DEBUG tag: Orientation (274) - type: short (3) - value: b'\x00\x01'
2026-06-05 17:43:35,049 DEBUG tag: XResolution (282) - type: rational (5) Tag Location: 34 - Data Location: 108 - value: b'\x00\x00\x00H\x00\x00\x00\x01'
2026-06-05 17:43:35,049 DEBUG tag: YResolution (283) - type: rational (5) Tag Location: 46 - Data Location: 116 - value: b'\x00\x00\x00H\x00\x00\x00\x01'
2026-06-05 17:43:35,049 DEBUG tag: ResolutionUnit (296) - type: short (3) - value: b'\x00\x02'
2026-06-05 17:43:35,049 DEBUG tag: Copyright (33432) - type: string (2) Tag Location: 70 - Data Location: 86 - value: b'\xc2\xa9 Drom.ru #749249182\x00'
2026-06-05 17:43:35,049 DEBUG tag: ExifIFD (34665) - type: long (4) - value: b'\x00\x00\x00|'
2026-06-05 17:43:35,208 INFO Прогресс: 70/307 файлов
2026-06-05 17:43:35,208 DEBUG tag: Orientation (274) - type: short (3) - value: b'\x00\x01'
2026-06-05 17:43:35,208 DEBUG tag: XResolution (282) - type: rational (5) Tag Location: 34 - Data Location: 108 - value: b'\x00\x00\x00H\x00\x00\x00\x01'
2026-06-05 17:43:35,208 DEBUG tag: YResolution (283) - type: rational (5) Tag Location: 46 - Data Location: 116 - value: b'\x00\x00\x00H\x00\x00\x00\x01'
2026-06-05 17:43:35,208 DEBUG tag: ResolutionUnit (296) - type: short (3) - value: b'\x00\x02'
2026-06-05 17:43:35,208 DEBUG tag: Copyright (33432) - type: string (2) Tag Location: 70 - Data Location: 86 - value: b'\xc2\xa9 Drom.ru #435743605\x00'
2026-06-05 17:43:35,208 DEBUG tag: ExifIFD (34665) - type: long (4) - value: b'\x00\x00\x00|'
2026-06-05 17:43:35,367 DEBUG tag: Orientation (274) - type: short (3) - value: b'\x00\x01'
2026-06-05 17:43:35,367 DEBUG tag: XResolution (282) - type: rational (5) Tag Location: 34 - Data Location: 108 - value: b'\x00\x00\x00H\x00\x00\x00\x01'
2026-06-05 17:43:35,367 DEBUG tag: YResolution (283) - type: rational (5) Tag Location: 46 - Data Location: 116 - value: b'\x00\x00\x00H\x00\x00\x00\x01'
2026-06-05 17:43:35,367 DEBUG tag: ResolutionUnit (296) - type: short (3) - value: b'\x00\x02'
2026-06-05 17:43:35,367 DEBUG tag: Copyright (33432) - type: string (2) Tag Location: 70 - Data Location: 86 - value: b'\xc2\xa9 Drom.ru #262785422\x00'
2026-06-05 17:43:35,367 DEBUG tag: ExifIFD (34665) - type: long (4) - value: b'\x00\x00\x00|'
2026-06-05 17:43:35,494 DEBUG tag: Orientation (274) - type: short (3) - value: b'\x00\x01'
2026-06-05 17:43:35,495 DEBUG tag: XResolution (282) - type: rational (5) Tag Location: 34 - Data Location: 108 - value: b'\x00\x00\x00H\x00\x00\x00\x01'
2026-06-05 17:43:35,495 DEBUG tag: YResolution (283) - type: rational (5) Tag Location: 46 - Data Location: 116 - value: b'\x00\x00\x00H\x00\x00\x00\x01'
2026-06-05 17:43:35,495 DEBUG tag: ResolutionUnit (296) - type: short (3) - value: b'\x00\x02'
2026-06-05 17:43:35,495 DEBUG tag: Copyright (33432) - type: string (2) Tag Location: 70 - Data Location: 86 - value: b'\xc2\xa9 Drom.ru #377498523\x00'
2026-06-05 17:43:35,495 DEBUG tag: ExifIFD (34665) - type: long (4) - value: b'\x00\x00\x00|'
2026-06-05 17:43:35,647 DEBUG tag: Orientation (274) - type: short (3) - value: b'\x00\x01'
2026-06-05 17:43:35,647 DEBUG tag: XResolution (282) - type: rational (5) Tag Location: 34 - Data Location: 108 - value: b'\x00\x00\x00H\x00\x00\x00\x01'
2026-06-05 17:43:35,647 DEBUG tag: YResolution (283) - type: rational (5) Tag Location: 46 - Data Location: 116 - value: b'\x00\x00\x00H\x00\x00\x00\x01'
2026-06-05 17:43:35,647 DEBUG tag: ResolutionUnit (296) - type: short (3) - value: b'\x00\x02'
2026-06-05 17:43:35,647 DEBUG tag: Copyright (33432) - type: string (2) Tag Location: 70 - Data Location: 86 - value: b'\xc2\xa9 Drom.ru #436243195\x00'
2026-06-05 17:43:35,647 DEBUG tag: ExifIFD (34665) - type: long (4) - value: b'\x00\x00\x00|'
2026-06-05 17:43:35,795 DEBUG tag: Orientation (274) - type: short (3) - value: b'\x00\x01'
2026-06-05 17:43:35,795 DEBUG tag: XResolution (282) - type: rational (5) Tag Location: 34 - Data Location: 108 - value: b'\x00\x00\x00H\x00\x00\x00\x01'
2026-06-05 17:43:35,795 DEBUG tag: YResolution (283) - type: rational (5) Tag Location: 46 - Data Location: 116 - value: b'\x00\x00\x00H\x00\x00\x00\x01'
2026-06-05 17:43:35,795 DEBUG tag: ResolutionUnit (296) - type: short (3) - value: b'\x00\x02'
2026-06-05 17:43:35,795 DEBUG tag: Copyright (33432) - type: string (2) Tag Location: 70 - Data Location: 86 - value: b'\xc2\xa9 Drom.ru #570681428\x00'
2026-06-05 17:43:35,795 DEBUG tag: ExifIFD (34665) - type: long (4) - value: b'\x00\x00\x00|'
2026-06-05 17:43:36,051 INFO Прогресс: 75/307 файлов
2026-06-05 17:43:36,051 DEBUG tag: Orientation (274) - type: short (3) - value: b'\x00\x01'
2026-06-05 17:43:36,051 DEBUG tag: XResolution (282) - type: rational (5) Tag Location: 34 - Data Location: 108 - value: b'\x00\x00\x00H\x00\x00\x00\x01'
2026-06-05 17:43:36,051 DEBUG tag: YResolution (283) - type: rational (5) Tag Location: 46 - Data Location: 116 - value: b'\x00\x00\x00H\x00\x00\x00\x01'
2026-06-05 17:43:36,051 DEBUG tag: ResolutionUnit (296) - type: short (3) - value: b'\x00\x02'
2026-06-05 17:43:36,051 DEBUG tag: Copyright (33432) - type: string (2) Tag Location: 70 - Data Location: 86 - value: b'\xc2\xa9 Drom.ru #698981574\x00'
2026-06-05 17:43:36,051 DEBUG tag: ExifIFD (34665) - type: long (4) - value: b'\x00\x00\x00|'
2026-06-05 17:43:36,200 DEBUG tag: Orientation (274) - type: short (3) - value: b'\x00\x01'
2026-06-05 17:43:36,201 DEBUG tag: XResolution (282) - type: rational (5) Tag Location: 34 - Data Location: 108 - value: b'\x00\x00\x00H\x00\x00\x00\x01'
2026-06-05 17:43:36,201 DEBUG tag: YResolution (283) - type: rational (5) Tag Location: 46 - Data Location: 116 - value: b'\x00\x00\x00H\x00\x00\x00\x01'
2026-06-05 17:43:36,201 DEBUG tag: ResolutionUnit (296) - type: short (3) - value: b'\x00\x02'
2026-06-05 17:43:36,201 DEBUG tag: Copyright (33432) - type: string (2) Tag Location: 70 - Data Location: 86 - value: b'\xc2\xa9 Drom.ru #531286906\x00'
2026-06-05 17:43:36,201 DEBUG tag: ExifIFD (34665) - type: long (4) - value: b'\x00\x00\x00|'
