2026-06-02 19:10:48,152 INFO 
==================================================
Собираем: intact
==================================================
2026-06-02 19:10:48,152 INFO [intact] Страница 1: https://auto.drom.ru/?state=1
2026-06-02 19:10:48,156 DEBUG Starting new HTTPS connection (1): auto.drom.ru:443
2026-06-02 19:10:48,938 DEBUG https://auto.drom.ru:443 "GET /?state=1 HTTP/1.1" 200 None
2026-06-02 19:10:48,991 INFO   → найдено 29 объявлений (всего: 29)
2026-06-02 19:10:51,484 INFO [intact] Страница 2: https://auto.drom.ru/?state=1&page=2
2026-06-02 19:10:52,265 DEBUG https://auto.drom.ru:443 "GET /?state=1&page=2 HTTP/1.1" 200 None
2026-06-02 19:10:52,273 INFO Страница 2 пустая, стоп.
2026-06-02 19:10:52,274 INFO Итого объявлений: 29
2026-06-02 19:10:52,275 DEBUG Starting new HTTPS connection (1): auto.drom.ru:443
2026-06-02 19:10:52,634 DEBUG https://auto.drom.ru:443 "GET /lyubertsy/hyundai/solaris/377498523.html HTTP/1.1" 200 None
2026-06-02 19:10:52,661 DEBUG   Пример URL из страницы: https://s11.auto.drom.ru/photo/v2/GDieAkgjdFjGsOngPFsTo9QLSq-QRNIu_LJe2wkepJpo18rgrAyPt9fe0KIDyZiNhk_38QvLrXbtxyjr/gen600.jpg
2026-06-02 19:10:53,708 DEBUG https://auto.drom.ru:443 "GET /zelenograd/jetour/dasheng/141021542.html HTTP/1.1" 200 None
2026-06-02 19:10:53,731 DEBUG   Пример URL из страницы: https://s11.auto.drom.ru/photo/v2/8f3mtZkxKux2SEdEz1tSzdg5uLg-9SFV_MulyYEVcuGlIgbCfQL108rDOzdFHut6YdEvjrxD6fIQHiUK/gen600.jpg
2026-06-02 19:10:54,112 DEBUG https://auto.drom.ru:443 "GET /moscow/bmw/x5/770891396.html HTTP/1.1" 200 None
2026-06-02 19:10:54,135 DEBUG   Пример URL из страницы: https://s11.auto.drom.ru/photo/v2/VR_Ea7_IaBmcRyNFT6PRR63K_YABsf69t1XkNM9N-szAE7t-LsjZ-vZ0a8xYpbgyyRR1RPFnHsYb7Hgy/gen600.jpg
2026-06-02 19:10:54,431 DEBUG https://auto.drom.ru:443 "GET /chernogolovka/toyota/prius_a/725270377.html HTTP/1.1" 200 None
2026-06-02 19:10:54,454 DEBUG   Пример URL из страницы: https://s11.auto.drom.ru/photo/v2/L3Vp-t_rApBGWdO0oH1fVnrly-nol_1438lKaV42qHXztzbTItfz_Oz-oPMnwkPjcnmbAKBoDXBwjsm4/gen600.jpg
2026-06-02 19:10:54,834 DEBUG https://auto.drom.ru:443 "GET /odintsovo/mitsubishi/pajero/786999974.html HTTP/1.1" 200 None
2026-06-02 19:10:54,863 DEBUG   Пример URL из страницы: https://s11.auto.drom.ru/photo/v2/eL9ipJk4-maT4maEigjtDA-sE0nxQ2sG5zW3PE1SSAdQuYu90z9J4H5ust-_ZfSo8B8g__1Xb8BnVE_4/gen600.jpg
2026-06-02 19:10:55,218 DEBUG https://auto.drom.ru:443 "GET /ilinskiy/renault/megane/726391007.html HTTP/1.1" 200 None
2026-06-02 19:10:55,245 DEBUG   Пример URL из страницы: https://s11.auto.drom.ru/photo/v2/C9W-aVE8CA66U2DyllxBifxirUMFI2kSCdU3cOhXEj1JhWCzq9jITHwij4Eaiyq7PKOYraiA824pIrKJ/gen600.jpg
2026-06-02 19:10:55,550 DEBUG https://auto.drom.ru:443 "GET /serpuhov/toyota/highlander/171346963.html HTTP/1.1" 200 None
2026-06-02 19:10:55,571 DEBUG   Пример URL из страницы: https://s11.auto.drom.ru/photo/v2/OJhQlOHEUL0GaGXbC63ji_AsILQDI8xJc6n2vFkJ1HvXM_4bheZPdTMJbNyj7bClE4vIcqf6C_AsH6Ql/gen600.jpg
2026-06-02 19:10:55,868 DEBUG https://auto.drom.ru:443 "GET /vidnoe/volkswagen/passat/859492634.html HTTP/1.1" 200 None
2026-06-02 19:10:55,892 DEBUG   Пример URL из страницы: https://s11.auto.drom.ru/photo/v2/lJx3fNF4QxqhQIMwLbCrUuR9r-qnlFEwOumGH-jlQ1d9lCo21xfVo0YDvTlKwsxL4lvEmhx0Ey60y3YZ/gen600.jpg
2026-06-02 19:10:56,173 DEBUG https://auto.drom.ru:443 "GET /himki/subaru/impreza_wrx/722782970.html HTTP/1.1" 200 None
2026-06-02 19:10:56,196 DEBUG   Пример URL из страницы: https://s11.auto.drom.ru/photo/v2/B2wJil4PrJC-S0vbWicbmYsC7xgpweRCFktV9e5iA93tD5dn2dg5DRGmJRZm-53_SKZgLwQMid2k3sjV/gen600.jpg
2026-06-02 19:10:56,574 DEBUG https://auto.drom.ru:443 "GET /himki/toyota/land_cruiser_prado/370738172.html HTTP/1.1" 200 None
2026-06-02 19:10:56,606 DEBUG   Пример URL из страницы: https://s11.auto.drom.ru/photo/v2/cQazD5F8bU7ozjO_L1DEILXMC34f12rUlQv3D0UYYHhyCEaEADwzuHcrMcjDsU43yWR86rk5Ih7R2Vlj/gen600.jpg
2026-06-02 19:10:56,983 DEBUG https://auto.drom.ru:443 "GET /balashiha/volkswagen/golf/303224962.html HTTP/1.1" 200 None
2026-06-02 19:10:57,007 DEBUG   Пример URL из страницы: https://s11.auto.drom.ru/photo/v2/tCrJbEcJrQuat01hgv9VbnkuZbGkHiOiA82HUtJaMOKVVzE4enzn2QHes1qUGHAY1O46aWiRW71Xw9Li/gen600.jpg
2026-06-02 19:10:58,405 DEBUG https://auto.drom.ru:443 "GET /moscow/bmw/x6/853580928.html HTTP/1.1" 200 None
2026-06-02 19:10:58,429 DEBUG   Пример URL из страницы: https://s11.auto.drom.ru/photo/v2/re0yoZtpFUKx3WFB96-nzUiQoh1rLgNmDXHDaOoek_CfQkYQkzInkgKdoYBV0lVxFVJ3u8PUZvTSic1R/gen600.jpg
2026-06-02 19:10:58,723 DEBUG https://auto.drom.ru:443 "GET /moscow/kia/seltos/885801810.html HTTP/1.1" 200 None
2026-06-02 19:10:58,746 DEBUG   Пример URL из страницы: https://s11.auto.drom.ru/photo/v2/xGgsH1Y76uYAm1_tyau7ssHVJQjuj4uwMRHbpor41NeVEVH79buf1qIdaBJSDlsQfraDR821tGqrQ6Ir/gen600.jpg
2026-06-02 19:10:59,031 DEBUG https://auto.drom.ru:443 "GET /balashiha/kia/soul/687259410.html HTTP/1.1" 200 None
2026-06-02 19:10:59,055 DEBUG   Пример URL из страницы: https://s11.auto.drom.ru/photo/v2/ehiIqGbWaKofd0YvNwyYvsPeX-RBACmPcGZ7ujTZUjAS_otGaaWlowsn9max6oZ7oCVMJdFCaPpthln4/gen600.jpg
2026-06-02 19:10:59,331 DEBUG https://auto.drom.ru:443 "GET /domodedovo/nissan/tiida/255126478.html HTTP/1.1" 200 None
2026-06-02 19:10:59,354 DEBUG   Пример URL из страницы: https://s11.auto.drom.ru/photo/v2/U4aowohl_MM1xxbdEZFVznZNuO3clfAJ01NSGpNb2OUC2eNh_5zKNRMdu6Na6iDNSowDycn-kjr_DaKv/gen600.jpg
2026-06-02 19:10:59,743 DEBUG https://auto.drom.ru:443 "GET /vidnoe/mercedes-benz/gle-class/179906880.html HTTP/1.1" 200 None
2026-06-02 19:10:59,765 DEBUG   Пример URL из страницы: https://s11.auto.drom.ru/photo/v2/yps-bdMN42U7WCuLde2WWA8IfuCI_Fd80QAG4KfiL7etJwFsDtt_9X3-F951ZvAZN1S3Itp-eTIHsUvP/gen600.jpg
2026-06-02 19:11:00,198 DEBUG https://auto.drom.ru:443 "GET /moscow/lexus/lx600/553653617.html HTTP/1.1" 200 None
2026-06-02 19:11:00,222 DEBUG   Пример URL из страницы: https://s11.auto.drom.ru/photo/v2/D4T-z4URO-O1-IOzKnC9-OuefnII5lCMHl_gsHlXlSWf8cAdWoeg6achz4OS6czQwGhNhKDXpZR7Qc6E/gen600.jpg
2026-06-02 19:11:00,559 DEBUG https://auto.drom.ru:443 "GET /pavlovskiy-posad/ford/ranger/658795522.html HTTP/1.1" 200 None
2026-06-02 19:11:00,585 DEBUG   Пример URL из страницы: https://s11.auto.drom.ru/photo/v2/Hfe2i2XVCKLyp4pqm950n049HDeVNYrWsOgEaYE_tfg1xcCiYK7vgauLDaRGWzYWQbi8r0RFlBZQDD37/gen600.jpg
2026-06-02 19:11:00,977 DEBUG https://auto.drom.ru:443 "GET /podolsk/chevrolet/spark/164764809.html HTTP/1.1" 200 None
2026-06-02 19:11:01,002 DEBUG   Пример URL из страницы: https://s11.auto.drom.ru/photo/v2/uEXJnF28O6QgziLq1wf2c8FDlmcKPHc9lDRmKe0__b_hHRPb9MY4W81f3Ccf_VkN9IHpn-ZPhmWsvv8h/gen600.jpg
2026-06-02 19:11:01,313 DEBUG https://auto.drom.ru:443 "GET /zelenogradskiy/bmw/x6/331311407.html HTTP/1.1" 200 None
2026-06-02 19:11:01,338 DEBUG   Пример URL из страницы: https://s11.auto.drom.ru/photo/v2/7bmKp1ozD5sghOGJRixClI5L4NH_giOx7W8TrVLNf0PKY5VLVBtJxfuFZTXLyY9qN11_WZRdnmXEUzB3/gen600.jpg
2026-06-02 19:11:01,692 DEBUG https://auto.drom.ru:443 "GET /himki/toyota/land_cruiser_prado/942620988.html HTTP/1.1" 200 None
2026-06-02 19:11:01,715 DEBUG   Пример URL из страницы: https://s11.auto.drom.ru/photo/v2/pj2luEUyyKlvU02TWencsQnkFe2FHj0FrqyhS3wJpvPbp8qSDXmU--Puyrt8__C-umTWWmr1pbYW3fSv/gen600.jpg
2026-06-02 19:11:02,924 DEBUG https://auto.drom.ru:443 "GET /zelenograd/toyota/prius/404708252.html HTTP/1.1" 200 None
2026-06-02 19:11:02,948 DEBUG   Пример URL из страницы: https://s11.auto.drom.ru/photo/v2/NkY90B7sAhubyEo1V-3qHmkTLuZEF5eik2C5AnstS_FPmG4C5mOT-OPhYB3BlJRPtsWKRug9gAc2UsZ0/gen600.jpg
2026-06-02 19:11:03,174 DEBUG https://auto.drom.ru:443 "GET /krasnogorsk/volkswagen/tiguan_l/421218915.html HTTP/1.1" 200 None
2026-06-02 19:11:03,194 DEBUG   Пример URL из страницы: https://s11.auto.drom.ru/photo/v2/bIEsMqFnMs39-YR4mkJZ0y4Pi8L7xknYWaiQfxrQrJqcNbF8QKYACZJUp6YkKtLNkovSrB5TAqT3v5nU/gen600.jpg
2026-06-02 19:11:03,535 DEBUG https://auto.drom.ru:443 "GET /moscow/toyota/land_cruiser/575281259.html HTTP/1.1" 200 None
2026-06-02 19:11:03,553 DEBUG   Пример URL из страницы: https://s11.auto.drom.ru/photo/v2/dZIEdANNSiDiRIqaUNGU0XbYfniZVRPDxkQHIiylfy1WfQQRlT2gemKfTi0LgtjCijtLc-HnlfsTJe2w/gen600.jpg
2026-06-02 19:11:03,811 DEBUG https://auto.drom.ru:443 "GET /domodedovo/foton/tunland_g9/125920489.html HTTP/1.1" 200 None
2026-06-02 19:11:03,833 DEBUG   Пример URL из страницы: https://s11.auto.drom.ru/photo/v2/ISKunYR6v57qKwraHG3E09yfuethQbybBY3NxS-rGBdjbtPOzrXdXCRYXVzgwTsxP7fkGdi93kxSdARP/gen600.jpg
2026-06-02 19:11:04,285 DEBUG https://auto.drom.ru:443 "GET /chehov/jaguar/xgs/324675637.html HTTP/1.1" 200 None
2026-06-02 19:11:04,305 DEBUG   Пример URL из страницы: https://s11.auto.drom.ru/photo/v2/xwZzvrihA2j18RbDys0aEHRZk3vxSxnyg-Vda0tGyO4BvkO_brH0sntcYdBSz08i3SQj_d62kTwNkdiS/gen600.jpg
2026-06-02 19:11:04,632 DEBUG https://auto.drom.ru:443 "GET /mytishchi/lada/granta/109805669.html HTTP/1.1" 200 None
2026-06-02 19:11:04,657 DEBUG   Пример URL из страницы: https://s11.auto.drom.ru/photo/v2/VaqnDhwtG2JMNJtF95Lc8paePjcIsC6zZEJdz4U78dpxPlGMvtGVdDqe_6uPXilDAGTz0eNiFXD_88FD/gen600.jpg
2026-06-02 19:11:04,939 DEBUG https://auto.drom.ru:443 "GET /moscow/bmw/1-series/366692682.html HTTP/1.1" 200 None
2026-06-02 19:11:04,962 DEBUG   Пример URL из страницы: https://s11.auto.drom.ru/photo/v2/We-d4uRKmmANMz5jfVEQ6T7LPqfjMaEfFiOxmKkOMzj5_VAijVgngM6J10Njnhmrq4fPMLNCbFGAb7gH/gen600.jpg
2026-06-02 19:11:05,278 DEBUG https://auto.drom.ru:443 "GET /moscow/subaru/impreza/894824918.html HTTP/1.1" 200 None
2026-06-02 19:11:05,305 DEBUG   Пример URL из страницы: https://s11.auto.drom.ru/photo/v2/hO3iJ4oj2DYD9FFfL4yhzw8FPc7DYFZbQ9BZj9KT1_Yu8X_dig2xCdrYa9CAgI6P1gSEoSR4YMGueLHb/gen600.jpg
2026-06-02 19:11:05,305 INFO Запланировано к скачиванию: 174 фото
2026-06-02 19:11:05,308 DEBUG Starting new HTTPS connection (1): s11.auto.drom.ru:443
2026-06-02 19:11:05,309 DEBUG Starting new HTTPS connection (2): s11.auto.drom.ru:443
2026-06-02 19:11:05,309 DEBUG Starting new HTTPS connection (3): s11.auto.drom.ru:443
2026-06-02 19:11:05,309 DEBUG Starting new HTTPS connection (4): s11.auto.drom.ru:443
2026-06-02 19:11:05,311 DEBUG Starting new HTTPS connection (5): s11.auto.drom.ru:443
2026-06-02 19:11:05,311 DEBUG Starting new HTTPS connection (6): s11.auto.drom.ru:443
2026-06-02 19:11:05,311 DEBUG Starting new HTTPS connection (7): s11.auto.drom.ru:443
2026-06-02 19:11:05,312 DEBUG Starting new HTTPS connection (8): s11.auto.drom.ru:443
2026-06-02 19:11:05,866 DEBUG https://s11.auto.drom.ru:443 "GET /photo/v2/GDieAkgjdFjGsOngPFsTo9QLSq-QRNIu_LJe2wkepJpo18rgrAyPt9fe0KIDyZiNhk_38QvLrXbtxyjr/gen1200.jpg HTTP/1.1" 200 288993
2026-06-02 19:11:05,869 DEBUG https://s11.auto.drom.ru:443 "GET /photo/v2/8f3mtZkxKux2SEdEz1tSzdg5uLg-9SFV_MulyYEVcuGlIgbCfQL108rDOzdFHut6YdEvjrxD6fIQHiUK/gen1200.jpg HTTP/1.1" 200 217094
2026-06-02 19:11:05,880 DEBUG https://s11.auto.drom.ru:443 "GET /photo/v2/8f3mtZkxKux2SEdEz1tSzdg5uLg-9SFV_MulyYEVcuGlIgbCfQL108rDOzdFHut6YdEvjrxD6fIQHiUK/gen1200.jpg HTTP/1.1" 200 217094
2026-06-02 19:11:05,927 DEBUG OK 212KB https://s11.auto.drom.ru/photo/v2/8f3mtZkxKux2SEdEz1tSzdg5uLg-9SFV_MulyYEVcuGlIgbCfQL108rDOzdFHut6YdEvjrxD6fIQHiUK/gen1200.jpg
2026-06-02 19:11:05,930 DEBUG OK 212KB https://s11.auto.drom.ru/photo/v2/8f3mtZkxKux2SEdEz1tSzdg5uLg-9SFV_MulyYEVcuGlIgbCfQL108rDOzdFHut6YdEvjrxD6fIQHiUK/gen1200.jpg
2026-06-02 19:11:05,937 DEBUG OK 282KB https://s11.auto.drom.ru/photo/v2/GDieAkgjdFjGsOngPFsTo9QLSq-QRNIu_LJe2wkepJpo18rgrAyPt9fe0KIDyZiNhk_38QvLrXbtxyjr/gen1200.jpg
2026-06-02 19:11:05,943 DEBUG https://s11.auto.drom.ru:443 "GET /photo/v2/oYTIJjwnm8kuHXOZYYdU78-qEunV38hiPXnYR2Fiot7CTIJjQku40GFXnn2xYi3vLh8NFXEar5x_Od6t/gen1200.jpg HTTP/1.1" 200 228789
2026-06-02 19:11:05,954 DEBUG https://s11.auto.drom.ru:443 "GET /photo/v2/QDIs3KcJSaOpaYDoLyykuhIJi1rPEZcOwKbV9AgTKzIOIyu6Ey5E4AjUz4c9jVHSSO7ZIFanwFDi0LcW/gen1200.jpg HTTP/1.1" 200 216915
2026-06-02 19:11:05,962 DEBUG https://s11.auto.drom.ru:443 "GET /photo/v2/N6jNzQo9-CcN2jpzH70iU1Ash06lawk_s_FD9g6G6jhM_8SW5wvMK5l5vY-7lJXByOls2BQw8slTWemH/gen1200.jpg HTTP/1.1" 200 221445
2026-06-02 19:11:05,996 DEBUG OK 223KB https://s11.auto.drom.ru/photo/v2/oYTIJjwnm8kuHXOZYYdU78-qEunV38hiPXnYR2Fiot7CTIJjQku40GFXnn2xYi3vLh8NFXEar5x_Od6t/gen1200.jpg
2026-06-02 19:11:05,997 DEBUG OK 211KB https://s11.auto.drom.ru/photo/v2/QDIs3KcJSaOpaYDoLyykuhIJi1rPEZcOwKbV9AgTKzIOIyu6Ey5E4AjUz4c9jVHSSO7ZIFanwFDi0LcW/gen1200.jpg
2026-06-02 19:11:06,000 DEBUG OK 216KB https://s11.auto.drom.ru/photo/v2/N6jNzQo9-CcN2jpzH70iU1Ash06lawk_s_FD9g6G6jhM_8SW5wvMK5l5vY-7lJXByOls2BQw8slTWemH/gen1200.jpg
2026-06-02 19:11:06,008 DEBUG https://s11.auto.drom.ru:443 "GET /photo/v2/1ZT1OO-ARi0hARoFClxfoqca4_XAbSxqgd0lXWU-YQY6C_dAhFTXvAXFAMOeS1KJaWJwGDI3ILHN_U-2/gen1200.jpg HTTP/1.1" 200 213766
2026-06-02 19:11:06,018 DEBUG https://s11.auto.drom.ru:443 "GET /photo/v2/VR_Ea7_IaBmcRyNFT6PRR63K_YABsf69t1XkNM9N-szAE7t-LsjZ-vZ0a8xYpbgyyRR1RPFnHsYb7Hgy/gen1200.jpg HTTP/1.1" 200 177294
2026-06-02 19:11:06,034 DEBUG OK 173KB https://s11.auto.drom.ru/photo/v2/VR_Ea7_IaBmcRyNFT6PRR63K_YABsf69t1XkNM9N-szAE7t-LsjZ-vZ0a8xYpbgyyRR1RPFnHsYb7Hgy/gen1200.jpg
2026-06-02 19:11:06,047 DEBUG OK 208KB https://s11.auto.drom.ru/photo/v2/1ZT1OO-ARi0hARoFClxfoqca4_XAbSxqgd0lXWU-YQY6C_dAhFTXvAXFAMOeS1KJaWJwGDI3ILHN_U-2/gen1200.jpg
2026-06-02 19:11:06,057 DEBUG https://s11.auto.drom.ru:443 "GET /photo/v2/n-6fcWH-s2sfa7xPnp7-8euujsmis61qvrelSDER0SOB0QCG3yt-5W1usHhXW-z2qIvGXkGivn_DOoBb/gen1200.jpg HTTP/1.1" 200 240988
2026-06-02 19:11:06,062 DEBUG https://s11.auto.drom.ru:443 "GET /photo/v2/5p3XIA6u7_i-tNPB_66PNuBeY3uEOx7Q9CDkNXI18Yb8m7Ax_pGDpkYcSz-fdBGQQrlUjYf_1B1EoTsD/gen1200.jpg HTTP/1.1" 200 203986
2026-06-02 19:11:06,084 DEBUG https://s11.auto.drom.ru:443 "GET /photo/v2/Tn3JoMEhk4Ws6XM-j3LN8zSIYE3GeJwxhUyxKoFvacR-hltt4vn22J9nvoZxkBCM9mVyUeFgHVKLYtn-/gen1200.jpg HTTP/1.1" 200 187405
2026-06-02 19:11:06,084 DEBUG https://s11.auto.drom.ru:443 "GET /photo/v2/uPpsA8TBfelUcMI4e3HMjZem6IoeoBEuaoeevAJKMNn2hcUqWkCAh62yuhRBNVsyHfbnn3zSsVwrw1TA/gen1200.jpg HTTP/1.1" 200 213425
2026-06-02 19:11:06,085 DEBUG OK 199KB https://s11.auto.drom.ru/photo/v2/5p3XIA6u7_i-tNPB_66PNuBeY3uEOx7Q9CDkNXI18Yb8m7Ax_pGDpkYcSz-fdBGQQrlUjYf_1B1EoTsD/gen1200.jpg
2026-06-02 19:11:06,086 DEBUG https://s11.auto.drom.ru:443 "GET /photo/v2/FhDvof0UbcPi_Z_szSSzYLBn9U050VVP28WFs_3CDyzP7YAzZrEjyYigFnIIZri_nCBv8gjS9LVlS8A6/gen1200.jpg HTTP/1.1" 200 166818
2026-06-02 19:11:06,092 DEBUG https://s11.auto.drom.ru:443 "GET /photo/v2/Ae0l4jCyLqBfeuTEKgTo1sy0j-KCDMn17WOCx3Qb8fAZc6xjeh3sKgCRyX2kjgmU24jNhf9Dkqb3jZiW/gen1200.jpg HTTP/1.1" 200 303045
2026-06-02 19:11:06,096 DEBUG https://s11.auto.drom.ru:443 "GET /photo/v2/GDieAkgjdFjGsOngPFsTo9QLSq-QRNIu_LJe2wkepJpo18rgrAyPt9fe0KIDyZiNhk_38QvLrXbtxyjr/gen1200.jpg HTTP/1.1" 200 288993
2026-06-02 19:11:06,129 DEBUG OK 183KB https://s11.auto.drom.ru/photo/v2/Tn3JoMEhk4Ws6XM-j3LN8zSIYE3GeJwxhUyxKoFvacR-hltt4vn22J9nvoZxkBCM9mVyUeFgHVKLYtn-/gen1200.jpg
2026-06-02 19:11:06,135 DEBUG https://s11.auto.drom.ru:443 "GET /photo/v2/lf_ycfpUmErwo7VR5gtBYi99n5t9fw5tJ3nCCwX-Bq0M5hrGxx9sAob3THrJbXpIbs5xpwBd_LLrAODq/gen1200.jpg HTTP/1.1" 200 238696
2026-06-02 19:11:06,173 DEBUG OK 162KB https://s11.auto.drom.ru/photo/v2/FhDvof0UbcPi_Z_szSSzYLBn9U050VVP28WFs_3CDyzP7YAzZrEjyYigFnIIZri_nCBv8gjS9LVlS8A6/gen1200.jpg
2026-06-02 19:11:06,186 DEBUG OK 233KB https://s11.auto.drom.ru/photo/v2/lf_ycfpUmErwo7VR5gtBYi99n5t9fw5tJ3nCCwX-Bq0M5hrGxx9sAob3THrJbXpIbs5xpwBd_LLrAODq/gen1200.jpg
2026-06-02 19:11:06,193 DEBUG https://s11.auto.drom.ru:443 "GET /photo/v2/1BMAixN2uw5CtULszmC4SWAWs4qVNxq6-p6z36xQBpcxgIYfACgiHc3FGxKdBey_wZIGNF198djcLLbk/gen1200.jpg HTTP/1.1" 200 304054
2026-06-02 19:11:06,193 DEBUG OK 235KB https://s11.auto.drom.ru/photo/v2/n-6fcWH-s2sfa7xPnp7-8euujsmis61qvrelSDER0SOB0QCG3yt-5W1usHhXW-z2qIvGXkGivn_DOoBb/gen1200.jpg
2026-06-02 19:11:06,202 DEBUG OK 208KB https://s11.auto.drom.ru/photo/v2/uPpsA8TBfelUcMI4e3HMjZem6IoeoBEuaoeevAJKMNn2hcUqWkCAh62yuhRBNVsyHfbnn3zSsVwrw1TA/gen1200.jpg
2026-06-02 19:11:06,279 DEBUG OK 282KB https://s11.auto.drom.ru/photo/v2/GDieAkgjdFjGsOngPFsTo9QLSq-QRNIu_LJe2wkepJpo18rgrAyPt9fe0KIDyZiNhk_38QvLrXbtxyjr/gen1200.jpg
2026-06-02 19:11:06,281 DEBUG OK 295KB https://s11.auto.drom.ru/photo/v2/Ae0l4jCyLqBfeuTEKgTo1sy0j-KCDMn17WOCx3Qb8fAZc6xjeh3sKgCRyX2kjgmU24jNhf9Dkqb3jZiW/gen1200.jpg
2026-06-02 19:11:06,283 DEBUG https://s11.auto.drom.ru:443 "GET /photo/v2/4RyPy40eFUWpq1swCzGOnZATwwj7UXSYhCtIsiSwW9H9PKg6ldy1bgY5d6_VJEnLucuhxczxBMpKeMx6/gen1200.jpg HTTP/1.1" 200 196986
2026-06-02 19:11:06,285 DEBUG OK 296KB https://s11.auto.drom.ru/photo/v2/1BMAixN2uw5CtULszmC4SWAWs4qVNxq6-p6z36xQBpcxgIYfACgiHc3FGxKdBey_wZIGNF198djcLLbk/gen1200.jpg
2026-06-02 19:11:06,289 DEBUG https://s11.auto.drom.ru:443 "GET /photo/v2/kOByGl2zewtV5fo0QOlEtN6VWQJeqQSJKakmxdhevCsv6g60S-R1UstLgamatf7I7NpokWieGgPFeezp/gen1200.jpg HTTP/1.1" 200 186185
2026-06-02 19:11:06,308 DEBUG https://s11.auto.drom.ru:443 "GET /photo/v2/eL9ipJk4-maT4maEigjtDA-sE0nxQ2sG5zW3PE1SSAdQuYu90z9J4H5ust-_ZfSo8B8g__1Xb8BnVE_4/gen1200.jpg HTTP/1.1" 200 187513
2026-06-02 19:11:06,317 DEBUG OK 192KB https://s11.auto.drom.ru/photo/v2/4RyPy40eFUWpq1swCzGOnZATwwj7UXSYhCtIsiSwW9H9PKg6ldy1bgY5d6_VJEnLucuhxczxBMpKeMx6/gen1200.jpg
2026-06-02 19:11:06,339 DEBUG OK 181KB https://s11.auto.drom.ru/photo/v2/kOByGl2zewtV5fo0QOlEtN6VWQJeqQSJKakmxdhevCsv6g60S-R1UstLgamatf7I7NpokWieGgPFeezp/gen1200.jpg
2026-06-02 19:11:06,339 DEBUG OK 183KB https://s11.auto.drom.ru/photo/v2/eL9ipJk4-maT4maEigjtDA-sE0nxQ2sG5zW3PE1SSAdQuYu90z9J4H5ust-_ZfSo8B8g__1Xb8BnVE_4/gen1200.jpg
2026-06-02 19:11:06,354 DEBUG https://s11.auto.drom.ru:443 "GET /photo/v2/phDP4xHgcQVqjvwJEWBgsFGGtBWJnS5EfxWMO3jS-5UrQ2qmEvdY56ffnYiWpnBeTnuVjPlfrtskyRze/gen1200.jpg HTTP/1.1" 200 116376
2026-06-02 19:11:06,375 DEBUG https://s11.auto.drom.ru:443 "GET /photo/v2/qX6P_Os7RaraQvIIdPjkj49pdvVNPvuniG-WShqh2Z23fxmwcbGgP-RHjXrHVtcoy8_uiazPjWhEwxl_/gen1200.jpg HTTP/1.1" 200 213633
2026-06-02 19:11:06,376 DEBUG OK 113KB https://s11.auto.drom.ru/photo/v2/phDP4xHgcQVqjvwJEWBgsFGGtBWJnS5EfxWMO3jS-5UrQ2qmEvdY56ffnYiWpnBeTnuVjPlfrtskyRze/gen1200.jpg
2026-06-02 19:11:06,379 DEBUG https://s11.auto.drom.ru:443 "GET /photo/v2/t45Xz8mObe58BHilKf2hLHENqIwf5JZdqBVBV0BQ546KAvkuL9-gcIxBp-bh9hK937ocRLWKaIbztxlF/gen1200.jpg HTTP/1.1" 200 120286
2026-06-02 19:11:06,379 DEBUG https://s11.auto.drom.ru:443 "GET /photo/v2/eL9ipJk4-maT4maEigjtDA-sE0nxQ2sG5zW3PE1SSAdQuYu90z9J4H5ust-_ZfSo8B8g__1Xb8BnVE_4/gen1200.jpg HTTP/1.1" 200 187513
2026-06-02 19:11:06,431 DEBUG https://s11.auto.drom.ru:443 "GET /photo/v2/jVIAsZFBXigPH8va46kYP4KEdVbcCXAX0HzpGA_dYHzXBybMyWYnlFD8ady9aSRhJVkeXQe43boRKxj4/gen1200.jpg HTTP/1.1" 200 169373
2026-06-02 19:11:06,433 DEBUG OK 183KB https://s11.auto.drom.ru/photo/v2/eL9ipJk4-maT4maEigjtDA-sE0nxQ2sG5zW3PE1SSAdQuYu90z9J4H5ust-_ZfSo8B8g__1Xb8BnVE_4/gen1200.jpg
2026-06-02 19:11:06,435 DEBUG OK 117KB https://s11.auto.drom.ru/photo/v2/t45Xz8mObe58BHilKf2hLHENqIwf5JZdqBVBV0BQ546KAvkuL9-gcIxBp-bh9hK937ocRLWKaIbztxlF/gen1200.jpg
2026-06-02 19:11:06,438 DEBUG https://s11.auto.drom.ru:443 "GET /photo/v2/mK6h-2sr-w_IsD590B5ojM7BNWkZILqGB6I99v6uVCTWfZLHBmMwBh0SoA51dwWCv_e7f_SAtTzTmvVl/gen1200.jpg HTTP/1.1" 200 99344
2026-06-02 19:11:06,438 DEBUG OK 208KB https://s11.auto.drom.ru/photo/v2/qX6P_Os7RaraQvIIdPjkj49pdvVNPvuniG-WShqh2Z23fxmwcbGgP-RHjXrHVtcoy8_uiazPjWhEwxl_/gen1200.jpg
2026-06-02 19:11:06,440 DEBUG OK 165KB https://s11.auto.drom.ru/photo/v2/jVIAsZFBXigPH8va46kYP4KEdVbcCXAX0HzpGA_dYHzXBybMyWYnlFD8ady9aSRhJVkeXQe43boRKxj4/gen1200.jpg
2026-06-02 19:11:06,451 DEBUG OK 97KB https://s11.auto.drom.ru/photo/v2/mK6h-2sr-w_IsD590B5ojM7BNWkZILqGB6I99v6uVCTWfZLHBmMwBh0SoA51dwWCv_e7f_SAtTzTmvVl/gen1200.jpg
2026-06-02 19:11:06,469 DEBUG https://s11.auto.drom.ru:443 "GET /photo/v2/L3Vp-t_rApBGWdO0oH1fVnrly-nol_1438lKaV42qHXztzbTItfz_Oz-oPMnwkPjcnmbAKBoDXBwjsm4/gen1200.jpg HTTP/1.1" 200 141881
2026-06-02 19:11:06,479 DEBUG OK 138KB https://s11.auto.drom.ru/photo/v2/L3Vp-t_rApBGWdO0oH1fVnrly-nol_1438lKaV42qHXztzbTItfz_Oz-oPMnwkPjcnmbAKBoDXBwjsm4/gen1200.jpg
2026-06-02 19:11:06,497 DEBUG https://s11.auto.drom.ru:443 "GET /photo/v2/C9W-aVE8CA66U2DyllxBifxirUMFI2kSCdU3cOhXEj1JhWCzq9jITHwij4Eaiyq7PKOYraiA824pIrKJ/gen1200.jpg HTTP/1.1" 200 174988
2026-06-02 19:11:06,504 DEBUG https://s11.auto.drom.ru:443 "GET /photo/v2/IYfDX1xj0y5TXlB23qJDlAZKMbEZg3MrJvBMSlE9E1VPKJV3O5PaFf7UqChc5EhHOpUyoflMNlFD6U7t/gen1200.jpg HTTP/1.1" 200 207938
2026-06-02 19:11:06,510 DEBUG https://s11.auto.drom.ru:443 "GET /photo/v2/VR_Ea7_IaBmcRyNFT6PRR63K_YABsf69t1XkNM9N-szAE7t-LsjZ-vZ0a8xYpbgyyRR1RPFnHsYb7Hgy/gen1200.jpg HTTP/1.1" 200 177294
2026-06-02 19:11:06,524 DEBUG https://s11.auto.drom.ru:443 "GET /photo/v2/3U-WofgYfV7TVQmvfQu-WYO4sVoKnHqaQZCidm4Ae7BmQnCrUm9ShbwI7iDk2G1CmR4WZ2yB2-ykXGHa/gen1200.jpg HTTP/1.1" 200 196784
2026-06-02 19:11:06,538 DEBUG OK 173KB https://s11.auto.drom.ru/photo/v2/VR_Ea7_IaBmcRyNFT6PRR63K_YABsf69t1XkNM9N-szAE7t-LsjZ-vZ0a8xYpbgyyRR1RPFnHsYb7Hgy/gen1200.jpg
2026-06-02 19:11:06,558 DEBUG OK 170KB https://s11.auto.drom.ru/photo/v2/C9W-aVE8CA66U2DyllxBifxirUMFI2kSCdU3cOhXEj1JhWCzq9jITHwij4Eaiyq7PKOYraiA824pIrKJ/gen1200.jpg
2026-06-02 19:11:06,561 DEBUG OK 203KB https://s11.auto.drom.ru/photo/v2/IYfDX1xj0y5TXlB23qJDlAZKMbEZg3MrJvBMSlE9E1VPKJV3O5PaFf7UqChc5EhHOpUyoflMNlFD6U7t/gen1200.jpg
2026-06-02 19:11:06,565 DEBUG https://s11.auto.drom.ru:443 "GET /photo/v2/WhmUzjsEVEvOKqiaQ7rri3cPkJuaFbd6V3U2Y3ka180Sy81ZEInTv5upuLtVnXBxYN1pzNzeAl3m1YiY/gen1200.jpg HTTP/1.1" 200 216076
2026-06-02 19:11:06,565 DEBUG OK 192KB https://s11.auto.drom.ru/photo/v2/3U-WofgYfV7TVQmvfQu-WYO4sVoKnHqaQZCidm4Ae7BmQnCrUm9ShbwI7iDk2G1CmR4WZ2yB2-ykXGHa/gen1200.jpg
2026-06-02 19:11:06,567 DEBUG https://s11.auto.drom.ru:443 "GET /photo/v2/9dM2Gh76lvuIc35TOHF42voTJId66zjwPvpBQHuPk-R7oFeTLZR9aCqAlGYd2t--ooIMY9cnNoSB6gUR/gen1200.jpg HTTP/1.1" 200 172196
2026-06-02 19:11:06,584 DEBUG OK 168KB https://s11.auto.drom.ru/photo/v2/9dM2Gh76lvuIc35TOHF42voTJId66zjwPvpBQHuPk-R7oFeTLZR9aCqAlGYd2t--ooIMY9cnNoSB6gUR/gen1200.jpg
2026-06-02 19:11:06,597 DEBUG OK 211KB https://s11.auto.drom.ru/photo/v2/WhmUzjsEVEvOKqiaQ7rri3cPkJuaFbd6V3U2Y3ka180Sy81ZEInTv5upuLtVnXBxYN1pzNzeAl3m1YiY/gen1200.jpg
2026-06-02 19:11:06,603 DEBUG https://s11.auto.drom.ru:443 "GET /photo/v2/aUOhqaPPMGC1yttxowvPWu1t1lUjumTNSsC6IR83lkYycmbvAZOeAuPorrRPQAvrfxaLkIy3s9VVNWEN/gen1200.jpg HTTP/1.1" 200 204653
2026-06-02 19:11:06,608 DEBUG https://s11.auto.drom.ru:443 "GET /photo/v2/8yG3ALGP3SNm9yDCq6dbxkw18mR-3295OgbXCGmDwwFvgAYuZ3sY7IUF0-eU6NZLynd34n57XPGWDGw7/gen1200.jpg HTTP/1.1" 200 142269
2026-06-02 19:11:06,628 DEBUG OK 138KB https://s11.auto.drom.ru/photo/v2/8yG3ALGP3SNm9yDCq6dbxkw18mR-3295OgbXCGmDwwFvgAYuZ3sY7IUF0-eU6NZLynd34n57XPGWDGw7/gen1200.jpg
2026-06-02 19:11:06,630 DEBUG OK 199KB https://s11.auto.drom.ru/photo/v2/aUOhqaPPMGC1yttxowvPWu1t1lUjumTNSsC6IR83lkYycmbvAZOeAuPorrRPQAvrfxaLkIy3s9VVNWEN/gen1200.jpg
2026-06-02 19:11:06,631 DEBUG https://s11.auto.drom.ru:443 "GET /photo/v2/fJRbHJuh7ny4oituNJ44-zO4qIc3Pa6wAxI01y7Ma2YokeCgQAgn41OtZVvpL0wPXDZaxNz1J72g2sPQ/gen1200.jpg HTTP/1.1" 200 151279
2026-06-02 19:11:06,638 DEBUG https://s11.auto.drom.ru:443 "GET /photo/v2/OJhQlOHEUL0GaGXbC63ji_AsILQDI8xJc6n2vFkJ1HvXM_4bheZPdTMJbNyj7bClE4vIcqf6C_AsH6Ql/gen1200.jpg HTTP/1.1" 200 160549
2026-06-02 19:11:06,648 DEBUG OK 147KB https://s11.auto.drom.ru/photo/v2/fJRbHJuh7ny4oituNJ44-zO4qIc3Pa6wAxI01y7Ma2YokeCgQAgn41OtZVvpL0wPXDZaxNz1J72g2sPQ/gen1200.jpg
2026-06-02 19:11:06,656 DEBUG https://s11.auto.drom.ru:443 "GET /photo/v2/lJx3fNF4QxqhQIMwLbCrUuR9r-qnlFEwOumGH-jlQ1d9lCo21xfVo0YDvTlKwsxL4lvEmhx0Ey60y3YZ/gen1200.jpg HTTP/1.1" 200 218978
2026-06-02 19:11:06,670 DEBUG OK 156KB https://s11.auto.drom.ru/photo/v2/OJhQlOHEUL0GaGXbC63ji_AsILQDI8xJc6n2vFkJ1HvXM_4bheZPdTMJbNyj7bClE4vIcqf6C_AsH6Ql/gen1200.jpg
2026-06-02 19:11:06,672 DEBUG https://s11.auto.drom.ru:443 "GET /photo/v2/we8DGm7ryV78884hQUItjPDTLnO88pMPxaXGECpuRogilt8i-Yl4K9OJ9xio88JjKaYRnvm5VcDx4cWe/gen1200.jpg HTTP/1.1" 200 187154
2026-06-02 19:11:06,690 DEBUG https://s11.auto.drom.ru:443 "GET /photo/v2/lJx3fNF4QxqhQIMwLbCrUuR9r-qnlFEwOumGH-jlQ1d9lCo21xfVo0YDvTlKwsxL4lvEmhx0Ey60y3YZ/gen1200.jpg HTTP/1.1" 200 218978
2026-06-02 19:11:06,691 DEBUG OK 182KB https://s11.auto.drom.ru/photo/v2/we8DGm7ryV78884hQUItjPDTLnO88pMPxaXGECpuRogilt8i-Yl4K9OJ9xio88JjKaYRnvm5VcDx4cWe/gen1200.jpg
2026-06-02 19:11:06,694 DEBUG OK 213KB https://s11.auto.drom.ru/photo/v2/lJx3fNF4QxqhQIMwLbCrUuR9r-qnlFEwOumGH-jlQ1d9lCo21xfVo0YDvTlKwsxL4lvEmhx0Ey60y3YZ/gen1200.jpg
2026-06-02 19:11:06,713 DEBUG OK 213KB https://s11.auto.drom.ru/photo/v2/lJx3fNF4QxqhQIMwLbCrUuR9r-qnlFEwOumGH-jlQ1d9lCo21xfVo0YDvTlKwsxL4lvEmhx0Ey60y3YZ/gen1200.jpg
2026-06-02 19:11:06,715 DEBUG https://s11.auto.drom.ru:443 "GET /photo/v2/upSHupHXVXyqGZcusCJw-xvVmD4cQECM9GraDbyX7oKV4XP7TkRnDt6AuthSm82vNL-OpcnqRdEdryoe/gen1200.jpg HTTP/1.1" 200 223915
2026-06-02 19:11:06,729 DEBUG https://s11.auto.drom.ru:443 "GET /photo/v2/8sclcE5pCOLUVp6ANlsUHKtWJ_ARraSf5zgiJIW5m3Jqm2luv7Fygm8AhhfVHkuTRYsCX9AhYH0mWsUF/gen1200.jpg HTTP/1.1" 200 283407
2026-06-02 19:11:06,762 DEBUG https://s11.auto.drom.ru:443 "GET /photo/v2/A3QoX2ghUTnQO4WpSjJfiCNLbbdtxdFJy3qhhgHvH1aqr68yfeKmqE7h7US_oGy0OfOwN91wB7KMl3Fa/gen1200.jpg HTTP/1.1" 200 184196
2026-06-02 19:11:06,762 DEBUG OK 218KB https://s11.auto.drom.ru/photo/v2/upSHupHXVXyqGZcusCJw-xvVmD4cQECM9GraDbyX7oKV4XP7TkRnDt6AuthSm82vNL-OpcnqRdEdryoe/gen1200.jpg
2026-06-02 19:11:06,768 DEBUG OK 276KB https://s11.auto.drom.ru/photo/v2/8sclcE5pCOLUVp6ANlsUHKtWJ_ARraSf5zgiJIW5m3Jqm2luv7Fygm8AhhfVHkuTRYsCX9AhYH0mWsUF/gen1200.jpg
2026-06-02 19:11:06,770 DEBUG https://s11.auto.drom.ru:443 "GET /photo/v2/L3Vp-t_rApBGWdO0oH1fVnrly-nol_1438lKaV42qHXztzbTItfz_Oz-oPMnwkPjcnmbAKBoDXBwjsm4/gen1200.jpg HTTP/1.1" 200 141881
2026-06-02 19:11:06,780 DEBUG OK 179KB https://s11.auto.drom.ru/photo/v2/A3QoX2ghUTnQO4WpSjJfiCNLbbdtxdFJy3qhhgHvH1aqr68yfeKmqE7h7US_oGy0OfOwN91wB7KMl3Fa/gen1200.jpg
2026-06-02 19:11:06,785 DEBUG https://s11.auto.drom.ru:443 "GET /photo/v2/B2wJil4PrJC-S0vbWicbmYsC7xgpweRCFktV9e5iA93tD5dn2dg5DRGmJRZm-53_SKZgLwQMid2k3sjV/gen1200.jpg HTTP/1.1" 200 183769
2026-06-02 19:11:06,787 DEBUG https://s11.auto.drom.ru:443 "GET /photo/v2/dOjBTrs1hnk2viWksIgnWmJo8OWGcMbk5HGlLQnXKlhOnzrJ-ZaWl4M5rX3hufJl9SoleOX1BwC2_pdN/gen1200.jpg HTTP/1.1" 200 144646
2026-06-02 19:11:06,796 DEBUG https://s11.auto.drom.ru:443 "GET /photo/v2/B2wJil4PrJC-S0vbWicbmYsC7xgpweRCFktV9e5iA93tD5dn2dg5DRGmJRZm-53_SKZgLwQMid2k3sjV/gen1200.jpg HTTP/1.1" 200 183769
2026-06-02 19:11:06,812 DEBUG OK 179KB https://s11.auto.drom.ru/photo/v2/B2wJil4PrJC-S0vbWicbmYsC7xgpweRCFktV9e5iA93tD5dn2dg5DRGmJRZm-53_SKZgLwQMid2k3sjV/gen1200.jpg
2026-06-02 19:11:06,823 DEBUG OK 179KB https://s11.auto.drom.ru/photo/v2/B2wJil4PrJC-S0vbWicbmYsC7xgpweRCFktV9e5iA93tD5dn2dg5DRGmJRZm-53_SKZgLwQMid2k3sjV/gen1200.jpg
2026-06-02 19:11:06,825 DEBUG https://s11.auto.drom.ru:443 "GET /photo/v2/jA6CJvviFvonNK5AgUcwA1wRaHd2c-oq6UesNaEhag-rbv-fd3tDSWf2ySsQG9SILrjFEuFRTqvv63Vn/gen1200.jpg HTTP/1.1" 200 188590
2026-06-02 19:11:06,827 DEBUG https://s11.auto.drom.ru:443 "GET /photo/v2/HIq5ik4BVQEwi5j7IltS8t9N3xz7Hd3oKzgaxsTUpLx0SPLUV1GZ8ZUmjlHhAbSjd7tlzEF6FtMyUMUb/gen1200.jpg HTTP/1.1" 200 181235
2026-06-02 19:11:06,840 DEBUG OK 141KB https://s11.auto.drom.ru/photo/v2/dOjBTrs1hnk2viWksIgnWmJo8OWGcMbk5HGlLQnXKlhOnzrJ-ZaWl4M5rX3hufJl9SoleOX1BwC2_pdN/gen1200.jpg
2026-06-02 19:11:06,843 DEBUG OK 138KB https://s11.auto.drom.ru/photo/v2/L3Vp-t_rApBGWdO0oH1fVnrly-nol_1438lKaV42qHXztzbTItfz_Oz-oPMnwkPjcnmbAKBoDXBwjsm4/gen1200.jpg
2026-06-02 19:11:06,862 DEBUG OK 176KB https://s11.auto.drom.ru/photo/v2/HIq5ik4BVQEwi5j7IltS8t9N3xz7Hd3oKzgaxsTUpLx0SPLUV1GZ8ZUmjlHhAbSjd7tlzEF6FtMyUMUb/gen1200.jpg
2026-06-02 19:11:06,863 DEBUG OK 184KB https://s11.auto.drom.ru/photo/v2/jA6CJvviFvonNK5AgUcwA1wRaHd2c-oq6UesNaEhag-rbv-fd3tDSWf2ySsQG9SILrjFEuFRTqvv63Vn/gen1200.jpg
2026-06-02 19:11:06,864 DEBUG https://s11.auto.drom.ru:443 "GET /photo/v2/Y4cBXUIqpuRNZoZTfgEL3egsCw9-dhQkuvkCC4KdtrM14zSkfIWaUgy4MhiRroxTLOgKZHs5rPb5tDoR/gen1200.jpg HTTP/1.1" 200 172711
2026-06-02 19:11:06,876 DEBUG OK 168KB https://s11.auto.drom.ru/photo/v2/Y4cBXUIqpuRNZoZTfgEL3egsCw9-dhQkuvkCC4KdtrM14zSkfIWaUgy4MhiRroxTLOgKZHs5rPb5tDoR/gen1200.jpg
2026-06-02 19:11:06,877 DEBUG https://s11.auto.drom.ru:443 "GET /photo/v2/qZ1oXdFivW0DLiYv-noBciA-aGQsmpUo9C4STZpQst_Hnvfn-U0hYboHHVeoGxDtjufbg7f7akahRGJx/gen1200.jpg HTTP/1.1" 200 174444
2026-06-02 19:11:06,893 DEBUG https://s11.auto.drom.ru:443 "GET /photo/v2/cQazD5F8bU7ozjO_L1DEILXMC34f12rUlQv3D0UYYHhyCEaEADwzuHcrMcjDsU43yWR86rk5Ih7R2Vlj/gen1200.jpg HTTP/1.1" 200 205764
2026-06-02 19:11:06,893 DEBUG https://s11.auto.drom.ru:443 "GET /photo/v2/aNUj-XmN52o27klf7k1UVOo3o1YBI3UyoyFabE4eTlFRwefJiXuk8uPu9bIy1-PhJ_SDSMNB2ZoeNQvc/gen1200.jpg HTTP/1.1" 200 466017
2026-06-02 19:11:06,893 DEBUG OK 170KB https://s11.auto.drom.ru/photo/v2/qZ1oXdFivW0DLiYv-noBciA-aGQsmpUo9C4STZpQst_Hnvfn-U0hYboHHVeoGxDtjufbg7f7akahRGJx/gen1200.jpg
2026-06-02 19:11:06,907 DEBUG https://s11.auto.drom.ru:443 "GET /photo/v2/NtRS45UT35pZskJC72gDVtI3x4k3_ilvcItJYy-8VOAuhkdBrrMupkYNcLv0EpsOqcGOUfcT6nltfFJE/gen1200.jpg HTTP/1.1" 200 201009
2026-06-02 19:11:06,949 DEBUG OK 196KB https://s11.auto.drom.ru/photo/v2/NtRS45UT35pZskJC72gDVtI3x4k3_ilvcItJYy-8VOAuhkdBrrMupkYNcLv0EpsOqcGOUfcT6nltfFJE/gen1200.jpg
2026-06-02 19:11:06,950 DEBUG https://s11.auto.drom.ru:443 "GET /photo/v2/vb1Atu89aIXyLAG5ShmlQoRecf9qhDLVH5AXA5c6krCtb619MguyJhbQhRhRAIvzCraWE_I1MFmFjXiQ/gen1200.jpg HTTP/1.1" 200 172863
2026-06-02 19:11:06,952 DEBUG OK 200KB https://s11.auto.drom.ru/photo/v2/cQazD5F8bU7ozjO_L1DEILXMC34f12rUlQv3D0UYYHhyCEaEADwzuHcrMcjDsU43yWR86rk5Ih7R2Vlj/gen1200.jpg
2026-06-02 19:11:06,975 DEBUG https://s11.auto.drom.ru:443 "GET /photo/v2/cQazD5F8bU7ozjO_L1DEILXMC34f12rUlQv3D0UYYHhyCEaEADwzuHcrMcjDsU43yWR86rk5Ih7R2Vlj/gen1200.jpg HTTP/1.1" 200 205764
2026-06-02 19:11:06,977 DEBUG https://s11.auto.drom.ru:443 "GET /photo/v2/RxeDxDG5bf3pc19TmXHkrf5j2oUb96upg9x71kOvQLZiLI76ExB4neFrchrtEy-GpyKKmuQVd9klMlzR/gen1200.jpg HTTP/1.1" 200 200956
2026-06-02 19:11:06,978 DEBUG OK 168KB https://s11.auto.drom.ru/photo/v2/vb1Atu89aIXyLAG5ShmlQoRecf9qhDLVH5AXA5c6krCtb619MguyJhbQhRhRAIvzCraWE_I1MFmFjXiQ/gen1200.jpg
2026-06-02 19:11:07,003 DEBUG OK 200KB https://s11.auto.drom.ru/photo/v2/cQazD5F8bU7ozjO_L1DEILXMC34f12rUlQv3D0UYYHhyCEaEADwzuHcrMcjDsU43yWR86rk5Ih7R2Vlj/gen1200.jpg
2026-06-02 19:11:07,008 DEBUG https://s11.auto.drom.ru:443 "GET /photo/v2/xVxlBnIY5V4QuykGhTSoCu_T7ZK4JRTdphOjQTfSyMMS8kfjujJP1L50d3O3M38lNcRN7ayJXPtoXCGW/gen1200.jpg HTTP/1.1" 200 124069
2026-06-02 19:11:07,020 DEBUG https://s11.auto.drom.ru:443 "GET /photo/v2/C9W-aVE8CA66U2DyllxBifxirUMFI2kSCdU3cOhXEj1JhWCzq9jITHwij4Eaiyq7PKOYraiA824pIrKJ/gen1200.jpg HTTP/1.1" 200 174988
2026-06-02 19:11:07,021 DEBUG OK 121KB https://s11.auto.drom.ru/photo/v2/xVxlBnIY5V4QuykGhTSoCu_T7ZK4JRTdphOjQTfSyMMS8kfjujJP1L50d3O3M38lNcRN7ayJXPtoXCGW/gen1200.jpg
2026-06-02 19:11:07,040 DEBUG https://s11.auto.drom.ru:443 "GET /photo/v2/tCrJbEcJrQuat01hgv9VbnkuZbGkHiOiA82HUtJaMOKVVzE4enzn2QHes1qUGHAY1O46aWiRW71Xw9Li/gen1200.jpg HTTP/1.1" 200 219633
2026-06-02 19:11:07,041 DEBUG OK 170KB https://s11.auto.drom.ru/photo/v2/C9W-aVE8CA66U2DyllxBifxirUMFI2kSCdU3cOhXEj1JhWCzq9jITHwij4Eaiyq7PKOYraiA824pIrKJ/gen1200.jpg
2026-06-02 19:11:07,046 DEBUG OK 196KB https://s11.auto.drom.ru/photo/v2/RxeDxDG5bf3pc19TmXHkrf5j2oUb96upg9x71kOvQLZiLI76ExB4neFrchrtEy-GpyKKmuQVd9klMlzR/gen1200.jpg
2026-06-02 19:11:07,050 DEBUG OK 455KB https://s11.auto.drom.ru/photo/v2/aNUj-XmN52o27klf7k1UVOo3o1YBI3UyoyFabE4eTlFRwefJiXuk8uPu9bIy1-PhJ_SDSMNB2ZoeNQvc/gen1200.jpg
2026-06-02 19:11:07,059 DEBUG https://s11.auto.drom.ru:443 "GET /photo/v2/lrIYbEwZgKK2WrtUtC-A3vE9HKagSy-_NytJkNXZSz-0Uh3y-62Wrfa7euJQ14jvM_KiftbsrUSxP_g_/gen1200.jpg HTTP/1.1" 200 248319
2026-06-02 19:11:07,103 DEBUG https://s11.auto.drom.ru:443 "GET /photo/v2/ETSbPDwWtfmrDiyj0FyYmqTWzjAtfv9G4aAr8HDgGc4yAY4JeBXhyGMOfyTqomNdOJt5nCIFerBsHmB0/gen1200.jpg HTTP/1.1" 200 233559
2026-06-02 19:11:07,108 DEBUG OK 214KB https://s11.auto.drom.ru/photo/v2/tCrJbEcJrQuat01hgv9VbnkuZbGkHiOiA82HUtJaMOKVVzE4enzn2QHes1qUGHAY1O46aWiRW71Xw9Li/gen1200.jpg
2026-06-02 19:11:07,108 DEBUG OK 242KB https://s11.auto.drom.ru/photo/v2/lrIYbEwZgKK2WrtUtC-A3vE9HKagSy-_NytJkNXZSz-0Uh3y-62Wrfa7euJQ14jvM_KiftbsrUSxP_g_/gen1200.jpg
2026-06-02 19:11:07,115 DEBUG https://s11.auto.drom.ru:443 "GET /photo/v2/OJhQlOHEUL0GaGXbC63ji_AsILQDI8xJc6n2vFkJ1HvXM_4bheZPdTMJbNyj7bClE4vIcqf6C_AsH6Ql/gen1200.jpg HTTP/1.1" 200 160549
2026-06-02 19:11:07,138 DEBUG https://s11.auto.drom.ru:443 "GET /photo/v2/TWsSQg4IrfjSHiELLCWyFVMozW29XUHhNVuqtWEnLbTTTLOhlHrKxHizHTc9dLHOWVQs3j3V5zxY0g7l/gen1200.jpg HTTP/1.1" 200 126014
2026-06-02 19:11:07,148 DEBUG OK 156KB https://s11.auto.drom.ru/photo/v2/OJhQlOHEUL0GaGXbC63ji_AsILQDI8xJc6n2vFkJ1HvXM_4bheZPdTMJbNyj7bClE4vIcqf6C_AsH6Ql/gen1200.jpg
2026-06-02 19:11:07,168 DEBUG OK 123KB https://s11.auto.drom.ru/photo/v2/TWsSQg4IrfjSHiELLCWyFVMozW29XUHhNVuqtWEnLbTTTLOhlHrKxHizHTc9dLHOWVQs3j3V5zxY0g7l/gen1200.jpg
2026-06-02 19:11:07,200 DEBUG https://s11.auto.drom.ru:443 "GET /photo/v2/MIfhIkODwm5h_vUEQRbJMq85H7zXh_CiybE-cajMwkM7o8jONQo9-woGr2_5ASN2wTZea6iwRDBnXHgK/gen1200.jpg HTTP/1.1" 200 208398
2026-06-02 19:11:07,212 DEBUG https://s11.auto.drom.ru:443 "GET /photo/v2/jpTbkm0KCMwoayx1BnEgGGStTqe7iquK5SCl1-OJQ8iJh6Lmzqbvd0G2LNXZtfBm18x-j8dsUFbzYoW1/gen1200.jpg HTTP/1.1" 200 153164
2026-06-02 19:11:07,245 DEBUG OK 203KB https://s11.auto.drom.ru/photo/v2/MIfhIkODwm5h_vUEQRbJMq85H7zXh_CiybE-cajMwkM7o8jONQo9-woGr2_5ASN2wTZea6iwRDBnXHgK/gen1200.jpg
2026-06-02 19:11:07,248 DEBUG OK 228KB https://s11.auto.drom.ru/photo/v2/ETSbPDwWtfmrDiyj0FyYmqTWzjAtfv9G4aAr8HDgGc4yAY4JeBXhyGMOfyTqomNdOJt5nCIFerBsHmB0/gen1200.jpg
2026-06-02 19:11:07,252 DEBUG OK 149KB https://s11.auto.drom.ru/photo/v2/jpTbkm0KCMwoayx1BnEgGGStTqe7iquK5SCl1-OJQ8iJh6Lmzqbvd0G2LNXZtfBm18x-j8dsUFbzYoW1/gen1200.jpg
2026-06-02 19:11:07,302 DEBUG https://s11.auto.drom.ru:443 "GET /photo/v2/xGgsH1Y76uYAm1_tyau7ssHVJQjuj4uwMRHbpor41NeVEVH79buf1qIdaBJSDlsQfraDR821tGqrQ6Ir/gen1200.jpg HTTP/1.1" 200 265504
2026-06-02 19:11:07,322 DEBUG https://s11.auto.drom.ru:443 "GET /photo/v2/SzAUJE79IJoCS6hGbAOPgaSi2X73GsnNMK0uegEpHF8f2F-n5nTFNrDKgAKQUY3smFxaBJMSmyOGRzMn/gen1200.jpg HTTP/1.1" 200 161202
2026-06-02 19:11:07,325 DEBUG OK 157KB https://s11.auto.drom.ru/photo/v2/SzAUJE79IJoCS6hGbAOPgaSi2X73GsnNMK0uegEpHF8f2F-n5nTFNrDKgAKQUY3smFxaBJMSmyOGRzMn/gen1200.jpg
2026-06-02 19:11:07,333 DEBUG OK 259KB https://s11.auto.drom.ru/photo/v2/xGgsH1Y76uYAm1_tyau7ssHVJQjuj4uwMRHbpor41NeVEVH79buf1qIdaBJSDlsQfraDR821tGqrQ6Ir/gen1200.jpg
2026-06-02 19:11:07,336 DEBUG https://s11.auto.drom.ru:443 "GET /photo/v2/aC_FBBIhNxYhfjS5QT31RGC7gF-KDIj5bsAuwYONiz4MeP-3SWlbGBoxuxZR4w_MQZLFIklGLdOxG3Ls/gen1200.jpg HTTP/1.1" 200 71547
2026-06-02 19:11:07,336 DEBUG https://s11.auto.drom.ru:443 "GET /photo/v2/qQeMOj4eHdTCbm5-fYNxsHy6JgXDpWSVH7nzZRhCiTqUAVEXDlpDR6vaK6MA1kILO9FfxJbfBqz8unrH/gen1200.jpg HTTP/1.1" 200 99759
2026-06-02 19:11:07,356 DEBUG OK 97KB https://s11.auto.drom.ru/photo/v2/qQeMOj4eHdTCbm5-fYNxsHy6JgXDpWSVH7nzZRhCiTqUAVEXDlpDR6vaK6MA1kILO9FfxJbfBqz8unrH/gen1200.jpg
2026-06-02 19:11:07,356 DEBUG OK 69KB https://s11.auto.drom.ru/photo/v2/aC_FBBIhNxYhfjS5QT31RGC7gF-KDIj5bsAuwYONiz4MeP-3SWlbGBoxuxZR4w_MQZLFIklGLdOxG3Ls/gen1200.jpg
2026-06-02 19:11:07,359 DEBUG https://s11.auto.drom.ru:443 "GET /photo/v2/Fe75X-o6vPdwoW5ooc2apJ_k_qURVxDVVcHeG71v9u4o9CtAfWeK7ReTNEoOr08nD2eU-WmpOOhmpn2w/gen1200.jpg HTTP/1.1" 200 272523
2026-06-02 19:11:07,394 DEBUG https://s11.auto.drom.ru:443 "GET /photo/v2/cP4WfdFoagwqnqjPOvx2mj8YkvyvxpFpMn_JZ3UW13VJ6U7N2CBAnaS4UUMMakX6X07ECpC6-VgNNlHL/gen1200.jpg HTTP/1.1" 200 282927
2026-06-02 19:11:07,395 DEBUG OK 266KB https://s11.auto.drom.ru/photo/v2/Fe75X-o6vPdwoW5ooc2apJ_k_qURVxDVVcHeG71v9u4o9CtAfWeK7ReTNEoOr08nD2eU-WmpOOhmpn2w/gen1200.jpg
2026-06-02 19:11:07,396 DEBUG https://s11.auto.drom.ru:443 "GET /photo/v2/AFJt60PrbG-v38Jz9K219wNItf94fAPck97-P_qHzHk5Ws65TCRI0FdgilC1z0LhIFsuF6tVHh8zXubp/gen1200.jpg HTTP/1.1" 200 292156
2026-06-02 19:11:07,402 DEBUG https://s11.auto.drom.ru:443 "GET /photo/v2/5an7t8kP_JnTFlZf1nvD3VfX2hvxSgDy-oIktEfknMq5bImKL_qZCZT0Rx-PDSEFASH3SpGX-_KT-JIU/gen1200.jpg HTTP/1.1" 200 168811
2026-06-02 19:11:07,454 DEBUG https://s11.auto.drom.ru:443 "GET /photo/v2/ehiIqGbWaKofd0YvNwyYvsPeX-RBACmPcGZ7ujTZUjAS_otGaaWlowsn9max6oZ7oCVMJdFCaPpthln4/gen1200.jpg HTTP/1.1" 200 135268
2026-06-02 19:11:07,457 DEBUG https://s11.auto.drom.ru:443 "GET /photo/v2/re0yoZtpFUKx3WFB96-nzUiQoh1rLgNmDXHDaOoek_CfQkYQkzInkgKdoYBV0lVxFVJ3u8PUZvTSic1R/gen1200.jpg HTTP/1.1" 200 195134
2026-06-02 19:11:07,466 DEBUG OK 164KB https://s11.auto.drom.ru/photo/v2/5an7t8kP_JnTFlZf1nvD3VfX2hvxSgDy-oIktEfknMq5bImKL_qZCZT0Rx-PDSEFASH3SpGX-_KT-JIU/gen1200.jpg
2026-06-02 19:11:07,473 DEBUG OK 285KB https://s11.auto.drom.ru/photo/v2/AFJt60PrbG-v38Jz9K219wNItf94fAPck97-P_qHzHk5Ws65TCRI0FdgilC1z0LhIFsuF6tVHh8zXubp/gen1200.jpg
2026-06-02 19:11:07,475 DEBUG OK 276KB https://s11.auto.drom.ru/photo/v2/cP4WfdFoagwqnqjPOvx2mj8YkvyvxpFpMn_JZ3UW13VJ6U7N2CBAnaS4UUMMakX6X07ECpC6-VgNNlHL/gen1200.jpg
2026-06-02 19:11:07,489 DEBUG OK 132KB https://s11.auto.drom.ru/photo/v2/ehiIqGbWaKofd0YvNwyYvsPeX-RBACmPcGZ7ujTZUjAS_otGaaWlowsn9max6oZ7oCVMJdFCaPpthln4/gen1200.jpg
2026-06-02 19:11:07,494 DEBUG https://s11.auto.drom.ru:443 "GET /photo/v2/tCrJbEcJrQuat01hgv9VbnkuZbGkHiOiA82HUtJaMOKVVzE4enzn2QHes1qUGHAY1O46aWiRW71Xw9Li/gen1200.jpg HTTP/1.1" 200 219633
2026-06-02 19:11:07,494 DEBUG OK 190KB https://s11.auto.drom.ru/photo/v2/re0yoZtpFUKx3WFB96-nzUiQoh1rLgNmDXHDaOoek_CfQkYQkzInkgKdoYBV0lVxFVJ3u8PUZvTSic1R/gen1200.jpg
2026-06-02 19:11:07,511 DEBUG OK 214KB https://s11.auto.drom.ru/photo/v2/tCrJbEcJrQuat01hgv9VbnkuZbGkHiOiA82HUtJaMOKVVzE4enzn2QHes1qUGHAY1O46aWiRW71Xw9Li/gen1200.jpg
2026-06-02 19:11:07,520 DEBUG https://s11.auto.drom.ru:443 "GET /photo/v2/ehiIqGbWaKofd0YvNwyYvsPeX-RBACmPcGZ7ujTZUjAS_otGaaWlowsn9max6oZ7oCVMJdFCaPpthln4/gen1200.jpg HTTP/1.1" 200 135268
2026-06-02 19:11:07,529 DEBUG https://s11.auto.drom.ru:443 "GET /photo/v2/U4aowohl_MM1xxbdEZFVznZNuO3clfAJ01NSGpNb2OUC2eNh_5zKNRMdu6Na6iDNSowDycn-kjr_DaKv/gen1200.jpg HTTP/1.1" 200 268288
2026-06-02 19:11:07,546 DEBUG https://s11.auto.drom.ru:443 "GET /photo/v2/tMlmv2x2U0lZlpviO9u5fZHT-AfukyZUgPa6gQ0pbgNX14jq8ncS2-g5CYxyfTlRJgXEOR1Jm3HZ6zLy/gen1200.jpg HTTP/1.1" 200 150646
2026-06-02 19:11:07,553 DEBUG https://s11.auto.drom.ru:443 "GET /photo/v2/veyAwN714lowubd2MEhgg0my8WVmitx_Exhq5YjQC0QmDr8_393VXLouRAZa77mXYoMirXLMG5U_t4yS/gen1200.jpg HTTP/1.1" 200 146239
2026-06-02 19:11:07,565 DEBUG OK 262KB https://s11.auto.drom.ru/photo/v2/U4aowohl_MM1xxbdEZFVznZNuO3clfAJ01NSGpNb2OUC2eNh_5zKNRMdu6Na6iDNSowDycn-kjr_DaKv/gen1200.jpg
2026-06-02 19:11:07,569 DEBUG OK 132KB https://s11.auto.drom.ru/photo/v2/ehiIqGbWaKofd0YvNwyYvsPeX-RBACmPcGZ7ujTZUjAS_otGaaWlowsn9max6oZ7oCVMJdFCaPpthln4/gen1200.jpg
2026-06-02 19:11:07,584 DEBUG https://s11.auto.drom.ru:443 "GET /photo/v2/_WbyFKaKmzKoFOo-lGqndtWe4cYg-IgvF9Seuk5cOUOJ013AT9cbZsoqYiS9FTABdjqITeSraSZtyxvr/gen1200.jpg HTTP/1.1" 200 148509
2026-06-02 19:11:07,584 DEBUG OK 147KB https://s11.auto.drom.ru/photo/v2/tMlmv2x2U0lZlpviO9u5fZHT-AfukyZUgPa6gQ0pbgNX14jq8ncS2-g5CYxyfTlRJgXEOR1Jm3HZ6zLy/gen1200.jpg
2026-06-02 19:11:07,586 DEBUG OK 142KB https://s11.auto.drom.ru/photo/v2/veyAwN714lowubd2MEhgg0my8WVmitx_Exhq5YjQC0QmDr8_393VXLouRAZa77mXYoMirXLMG5U_t4yS/gen1200.jpg
2026-06-02 19:11:07,595 DEBUG https://s11.auto.drom.ru:443 "GET /photo/v2/e49el34heQgTRHQ3fuAzODjMUksPtMZL4rXnzMIAmwD1WeeUQ4y4MlrEFw_vs4vEhJpfF-yF9-FwzSde/gen1200.jpg HTTP/1.1" 200 150028
2026-06-02 19:11:07,600 DEBUG OK 145KB https://s11.auto.drom.ru/photo/v2/_WbyFKaKmzKoFOo-lGqndtWe4cYg-IgvF9Seuk5cOUOJ013AT9cbZsoqYiS9FTABdjqITeSraSZtyxvr/gen1200.jpg
2026-06-02 19:11:07,603 DEBUG https://s11.auto.drom.ru:443 "GET /photo/v2/U4aowohl_MM1xxbdEZFVznZNuO3clfAJ01NSGpNb2OUC2eNh_5zKNRMdu6Na6iDNSowDycn-kjr_DaKv/gen1200.jpg HTTP/1.1" 200 268288
2026-06-02 19:11:07,627 DEBUG OK 146KB https://s11.auto.drom.ru/photo/v2/e49el34heQgTRHQ3fuAzODjMUksPtMZL4rXnzMIAmwD1WeeUQ4y4MlrEFw_vs4vEhJpfF-yF9-FwzSde/gen1200.jpg
2026-06-02 19:11:07,630 DEBUG https://s11.auto.drom.ru:443 "GET /photo/v2/dYtg9nBwm3tZ6diSPrdor7BMJX7ulYrSLaFyHuWed7t1MxD0kRkzJVOOsVTJmpinuiDhW_3bx093Gov2/gen1200.jpg HTTP/1.1" 200 300263
2026-06-02 19:11:07,641 DEBUG OK 262KB https://s11.auto.drom.ru/photo/v2/U4aowohl_MM1xxbdEZFVznZNuO3clfAJ01NSGpNb2OUC2eNh_5zKNRMdu6Na6iDNSowDycn-kjr_DaKv/gen1200.jpg
2026-06-02 19:11:07,648 DEBUG https://s11.auto.drom.ru:443 "GET /photo/v2/NtNSwXnjXZK0fzqdIuwXnJXjxTZ8dKz5hSfQq2dLdMI8qdLGUiO0nDfnpz_Fu9lx5VlV5I1Smm5jHdlK/gen1200.jpg HTTP/1.1" 200 265948
2026-06-02 19:11:07,673 DEBUG https://s11.auto.drom.ru:443 "GET /photo/v2/yps-bdMN42U7WCuLde2WWA8IfuCI_Fd80QAG4KfiL7etJwFsDtt_9X3-F951ZvAZN1S3Itp-eTIHsUvP/gen1200.jpg HTTP/1.1" 200 277770
2026-06-02 19:11:07,675 DEBUG OK 293KB https://s11.auto.drom.ru/photo/v2/dYtg9nBwm3tZ6diSPrdor7BMJX7ulYrSLaFyHuWed7t1MxD0kRkzJVOOsVTJmpinuiDhW_3bx093Gov2/gen1200.jpg
2026-06-02 19:11:07,680 DEBUG https://s11.auto.drom.ru:443 "GET /photo/v2/re0yoZtpFUKx3WFB96-nzUiQoh1rLgNmDXHDaOoek_CfQkYQkzInkgKdoYBV0lVxFVJ3u8PUZvTSic1R/gen1200.jpg HTTP/1.1" 200 195134
2026-06-02 19:11:07,703 DEBUG OK 190KB https://s11.auto.drom.ru/photo/v2/re0yoZtpFUKx3WFB96-nzUiQoh1rLgNmDXHDaOoek_CfQkYQkzInkgKdoYBV0lVxFVJ3u8PUZvTSic1R/gen1200.jpg
2026-06-02 19:11:07,704 DEBUG https://s11.auto.drom.ru:443 "GET /photo/v2/laiEmMG0P9cga7060cJRDxAcMDfL_NpM4764EscbnsXBpo4Cmo99VatQjVMMlwq3OavvHdbd_PH0htuA/gen1200.jpg HTTP/1.1" 200 288955
2026-06-02 19:11:07,769 DEBUG https://s11.auto.drom.ru:443 "GET /photo/v2/fyvWn2K9-9qOR9j9aY1dpmWuoXbukPFFiGZoNteOB-G9IqGf1r6ZZwHelypAj9hkQsWT7RVdk-gmZCpD/gen1200.jpg HTTP/1.1" 200 396151
2026-06-02 19:11:07,774 DEBUG https://s11.auto.drom.ru:443 "GET /photo/v2/yps-bdMN42U7WCuLde2WWA8IfuCI_Fd80QAG4KfiL7etJwFsDtt_9X3-F951ZvAZN1S3Itp-eTIHsUvP/gen1200.jpg HTTP/1.1" 200 277770
2026-06-02 19:11:07,775 DEBUG https://s11.auto.drom.ru:443 "GET /photo/v2/CfAw0wrPlBlw2_R0OSYUfzktlm0LFnsJI6zHkYoLUUxzs_zWpNUqkVvwGN4VqfshRbEGCJNe-TrtwbaZ/gen1200.jpg HTTP/1.1" 200 282377
2026-06-02 19:11:07,777 DEBUG OK 259KB https://s11.auto.drom.ru/photo/v2/NtNSwXnjXZK0fzqdIuwXnJXjxTZ8dKz5hSfQq2dLdMI8qdLGUiO0nDfnpz_Fu9lx5VlV5I1Smm5jHdlK/gen1200.jpg
2026-06-02 19:11:07,778 DEBUG OK 271KB https://s11.auto.drom.ru/photo/v2/yps-bdMN42U7WCuLde2WWA8IfuCI_Fd80QAG4KfiL7etJwFsDtt_9X3-F951ZvAZN1S3Itp-eTIHsUvP/gen1200.jpg
2026-06-02 19:11:07,779 DEBUG OK 282KB https://s11.auto.drom.ru/photo/v2/laiEmMG0P9cga7060cJRDxAcMDfL_NpM4764EscbnsXBpo4Cmo99VatQjVMMlwq3OavvHdbd_PH0htuA/gen1200.jpg
2026-06-02 19:11:07,811 DEBUG OK 271KB https://s11.auto.drom.ru/photo/v2/yps-bdMN42U7WCuLde2WWA8IfuCI_Fd80QAG4KfiL7etJwFsDtt_9X3-F951ZvAZN1S3Itp-eTIHsUvP/gen1200.jpg
2026-06-02 19:11:07,826 DEBUG OK 386KB https://s11.auto.drom.ru/photo/v2/fyvWn2K9-9qOR9j9aY1dpmWuoXbukPFFiGZoNteOB-G9IqGf1r6ZZwHelypAj9hkQsWT7RVdk-gmZCpD/gen1200.jpg
2026-06-02 19:11:07,828 DEBUG https://s11.auto.drom.ru:443 "GET /photo/v2/SaqZAvlOLKmu_LgDoBmazqFG8Iq9xH2w3lix1G6hXQTXqWqAJEpyZ5fWYuRqnRHABTK1xDjB9iTqr4iX/gen1200.jpg HTTP/1.1" 200 272105
2026-06-02 19:11:07,829 DEBUG OK 275KB https://s11.auto.drom.ru/photo/v2/CfAw0wrPlBlw2_R0OSYUfzktlm0LFnsJI6zHkYoLUUxzs_zWpNUqkVvwGN4VqfshRbEGCJNe-TrtwbaZ/gen1200.jpg
2026-06-02 19:11:07,842 DEBUG https://s11.auto.drom.ru:443 "GET /photo/v2/D4T-z4URO-O1-IOzKnC9-OuefnII5lCMHl_gsHlXlSWf8cAdWoeg6achz4OS6czQwGhNhKDXpZR7Qc6E/gen1200.jpg HTTP/1.1" 200 177923
2026-06-02 19:11:07,844 DEBUG https://s11.auto.drom.ru:443 "GET /photo/v2/xGgsH1Y76uYAm1_tyau7ssHVJQjuj4uwMRHbpor41NeVEVH79buf1qIdaBJSDlsQfraDR821tGqrQ6Ir/gen1200.jpg HTTP/1.1" 200 265504
2026-06-02 19:11:07,868 DEBUG OK 265KB https://s11.auto.drom.ru/photo/v2/SaqZAvlOLKmu_LgDoBmazqFG8Iq9xH2w3lix1G6hXQTXqWqAJEpyZ5fWYuRqnRHABTK1xDjB9iTqr4iX/gen1200.jpg
2026-06-02 19:11:07,884 DEBUG OK 173KB https://s11.auto.drom.ru/photo/v2/D4T-z4URO-O1-IOzKnC9-OuefnII5lCMHl_gsHlXlSWf8cAdWoeg6achz4OS6czQwGhNhKDXpZR7Qc6E/gen1200.jpg
2026-06-02 19:11:07,885 DEBUG https://s11.auto.drom.ru:443 "GET /photo/v2/Kcp9s76oY3fR2SaQvLlhP5GXI_7utszlVCDlPDl6OrDix4c47RQnU6iR1I2jDWFJI80WizIelN9WngwP/gen1200.jpg HTTP/1.1" 200 171746
2026-06-02 19:11:07,895 DEBUG https://s11.auto.drom.ru:443 "GET /photo/v2/XpIvhd1pYXrfC6cZGCN2XLjEUFKaaj9AvzEJtkt2mg69zjP_AEcUga0kL9fdA2FVIBXdMFlQHI9VmEOm/gen1200.jpg HTTP/1.1" 200 186106
2026-06-02 19:11:07,902 DEBUG OK 167KB https://s11.auto.drom.ru/photo/v2/Kcp9s76oY3fR2SaQvLlhP5GXI_7utszlVCDlPDl6OrDix4c47RQnU6iR1I2jDWFJI80WizIelN9WngwP/gen1200.jpg
2026-06-02 19:11:07,917 DEBUG OK 181KB https://s11.auto.drom.ru/photo/v2/XpIvhd1pYXrfC6cZGCN2XLjEUFKaaj9AvzEJtkt2mg69zjP_AEcUga0kL9fdA2FVIBXdMFlQHI9VmEOm/gen1200.jpg
2026-06-02 19:11:07,920 DEBUG OK 259KB https://s11.auto.drom.ru/photo/v2/xGgsH1Y76uYAm1_tyau7ssHVJQjuj4uwMRHbpor41NeVEVH79buf1qIdaBJSDlsQfraDR821tGqrQ6Ir/gen1200.jpg
2026-06-02 19:11:07,921 DEBUG https://s11.auto.drom.ru:443 "GET /photo/v2/D4T-z4URO-O1-IOzKnC9-OuefnII5lCMHl_gsHlXlSWf8cAdWoeg6achz4OS6czQwGhNhKDXpZR7Qc6E/gen1200.jpg HTTP/1.1" 200 177923
2026-06-02 19:11:07,925 DEBUG https://s11.auto.drom.ru:443 "GET /photo/v2/qiv-04XSqwhFdoHKJa3yU-777uAqSodwmdCtUNzt6ikjjhhYMbDG963ci-Z3-vlsLc-tp2iZdI1kq8is/gen1200.jpg HTTP/1.1" 200 162851
2026-06-02 19:11:07,947 DEBUG https://s11.auto.drom.ru:443 "GET /photo/v2/Hfe2i2XVCKLyp4pqm950n049HDeVNYrWsOgEaYE_tfg1xcCiYK7vgauLDaRGWzYWQbi8r0RFlBZQDD37/gen1200.jpg HTTP/1.1" 200 263115
2026-06-02 19:11:07,952 DEBUG OK 173KB https://s11.auto.drom.ru/photo/v2/D4T-z4URO-O1-IOzKnC9-OuefnII5lCMHl_gsHlXlSWf8cAdWoeg6achz4OS6czQwGhNhKDXpZR7Qc6E/gen1200.jpg
2026-06-02 19:11:07,958 DEBUG OK 159KB https://s11.auto.drom.ru/photo/v2/qiv-04XSqwhFdoHKJa3yU-777uAqSodwmdCtUNzt6ikjjhhYMbDG963ci-Z3-vlsLc-tp2iZdI1kq8is/gen1200.jpg
2026-06-02 19:11:07,971 DEBUG https://s11.auto.drom.ru:443 "GET /photo/v2/2LyJqh4X2uiA4fzfkW06J_4zLfXLw2igo-K8Lm0BrEQI7mbDF1KLz46WhBexrI58YE09oTsVNEEupM9r/gen1200.jpg HTTP/1.1" 200 280575
2026-06-02 19:11:07,977 DEBUG https://s11.auto.drom.ru:443 "GET /photo/v2/Hfe2i2XVCKLyp4pqm950n049HDeVNYrWsOgEaYE_tfg1xcCiYK7vgauLDaRGWzYWQbi8r0RFlBZQDD37/gen1200.jpg HTTP/1.1" 200 263115
2026-06-02 19:11:07,999 DEBUG https://s11.auto.drom.ru:443 "GET /photo/v2/Xi2j9J2KxYz4jDTRPCHP_7wsAoXhHhA_Or8xTiy654s1LYJeKSiK1C8AheWELnOKCa4AHujLPTeaONGs/gen1200.jpg HTTP/1.1" 200 107455
2026-06-02 19:11:08,006 DEBUG OK 104KB https://s11.auto.drom.ru/photo/v2/Xi2j9J2KxYz4jDTRPCHP_7wsAoXhHhA_Or8xTiy654s1LYJeKSiK1C8AheWELnOKCa4AHujLPTeaONGs/gen1200.jpg
2026-06-02 19:11:08,021 DEBUG https://s11.auto.drom.ru:443 "GET /photo/v2/LHZ9-0d2NzFzajWM1MyxYrXlGglwGOFjbmvVqCNpdbNf16X2nuxozqLsJjmGHh2KF1OY74bHg4i3j0B3/gen1200.jpg HTTP/1.1" 200 303580
2026-06-02 19:11:08,022 DEBUG OK 256KB https://s11.auto.drom.ru/photo/v2/Hfe2i2XVCKLyp4pqm950n049HDeVNYrWsOgEaYE_tfg1xcCiYK7vgauLDaRGWzYWQbi8r0RFlBZQDD37/gen1200.jpg
2026-06-02 19:11:08,023 DEBUG https://s11.auto.drom.ru:443 "GET /photo/v2/uICV3A9einBeyAhy6belzWT5Pr17XktxRCb6oW0kC3wf1lELkuD_qu-GrP5W5LiO1t_1jA4agMXb51Xp/gen1200.jpg HTTP/1.1" 200 233397
2026-06-02 19:11:08,040 DEBUG https://s11.auto.drom.ru:443 "GET /photo/v2/zc_4VcP5thcHkeWw6ohtTcu-6Z5e9ZedQ7JmlA_m2kNnLvwp_lR3aeW7-xtAGQ5kS7gAvlf5QP8of7yV/gen1200.jpg HTTP/1.1" 200 259338
2026-06-02 19:11:08,066 DEBUG OK 273KB https://s11.auto.drom.ru/photo/v2/2LyJqh4X2uiA4fzfkW06J_4zLfXLw2igo-K8Lm0BrEQI7mbDF1KLz46WhBexrI58YE09oTsVNEEupM9r/gen1200.jpg
2026-06-02 19:11:08,068 DEBUG https://s11.auto.drom.ru:443 "GET /photo/v2/MjUhHzV8HgBVIsUZxM4dWeBuiADmk2MOs-8v1YyIAHF6MHcZKJx_2vpOD53-LcdSzyBmZeyq8_NBeL3V/gen1200.jpg HTTP/1.1" 200 124473
2026-06-02 19:11:08,080 DEBUG OK 121KB https://s11.auto.drom.ru/photo/v2/MjUhHzV8HgBVIsUZxM4dWeBuiADmk2MOs-8v1YyIAHF6MHcZKJx_2vpOD53-LcdSzyBmZeyq8_NBeL3V/gen1200.jpg
2026-06-02 19:11:08,086 DEBUG https://s11.auto.drom.ru:443 "GET /photo/v2/uEXJnF28O6QgziLq1wf2c8FDlmcKPHc9lDRmKe0__b_hHRPb9MY4W81f3Ccf_VkN9IHpn-ZPhmWsvv8h/gen1200.jpg HTTP/1.1" 200 244085
2026-06-02 19:11:08,094 DEBUG OK 256KB https://s11.auto.drom.ru/photo/v2/Hfe2i2XVCKLyp4pqm950n049HDeVNYrWsOgEaYE_tfg1xcCiYK7vgauLDaRGWzYWQbi8r0RFlBZQDD37/gen1200.jpg
2026-06-02 19:11:08,101 DEBUG https://s11.auto.drom.ru:443 "GET /photo/v2/ghGAwswZd4COpFllL73XroEzN1jLsrzl0n-Farg1UQ3OebS1VOsUcWn-hwznpYP6HP85_dJSBAazFYj_/gen1200.jpg HTTP/1.1" 200 324202
2026-06-02 19:11:08,121 DEBUG OK 238KB https://s11.auto.drom.ru/photo/v2/uEXJnF28O6QgziLq1wf2c8FDlmcKPHc9lDRmKe0__b_hHRPb9MY4W81f3Ccf_VkN9IHpn-ZPhmWsvv8h/gen1200.jpg
2026-06-02 19:11:08,161 DEBUG https://s11.auto.drom.ru:443 "GET /photo/v2/uEXJnF28O6QgziLq1wf2c8FDlmcKPHc9lDRmKe0__b_hHRPb9MY4W81f3Ccf_VkN9IHpn-ZPhmWsvv8h/gen1200.jpg HTTP/1.1" 200 244085
2026-06-02 19:11:08,165 DEBUG OK 296KB https://s11.auto.drom.ru/photo/v2/LHZ9-0d2NzFzajWM1MyxYrXlGglwGOFjbmvVqCNpdbNf16X2nuxozqLsJjmGHh2KF1OY74bHg4i3j0B3/gen1200.jpg
2026-06-02 19:11:08,165 DEBUG OK 316KB https://s11.auto.drom.ru/photo/v2/ghGAwswZd4COpFllL73XroEzN1jLsrzl0n-Farg1UQ3OebS1VOsUcWn-hwznpYP6HP85_dJSBAazFYj_/gen1200.jpg
2026-06-02 19:11:08,166 DEBUG OK 253KB https://s11.auto.drom.ru/photo/v2/zc_4VcP5thcHkeWw6ohtTcu-6Z5e9ZedQ7JmlA_m2kNnLvwp_lR3aeW7-xtAGQ5kS7gAvlf5QP8of7yV/gen1200.jpg
2026-06-02 19:11:08,167 DEBUG OK 227KB https://s11.auto.drom.ru/photo/v2/uICV3A9einBeyAhy6belzWT5Pr17XktxRCb6oW0kC3wf1lELkuD_qu-GrP5W5LiO1t_1jA4agMXb51Xp/gen1200.jpg
2026-06-02 19:11:08,175 DEBUG https://s11.auto.drom.ru:443 "GET /photo/v2/30uFbrLG8LRZB1rgkRbBJ1tFCmtTlhyZsV53jNCw5g33GKQ28TrL2qzW5ayEo9YxFW4zdNLGfil9_gxn/gen1200.jpg HTTP/1.1" 200 307743
2026-06-02 19:11:08,203 DEBUG OK 238KB https://s11.auto.drom.ru/photo/v2/uEXJnF28O6QgziLq1wf2c8FDlmcKPHc9lDRmKe0__b_hHRPb9MY4W81f3Ccf_VkN9IHpn-ZPhmWsvv8h/gen1200.jpg
2026-06-02 19:11:08,210 DEBUG OK 300KB https://s11.auto.drom.ru/photo/v2/30uFbrLG8LRZB1rgkRbBJ1tFCmtTlhyZsV53jNCw5g33GKQ28TrL2qzW5ayEo9YxFW4zdNLGfil9_gxn/gen1200.jpg
2026-06-02 19:11:08,230 DEBUG https://s11.auto.drom.ru:443 "GET /photo/v2/Ohgbo5Gl4UgycTcOdaw0gwWTict4BJQFIBO7ZJQz1SB4IcTclGVqkY2vOr4q8Cskt_A7PQiI3SU_EZEh/gen1200.jpg HTTP/1.1" 200 227983
2026-06-02 19:11:08,245 DEBUG https://s11.auto.drom.ru:443 "GET /photo/v2/wXQ3Uve6Ql285N6Ohaht4NUZh2E5Ivbv4B4MpzWgH9fH1XTRWZIrH7IBwhCu5Ibkw-G13ulKTJ3B5hqY/gen1200.jpg HTTP/1.1" 200 150911
2026-06-02 19:11:08,252 DEBUG https://s11.auto.drom.ru:443 "GET /photo/v2/H4Nu6sARmdNe5a6pUArCNcxyusy6SyVanHRrHdgDRIFw8SJb3I3u4YoPfWzMTzU4ufncYc-BYZ-9_g2n/gen1200.jpg HTTP/1.1" 200 242862
2026-06-02 19:11:08,254 DEBUG OK 222KB https://s11.auto.drom.ru/photo/v2/Ohgbo5Gl4UgycTcOdaw0gwWTict4BJQFIBO7ZJQz1SB4IcTclGVqkY2vOr4q8Cskt_A7PQiI3SU_EZEh/gen1200.jpg
2026-06-02 19:11:08,256 DEBUG https://s11.auto.drom.ru:443 "GET /photo/v2/9gu8k7NhOoy_THd1xpzRUKDVw_wuBkzoZq4B-JINgP-LeAE2gVWLfrmOO1rY3cxFjuylDM__yyWwxmEE/gen1200.jpg HTTP/1.1" 200 309772
2026-06-02 19:11:08,291 DEBUG OK 147KB https://s11.auto.drom.ru/photo/v2/wXQ3Uve6Ql285N6Ohaht4NUZh2E5Ivbv4B4MpzWgH9fH1XTRWZIrH7IBwhCu5Ibkw-G13ulKTJ3B5hqY/gen1200.jpg
2026-06-02 19:11:08,303 DEBUG OK 237KB https://s11.auto.drom.ru/photo/v2/H4Nu6sARmdNe5a6pUArCNcxyusy6SyVanHRrHdgDRIFw8SJb3I3u4YoPfWzMTzU4ufncYc-BYZ-9_g2n/gen1200.jpg
2026-06-02 19:11:08,305 DEBUG https://s11.auto.drom.ru:443 "GET /photo/v2/1kgN7EKyeYFIWt_NWh5tMD4kCn_DauYrPlnoiwHa7qozZdSQKCPqo9LOoeot4UKRU4myEkml3wkhMvLu/gen1200.jpg HTTP/1.1" 200 311918
2026-06-02 19:11:08,306 DEBUG https://s11.auto.drom.ru:443 "GET /photo/v2/zE_GyBzTmvXaWpZjxTA0IkYnu2G-afqvzC42VZSWTD3j2vcG_T-iMn6OLv7-9qCF3qHBJpckh6lG7-yG/gen1200.jpg HTTP/1.1" 200 193687
2026-06-02 19:11:08,328 DEBUG OK 302KB https://s11.auto.drom.ru/photo/v2/9gu8k7NhOoy_THd1xpzRUKDVw_wuBkzoZq4B-JINgP-LeAE2gVWLfrmOO1rY3cxFjuylDM__yyWwxmEE/gen1200.jpg
2026-06-02 19:11:08,334 DEBUG OK 189KB https://s11.auto.drom.ru/photo/v2/zE_GyBzTmvXaWpZjxTA0IkYnu2G-afqvzC42VZSWTD3j2vcG_T-iMn6OLv7-9qCF3qHBJpckh6lG7-yG/gen1200.jpg
2026-06-02 19:11:08,343 DEBUG https://s11.auto.drom.ru:443 "GET /photo/v2/7bmKp1ozD5sghOGJRixClI5L4NH_giOx7W8TrVLNf0PKY5VLVBtJxfuFZTXLyY9qN11_WZRdnmXEUzB3/gen1200.jpg HTTP/1.1" 200 304386
2026-06-02 19:11:08,364 DEBUG https://s11.auto.drom.ru:443 "GET /photo/v2/pj2luEUyyKlvU02TWencsQnkFe2FHj0FrqyhS3wJpvPbp8qSDXmU--Puyrt8__C-umTWWmr1pbYW3fSv/gen1200.jpg HTTP/1.1" 200 383125
2026-06-02 19:11:08,379 DEBUG https://s11.auto.drom.ru:443 "GET /photo/v2/pj2luEUyyKlvU02TWencsQnkFe2FHj0FrqyhS3wJpvPbp8qSDXmU--Puyrt8__C-umTWWmr1pbYW3fSv/gen1200.jpg HTTP/1.1" 200 383125
2026-06-02 19:11:08,380 DEBUG OK 304KB https://s11.auto.drom.ru/photo/v2/1kgN7EKyeYFIWt_NWh5tMD4kCn_DauYrPlnoiwHa7qozZdSQKCPqo9LOoeot4UKRU4myEkml3wkhMvLu/gen1200.jpg
2026-06-02 19:11:08,404 DEBUG https://s11.auto.drom.ru:443 "GET /photo/v2/hZhRpzKox35jUmaF6GFF6RESLLYquuAGNCLF7OZ6GDupM6BEQvXD46HAKmtkkSMH61tm9YshbIRqtbb7/gen1200.jpg HTTP/1.1" 200 225661
2026-06-02 19:11:08,451 DEBUG https://s11.auto.drom.ru:443 "GET /photo/v2/NGMA2__pBPNCpFRCZeL_o6xNltPohMhAIjHTmvQoyhdWSM5YGuzmo6JqVXRhZdKSmP-FUuXJZeywU3uC/gen1200.jpg HTTP/1.1" 200 495991
2026-06-02 19:11:08,454 DEBUG OK 220KB https://s11.auto.drom.ru/photo/v2/hZhRpzKox35jUmaF6GFF6RESLLYquuAGNCLF7OZ6GDupM6BEQvXD46HAKmtkkSMH61tm9YshbIRqtbb7/gen1200.jpg
2026-06-02 19:11:08,478 DEBUG OK 297KB https://s11.auto.drom.ru/photo/v2/7bmKp1ozD5sghOGJRixClI5L4NH_giOx7W8TrVLNf0PKY5VLVBtJxfuFZTXLyY9qN11_WZRdnmXEUzB3/gen1200.jpg
2026-06-02 19:11:08,480 DEBUG https://s11.auto.drom.ru:443 "GET /photo/v2/3XKni9bapdTI4ZtfEydV62tEGr8zuNf_VaDtIHKNXSplYPZZZ0Hbr0P2MGzN-lB0_6S8TTYHxWEhsrHG/gen1200.jpg HTTP/1.1" 200 279622
2026-06-02 19:11:08,499 DEBUG OK 374KB https://s11.auto.drom.ru/photo/v2/pj2luEUyyKlvU02TWencsQnkFe2FHj0FrqyhS3wJpvPbp8qSDXmU--Puyrt8__C-umTWWmr1pbYW3fSv/gen1200.jpg
2026-06-02 19:11:08,508 DEBUG OK 273KB https://s11.auto.drom.ru/photo/v2/3XKni9bapdTI4ZtfEydV62tEGr8zuNf_VaDtIHKNXSplYPZZZ0Hbr0P2MGzN-lB0_6S8TTYHxWEhsrHG/gen1200.jpg
2026-06-02 19:11:08,509 DEBUG OK 374KB https://s11.auto.drom.ru/photo/v2/pj2luEUyyKlvU02TWencsQnkFe2FHj0FrqyhS3wJpvPbp8qSDXmU--Puyrt8__C-umTWWmr1pbYW3fSv/gen1200.jpg
2026-06-02 19:11:08,512 DEBUG https://s11.auto.drom.ru:443 "GET /photo/v2/1qzKAQgQCyAi_WApICAopDbzC-FtFAuLUCNMs8YvBNhNy8o0vLbSRmFuzzt6ytxWi3--ddn6i9zmdHTV/gen1200.jpg HTTP/1.1" 200 256227
2026-06-02 19:11:08,541 DEBUG OK 250KB https://s11.auto.drom.ru/photo/v2/1qzKAQgQCyAi_WApICAopDbzC-FtFAuLUCNMs8YvBNhNy8o0vLbSRmFuzzt6ytxWi3--ddn6i9zmdHTV/gen1200.jpg
2026-06-02 19:11:08,553 DEBUG https://s11.auto.drom.ru:443 "GET /photo/v2/NkY90B7sAhubyEo1V-3qHmkTLuZEF5eik2C5AnstS_FPmG4C5mOT-OPhYB3BlJRPtsWKRug9gAc2UsZ0/gen1200.jpg HTTP/1.1" 200 230333
2026-06-02 19:11:08,553 DEBUG OK 484KB https://s11.auto.drom.ru/photo/v2/NGMA2__pBPNCpFRCZeL_o6xNltPohMhAIjHTmvQoyhdWSM5YGuzmo6JqVXRhZdKSmP-FUuXJZeywU3uC/gen1200.jpg
2026-06-02 19:11:08,558 DEBUG https://s11.auto.drom.ru:443 "GET /photo/v2/b70RaXcM81EFzGf0Gh4w8gZjQh1Il7Mo8YXS4-lHZAdO3bgg_2SwTRiZY6ePEjzeRO5IGVh6lq8zvPE2/gen1200.jpg HTTP/1.1" 200 208440
2026-06-02 19:11:08,581 DEBUG https://s11.auto.drom.ru:443 "GET /photo/v2/NkY90B7sAhubyEo1V-3qHmkTLuZEF5eik2C5AnstS_FPmG4C5mOT-OPhYB3BlJRPtsWKRug9gAc2UsZ0/gen1200.jpg HTTP/1.1" 200 230333
2026-06-02 19:11:08,582 DEBUG OK 203KB https://s11.auto.drom.ru/photo/v2/b70RaXcM81EFzGf0Gh4w8gZjQh1Il7Mo8YXS4-lHZAdO3bgg_2SwTRiZY6ePEjzeRO5IGVh6lq8zvPE2/gen1200.jpg
2026-06-02 19:11:08,587 DEBUG https://s11.auto.drom.ru:443 "GET /photo/v2/7kGM4Nkz9-OzEUOQ8Hygxe-egX7tV5tILE1g_YCUHo9r1TkndXUzitLpg5U0vbxzyyrf8mUNvjmCSzRy/gen1200.jpg HTTP/1.1" 200 198029
2026-06-02 19:11:08,612 DEBUG OK 193KB https://s11.auto.drom.ru/photo/v2/7kGM4Nkz9-OzEUOQ8Hygxe-egX7tV5tILE1g_YCUHo9r1TkndXUzitLpg5U0vbxzyyrf8mUNvjmCSzRy/gen1200.jpg
2026-06-02 19:11:08,613 DEBUG https://s11.auto.drom.ru:443 "GET /photo/v2/8LDKo5iOD7iSS_hA82rAaUCN4Zvdqa-gF0rLZdoB1qXia5J7b8wdd2I7R3gHTAWVT7tjW6bSt8kGI1_A/gen1200.jpg HTTP/1.1" 200 193271
2026-06-02 19:11:08,621 DEBUG OK 224KB https://s11.auto.drom.ru/photo/v2/NkY90B7sAhubyEo1V-3qHmkTLuZEF5eik2C5AnstS_FPmG4C5mOT-OPhYB3BlJRPtsWKRug9gAc2UsZ0/gen1200.jpg
2026-06-02 19:11:08,632 DEBUG OK 188KB https://s11.auto.drom.ru/photo/v2/8LDKo5iOD7iSS_hA82rAaUCN4Zvdqa-gF0rLZdoB1qXia5J7b8wdd2I7R3gHTAWVT7tjW6bSt8kGI1_A/gen1200.jpg
2026-06-02 19:11:08,638 DEBUG https://s11.auto.drom.ru:443 "GET /photo/v2/SIaGzs-J0d4lok4F2icVJXl-weDIcchnjEPdvNuHMdoDBDd6Z2dYORkVmwqPc4XMPR7W9xHHLiuVG1dR/gen1200.jpg HTTP/1.1" 200 247362
2026-06-02 19:11:08,661 DEBUG OK 224KB https://s11.auto.drom.ru/photo/v2/NkY90B7sAhubyEo1V-3qHmkTLuZEF5eik2C5AnstS_FPmG4C5mOT-OPhYB3BlJRPtsWKRug9gAc2UsZ0/gen1200.jpg
2026-06-02 19:11:08,665 DEBUG OK 241KB https://s11.auto.drom.ru/photo/v2/SIaGzs-J0d4lok4F2icVJXl-weDIcchnjEPdvNuHMdoDBDd6Z2dYORkVmwqPc4XMPR7W9xHHLiuVG1dR/gen1200.jpg
2026-06-02 19:11:08,667 DEBUG https://s11.auto.drom.ru:443 "GET /photo/v2/lc2rBBpeiswH5EnKynjEOsNQ7Gl4JH-uQogUnKlgM08A0YBYgg34r_l3cRGz99mc6bHn2ZfQzuIUU0_A/gen1200.jpg HTTP/1.1" 200 166824
2026-06-02 19:11:08,667 DEBUG https://s11.auto.drom.ru:443 "GET /photo/v2/bIEsMqFnMs39-YR4mkJZ0y4Pi8L7xknYWaiQfxrQrJqcNbF8QKYACZJUp6YkKtLNkovSrB5TAqT3v5nU/gen1200.jpg HTTP/1.1" 200 175637
2026-06-02 19:11:08,672 DEBUG https://s11.auto.drom.ru:443 "GET /photo/v2/bIEsMqFnMs39-YR4mkJZ0y4Pi8L7xknYWaiQfxrQrJqcNbF8QKYACZJUp6YkKtLNkovSrB5TAqT3v5nU/gen1200.jpg HTTP/1.1" 200 175637
2026-06-02 19:11:08,737 DEBUG OK 171KB https://s11.auto.drom.ru/photo/v2/bIEsMqFnMs39-YR4mkJZ0y4Pi8L7xknYWaiQfxrQrJqcNbF8QKYACZJUp6YkKtLNkovSrB5TAqT3v5nU/gen1200.jpg
2026-06-02 19:11:08,738 DEBUG OK 171KB https://s11.auto.drom.ru/photo/v2/bIEsMqFnMs39-YR4mkJZ0y4Pi8L7xknYWaiQfxrQrJqcNbF8QKYACZJUp6YkKtLNkovSrB5TAqT3v5nU/gen1200.jpg
2026-06-02 19:11:08,739 DEBUG https://s11.auto.drom.ru:443 "GET /photo/v2/HokUubCVEgFxcNWKCnOXyUj1Dm0SUezSP4lzv_NCGw-nlWSBKMWIbLP2Zxkna8QYJpzZu8gia7E1Ok_4/gen1200.jpg HTTP/1.1" 200 181126
2026-06-02 19:11:08,740 DEBUG https://s11.auto.drom.ru:443 "GET /photo/v2/7bmKp1ozD5sghOGJRixClI5L4NH_giOx7W8TrVLNf0PKY5VLVBtJxfuFZTXLyY9qN11_WZRdnmXEUzB3/gen1200.jpg HTTP/1.1" 200 304386
2026-06-02 19:11:08,750 DEBUG OK 176KB https://s11.auto.drom.ru/photo/v2/HokUubCVEgFxcNWKCnOXyUj1Dm0SUezSP4lzv_NCGw-nlWSBKMWIbLP2Zxkna8QYJpzZu8gia7E1Ok_4/gen1200.jpg
2026-06-02 19:11:08,753 DEBUG https://s11.auto.drom.ru:443 "GET /photo/v2/EN3c4zaEXHnQnwj8cWRAr4LNH4ZiwFaZ6B0xtMzO9V9lvZUOIwWS16KFMRSrpfxm8tCGxJwKaGAPF3qh/gen1200.jpg HTTP/1.1" 200 190118
2026-06-02 19:11:08,769 DEBUG OK 162KB https://s11.auto.drom.ru/photo/v2/lc2rBBpeiswH5EnKynjEOsNQ7Gl4JH-uQogUnKlgM08A0YBYgg34r_l3cRGz99mc6bHn2ZfQzuIUU0_A/gen1200.jpg
2026-06-02 19:11:08,771 DEBUG https://s11.auto.drom.ru:443 "GET /photo/v2/CLjqTf2aflFgKwxh41oczdXBdQzLV1D5PZKnAxx9gzWTrJuiAl__EUXepOUnze8V0z858cIrguipRIgX/gen1200.jpg HTTP/1.1" 200 183877
2026-06-02 19:11:08,781 DEBUG OK 297KB https://s11.auto.drom.ru/photo/v2/7bmKp1ozD5sghOGJRixClI5L4NH_giOx7W8TrVLNf0PKY5VLVBtJxfuFZTXLyY9qN11_WZRdnmXEUzB3/gen1200.jpg
2026-06-02 19:11:08,787 DEBUG OK 179KB https://s11.auto.drom.ru/photo/v2/CLjqTf2aflFgKwxh41oczdXBdQzLV1D5PZKnAxx9gzWTrJuiAl__EUXepOUnze8V0z858cIrguipRIgX/gen1200.jpg
2026-06-02 19:11:08,793 DEBUG https://s11.auto.drom.ru:443 "GET /photo/v2/dZIEdANNSiDiRIqaUNGU0XbYfniZVRPDxkQHIiylfy1WfQQRlT2gemKfTi0LgtjCijtLc-HnlfsTJe2w/gen1200.jpg HTTP/1.1" 200 147198
2026-06-02 19:11:08,795 DEBUG https://s11.auto.drom.ru:443 "GET /photo/v2/dZIEdANNSiDiRIqaUNGU0XbYfniZVRPDxkQHIiylfy1WfQQRlT2gemKfTi0LgtjCijtLc-HnlfsTJe2w/gen1200.jpg HTTP/1.1" 200 147198
2026-06-02 19:11:08,804 DEBUG https://s11.auto.drom.ru:443 "GET /photo/v2/TNWJnCrAjPrc2uV9h7eqFn9p4l2Hbp-7Z63SiFxKn7SZ-MumGBBef2gqCCe2gS5-S1dfbidnl8Tf5Mc9/gen1200.jpg HTTP/1.1" 200 159391
2026-06-02 19:11:08,822 DEBUG https://s11.auto.drom.ru:443 "GET /photo/v2/2mv6Ao1CtJAyg6am1PAfkxLoOFWBp2FSqka-xcGyaktq-gGTfUVJ59GdmX3_fKy16XWUzaSwb43mKGLp/gen1200.jpg HTTP/1.1" 200 129993
2026-06-02 19:11:08,822 DEBUG OK 143KB https://s11.auto.drom.ru/photo/v2/dZIEdANNSiDiRIqaUNGU0XbYfniZVRPDxkQHIiylfy1WfQQRlT2gemKfTi0LgtjCijtLc-HnlfsTJe2w/gen1200.jpg
2026-06-02 19:11:08,860 DEBUG https://s11.auto.drom.ru:443 "GET /photo/v2/cI2TPCVQ5HNlNHDSCwCyRA9Iz6VSUkhksS9s9VFVjSUGqvbCywdOlsbUYHsJslBsR-bPUilM_vN1fngD/gen1200.jpg HTTP/1.1" 200 100719
2026-06-02 19:11:08,861 DEBUG https://s11.auto.drom.ru:443 "GET /photo/v2/nNKfTGGw2Qv9fjVrZ56RK1OtfFlq0Y0Kp2qYaaIC9bzr223s3xZfFFsyAXnXtUkeOkTMtjZzaAtyyclG/gen1200.jpg HTTP/1.1" 200 110297
2026-06-02 19:11:08,864 DEBUG OK 126KB https://s11.auto.drom.ru/photo/v2/2mv6Ao1CtJAyg6am1PAfkxLoOFWBp2FSqka-xcGyaktq-gGTfUVJ59GdmX3_fKy16XWUzaSwb43mKGLp/gen1200.jpg
2026-06-02 19:11:08,864 DEBUG OK 143KB https://s11.auto.drom.ru/photo/v2/dZIEdANNSiDiRIqaUNGU0XbYfniZVRPDxkQHIiylfy1WfQQRlT2gemKfTi0LgtjCijtLc-HnlfsTJe2w/gen1200.jpg
2026-06-02 19:11:08,865 DEBUG OK 185KB https://s11.auto.drom.ru/photo/v2/EN3c4zaEXHnQnwj8cWRAr4LNH4ZiwFaZ6B0xtMzO9V9lvZUOIwWS16KFMRSrpfxm8tCGxJwKaGAPF3qh/gen1200.jpg
2026-06-02 19:11:08,868 DEBUG OK 98KB https://s11.auto.drom.ru/photo/v2/cI2TPCVQ5HNlNHDSCwCyRA9Iz6VSUkhksS9s9VFVjSUGqvbCywdOlsbUYHsJslBsR-bPUilM_vN1fngD/gen1200.jpg
2026-06-02 19:11:08,869 DEBUG OK 107KB https://s11.auto.drom.ru/photo/v2/nNKfTGGw2Qv9fjVrZ56RK1OtfFlq0Y0Kp2qYaaIC9bzr223s3xZfFFsyAXnXtUkeOkTMtjZzaAtyyclG/gen1200.jpg
2026-06-02 19:11:08,871 DEBUG OK 155KB https://s11.auto.drom.ru/photo/v2/TNWJnCrAjPrc2uV9h7eqFn9p4l2Hbp-7Z63SiFxKn7SZ-MumGBBef2gqCCe2gS5-S1dfbidnl8Tf5Mc9/gen1200.jpg
2026-06-02 19:11:08,878 DEBUG https://s11.auto.drom.ru:443 "GET /photo/v2/KST0ZP_YgzOvjNVi2yZYHqfG6br7S95faKZeWB7Hq7AcXudO_8gceXB_7jDqyJ1d7F5llEIcMMEC2f5B/gen1200.jpg HTTP/1.1" 200 212956
2026-06-02 19:11:08,880 DEBUG https://s11.auto.drom.ru:443 "GET /photo/v2/z-0lJojoSusoc1Vt20ZSaAM1-CVoSQu2hkjNTo8wvLMKAwdwPiir4EgYhQqFdwzVBF_Hqyx8bsvWdbDE/gen1200.jpg HTTP/1.1" 200 223108
2026-06-02 19:11:08,888 DEBUG https://s11.auto.drom.ru:443 "GET /photo/v2/9jnXNJpNEdq9089YYk9OUVUSbpONqMoL32z009RjPfgZDeBHKv9CrRy6K0WuZGyjgJSgnQ_7IRwwTlbo/gen1200.jpg HTTP/1.1" 200 202017
2026-06-02 19:11:08,906 DEBUG OK 217KB https://s11.auto.drom.ru/photo/v2/z-0lJojoSusoc1Vt20ZSaAM1-CVoSQu2hkjNTo8wvLMKAwdwPiir4EgYhQqFdwzVBF_Hqyx8bsvWdbDE/gen1200.jpg
2026-06-02 19:11:08,922 DEBUG OK 207KB https://s11.auto.drom.ru/photo/v2/KST0ZP_YgzOvjNVi2yZYHqfG6br7S95faKZeWB7Hq7AcXudO_8gceXB_7jDqyJ1d7F5llEIcMMEC2f5B/gen1200.jpg
2026-06-02 19:11:08,924 DEBUG https://s11.auto.drom.ru:443 "GET /photo/v2/xwZzvrihA2j18RbDys0aEHRZk3vxSxnyg-Vda0tGyO4BvkO_brH0sntcYdBSz08i3SQj_d62kTwNkdiS/gen1200.jpg HTTP/1.1" 200 260927
2026-06-02 19:11:08,948 DEBUG https://s11.auto.drom.ru:443 "GET /photo/v2/T8ycsdUvcuZz9IRfK-pnAO0YeuzjE-UOYvYOCwh9Wq0JzhHwcdoMGeO2oSs8UTmt1azAwgjB8U1v4AT1/gen1200.jpg HTTP/1.1" 200 202201
2026-06-02 19:11:08,948 DEBUG https://s11.auto.drom.ru:443 "GET /photo/v2/xwZzvrihA2j18RbDys0aEHRZk3vxSxnyg-Vda0tGyO4BvkO_brH0sntcYdBSz08i3SQj_d62kTwNkdiS/gen1200.jpg HTTP/1.1" 200 260927
2026-06-02 19:11:08,950 DEBUG OK 254KB https://s11.auto.drom.ru/photo/v2/xwZzvrihA2j18RbDys0aEHRZk3vxSxnyg-Vda0tGyO4BvkO_brH0sntcYdBSz08i3SQj_d62kTwNkdiS/gen1200.jpg
2026-06-02 19:11:08,955 DEBUG https://s11.auto.drom.ru:443 "GET /photo/v2/P7MWmbosI4zttpZHGPrFyXuNI7bAhYvwoRjzSjkw2wwJIT-IgCZqc0_bpk-ICaCAWPl9DRdmxppplrkP/gen1200.jpg HTTP/1.1" 200 275199
2026-06-02 19:11:08,979 DEBUG https://s11.auto.drom.ru:443 "GET /photo/v2/MLRIMi86JBKEStzqVJVfYoSXDTtQzMh0LRBKFtcvkJ4CR98ZtUVxWqfbly7oqwYGIPHa1bYZ6dmig0_l/gen1200.jpg HTTP/1.1" 200 199820
2026-06-02 19:11:09,002 DEBUG OK 254KB https://s11.auto.drom.ru/photo/v2/xwZzvrihA2j18RbDys0aEHRZk3vxSxnyg-Vda0tGyO4BvkO_brH0sntcYdBSz08i3SQj_d62kTwNkdiS/gen1200.jpg
2026-06-02 19:11:09,017 DEBUG https://s11.auto.drom.ru:443 "GET /photo/v2/o4446r4rpYH_JkSkhxGlza0zyjNNLMD8M3iHMHy3WuGnwWXFuKysWmAdML0eeqrAyrR_XwRHx9pwta3_/gen1200.jpg HTTP/1.1" 200 95787
2026-06-02 19:11:09,020 DEBUG OK 197KB https://s11.auto.drom.ru/photo/v2/9jnXNJpNEdq9089YYk9OUVUSbpONqMoL32z009RjPfgZDeBHKv9CrRy6K0WuZGyjgJSgnQ_7IRwwTlbo/gen1200.jpg
2026-06-02 19:11:09,029 DEBUG OK 93KB https://s11.auto.drom.ru/photo/v2/o4446r4rpYH_JkSkhxGlza0zyjNNLMD8M3iHMHy3WuGnwWXFuKysWmAdML0eeqrAyrR_XwRHx9pwta3_/gen1200.jpg
2026-06-02 19:11:09,031 DEBUG OK 195KB https://s11.auto.drom.ru/photo/v2/MLRIMi86JBKEStzqVJVfYoSXDTtQzMh0LRBKFtcvkJ4CR98ZtUVxWqfbly7oqwYGIPHa1bYZ6dmig0_l/gen1200.jpg
2026-06-02 19:11:09,044 DEBUG OK 197KB https://s11.auto.drom.ru/photo/v2/T8ycsdUvcuZz9IRfK-pnAO0YeuzjE-UOYvYOCwh9Wq0JzhHwcdoMGeO2oSs8UTmt1azAwgjB8U1v4AT1/gen1200.jpg
2026-06-02 19:11:09,046 DEBUG https://s11.auto.drom.ru:443 "GET /photo/v2/ISKunYR6v57qKwraHG3E09yfuethQbybBY3NxS-rGBdjbtPOzrXdXCRYXVzgwTsxP7fkGdi93kxSdARP/gen1200.jpg HTTP/1.1" 200 209485
2026-06-02 19:11:09,046 DEBUG OK 268KB https://s11.auto.drom.ru/photo/v2/P7MWmbosI4zttpZHGPrFyXuNI7bAhYvwoRjzSjkw2wwJIT-IgCZqc0_bpk-ICaCAWPl9DRdmxppplrkP/gen1200.jpg
2026-06-02 19:11:09,065 DEBUG OK 204KB https://s11.auto.drom.ru/photo/v2/ISKunYR6v57qKwraHG3E09yfuethQbybBY3NxS-rGBdjbtPOzrXdXCRYXVzgwTsxP7fkGdi93kxSdARP/gen1200.jpg
2026-06-02 19:11:09,066 DEBUG https://s11.auto.drom.ru:443 "GET /photo/v2/Fet7d9I5oGemjyCw86FkO5NIiPNOo3nHU5fjFHYWMwedtCuCyA0uFXhqNxkEWbQJo1QFMvECOZPtEXgX/gen1200.jpg HTTP/1.1" 200 357715
2026-06-02 19:11:09,067 DEBUG https://s11.auto.drom.ru:443 "GET /photo/v2/VaqnDhwtG2JMNJtF95Lc8paePjcIsC6zZEJdz4U78dpxPlGMvtGVdDqe_6uPXilDAGTz0eNiFXD_88FD/gen1200.jpg HTTP/1.1" 200 376580
2026-06-02 19:11:09,090 DEBUG https://s11.auto.drom.ru:443 "GET /photo/v2/wZkCNXG43lUKBu8MDJp83ucUaowg2rfd_nfYa43yMZ6FJNx8ZDIXx2TVCZ-wO9OKcIQaTfjw4UfLdLvr/gen1200.jpg HTTP/1.1" 200 158488
2026-06-02 19:11:09,097 DEBUG https://s11.auto.drom.ru:443 "GET /photo/v2/VaqnDhwtG2JMNJtF95Lc8paePjcIsC6zZEJdz4U78dpxPlGMvtGVdDqe_6uPXilDAGTz0eNiFXD_88FD/gen1200.jpg HTTP/1.1" 200 376580
2026-06-02 19:11:09,098 DEBUG https://s11.auto.drom.ru:443 "GET /photo/v2/JEM07Un91_1bgW14cFwntVh7G3gN6gJ1B2kG4ciTi3xAtrkmz_x_wroQ44HW90_Cz11p5XRV6UBuGvUk/gen1200.jpg HTTP/1.1" 200 250361
2026-06-02 19:11:09,139 DEBUG https://s11.auto.drom.ru:443 "GET /photo/v2/RERzjQ0dFSllanG1Sg_C3uUskRGEAcJLH_LEPHFkNnfsAIXmP8qZVZh85NLbnhCuasKDWIEMHcp_VV1a/gen1200.jpg HTTP/1.1" 200 315674
2026-06-02 19:11:09,143 DEBUG OK 154KB https://s11.auto.drom.ru/photo/v2/wZkCNXG43lUKBu8MDJp83ucUaowg2rfd_nfYa43yMZ6FJNx8ZDIXx2TVCZ-wO9OKcIQaTfjw4UfLdLvr/gen1200.jpg
2026-06-02 19:11:09,149 DEBUG OK 367KB https://s11.auto.drom.ru/photo/v2/VaqnDhwtG2JMNJtF95Lc8paePjcIsC6zZEJdz4U78dpxPlGMvtGVdDqe_6uPXilDAGTz0eNiFXD_88FD/gen1200.jpg
2026-06-02 19:11:09,163 DEBUG OK 244KB https://s11.auto.drom.ru/photo/v2/JEM07Un91_1bgW14cFwntVh7G3gN6gJ1B2kG4ciTi3xAtrkmz_x_wroQ44HW90_Cz11p5XRV6UBuGvUk/gen1200.jpg
2026-06-02 19:11:09,197 DEBUG https://s11.auto.drom.ru:443 "GET /photo/v2/HTvfBOqR7iDcj9ViZuCYdRyYzpx1s5CignU3i8lUS6za6n9D-TlhcxrKl_Sj1bHUTou_H6CJ_65fCYqD/gen1200.jpg HTTP/1.1" 200 156673
2026-06-02 19:11:09,215 DEBUG OK 153KB https://s11.auto.drom.ru/photo/v2/HTvfBOqR7iDcj9ViZuCYdRyYzpx1s5CignU3i8lUS6za6n9D-TlhcxrKl_Sj1bHUTou_H6CJ_65fCYqD/gen1200.jpg
2026-06-02 19:11:09,218 DEBUG OK 367KB https://s11.auto.drom.ru/photo/v2/VaqnDhwtG2JMNJtF95Lc8paePjcIsC6zZEJdz4U78dpxPlGMvtGVdDqe_6uPXilDAGTz0eNiFXD_88FD/gen1200.jpg
2026-06-02 19:11:09,220 DEBUG https://s11.auto.drom.ru:443 "GET /photo/v2/RDe15erXqEBWDcEchjwAp5fztLdmoC9RDyjODWye92WQRvJBwZYnIfEogdFH-lBY8OmywAcA2zMawzwi/gen1200.jpg HTTP/1.1" 200 299386
2026-06-02 19:11:09,226 DEBUG https://s11.auto.drom.ru:443 "GET /photo/v2/We-d4uRKmmANMz5jfVEQ6T7LPqfjMaEfFiOxmKkOMzj5_VAijVgngM6J10Njnhmrq4fPMLNCbFGAb7gH/gen1200.jpg HTTP/1.1" 200 703760
2026-06-02 19:11:09,248 DEBUG OK 308KB https://s11.auto.drom.ru/photo/v2/RERzjQ0dFSllanG1Sg_C3uUskRGEAcJLH_LEPHFkNnfsAIXmP8qZVZh85NLbnhCuasKDWIEMHcp_VV1a/gen1200.jpg
2026-06-02 19:11:09,260 DEBUG https://s11.auto.drom.ru:443 "GET /photo/v2/We-d4uRKmmANMz5jfVEQ6T7LPqfjMaEfFiOxmKkOMzj5_VAijVgngM6J10Njnhmrq4fPMLNCbFGAb7gH/gen1200.jpg HTTP/1.1" 200 703760
2026-06-02 19:11:09,261 DEBUG OK 349KB https://s11.auto.drom.ru/photo/v2/Fet7d9I5oGemjyCw86FkO5NIiPNOo3nHU5fjFHYWMwedtCuCyA0uFXhqNxkEWbQJo1QFMvECOZPtEXgX/gen1200.jpg
2026-06-02 19:11:09,310 DEBUG OK 292KB https://s11.auto.drom.ru/photo/v2/RDe15erXqEBWDcEchjwAp5fztLdmoC9RDyjODWye92WQRvJBwZYnIfEogdFH-lBY8OmywAcA2zMawzwi/gen1200.jpg
2026-06-02 19:11:09,315 DEBUG https://s11.auto.drom.ru:443 "GET /photo/v2/LgJP880cMPPd8tKagVcJ54uxDQZtISccqILXTzR30QOQkkCPln7KW4SM8teif4UDzpfH1x4cBIUUkn0y/gen1200.jpg HTTP/1.1" 200 475757
2026-06-02 19:11:09,321 DEBUG https://s11.auto.drom.ru:443 "GET /photo/v2/umnVh9jmdxCVR40ZmyXdGC02ix3fOom4pAtHKnoGom-aWfMyzI9Iz9oGU7DO61NWq0jby2SxWgewmV7w/gen1200.jpg HTTP/1.1" 200 619003
2026-06-02 19:11:09,322 DEBUG https://s11.auto.drom.ru:443 "GET /photo/v2/pORDtuJvO91-tAkdSWlRMJJBGm2MWsNZwOE_euA99p0PGJAkTMxZPm6ScQRIfdj_F5APUYAej_VfgAKr/gen1200.jpg HTTP/1.1" 200 536928
2026-06-02 19:11:09,384 DEBUG https://s11.auto.drom.ru:443 "GET /photo/v2/bK9jZxCq7YJqRGsavxcYnhXjv-j_XA4KCFRadXC_jThmXp_sSH157mL3vFhEEEL9Tm2YxIhFrld2-g9h/gen1200.jpg HTTP/1.1" 200 546223
2026-06-02 19:11:09,405 DEBUG OK 524KB https://s11.auto.drom.ru/photo/v2/pORDtuJvO91-tAkdSWlRMJJBGm2MWsNZwOE_euA99p0PGJAkTMxZPm6ScQRIfdj_F5APUYAej_VfgAKr/gen1200.jpg
2026-06-02 19:11:09,423 DEBUG https://s11.auto.drom.ru:443 "GET /photo/v2/hO3iJ4oj2DYD9FFfL4yhzw8FPc7DYFZbQ9BZj9KT1_Yu8X_dig2xCdrYa9CAgI6P1gSEoSR4YMGueLHb/gen1200.jpg HTTP/1.1" 200 228989
2026-06-02 19:11:09,456 DEBUG OK 687KB https://s11.auto.drom.ru/photo/v2/We-d4uRKmmANMz5jfVEQ6T7LPqfjMaEfFiOxmKkOMzj5_VAijVgngM6J10Njnhmrq4fPMLNCbFGAb7gH/gen1200.jpg
2026-06-02 19:11:09,522 DEBUG https://s11.auto.drom.ru:443 "GET /photo/v2/hO3iJ4oj2DYD9FFfL4yhzw8FPc7DYFZbQ9BZj9KT1_Yu8X_dig2xCdrYa9CAgI6P1gSEoSR4YMGueLHb/gen1200.jpg HTTP/1.1" 200 228989
2026-06-02 19:11:09,533 DEBUG OK 223KB https://s11.auto.drom.ru/photo/v2/hO3iJ4oj2DYD9FFfL4yhzw8FPc7DYFZbQ9BZj9KT1_Yu8X_dig2xCdrYa9CAgI6P1gSEoSR4YMGueLHb/gen1200.jpg
2026-06-02 19:11:09,545 DEBUG OK 223KB https://s11.auto.drom.ru/photo/v2/hO3iJ4oj2DYD9FFfL4yhzw8FPc7DYFZbQ9BZj9KT1_Yu8X_dig2xCdrYa9CAgI6P1gSEoSR4YMGueLHb/gen1200.jpg
2026-06-02 19:11:09,626 DEBUG https://s11.auto.drom.ru:443 "GET /photo/v2/gIN3unl5k3vDJPqI-y4jvkM64xIi0AerNz_sb-bXLtWpdg26HsFUvBtfrKw2SifoBpmMBFjdkAt2AsD5/gen1200.jpg HTTP/1.1" 200 250100
2026-06-02 19:11:09,628 DEBUG https://s11.auto.drom.ru:443 "GET /photo/v2/ISKunYR6v57qKwraHG3E09yfuethQbybBY3NxS-rGBdjbtPOzrXdXCRYXVzgwTsxP7fkGdi93kxSdARP/gen1200.jpg HTTP/1.1" 200 209485
2026-06-02 19:11:09,628 DEBUG https://s11.auto.drom.ru:443 "GET /photo/v2/Mqd2Ji0pGLI9mV-dZ0Vc0iLIZX90Ysn8DnyvgAbPt3Ok5sRqdgj9ErcED5BYagZu4xHmGpFkPCZ4D3NI/gen1200.jpg HTTP/1.1" 200 234185
2026-06-02 19:11:09,641 DEBUG OK 204KB https://s11.auto.drom.ru/photo/v2/ISKunYR6v57qKwraHG3E09yfuethQbybBY3NxS-rGBdjbtPOzrXdXCRYXVzgwTsxP7fkGdi93kxSdARP/gen1200.jpg
2026-06-02 19:11:09,641 DEBUG OK 244KB https://s11.auto.drom.ru/photo/v2/gIN3unl5k3vDJPqI-y4jvkM64xIi0AerNz_sb-bXLtWpdg26HsFUvBtfrKw2SifoBpmMBFjdkAt2AsD5/gen1200.jpg
2026-06-02 19:11:09,641 DEBUG OK 687KB https://s11.auto.drom.ru/photo/v2/We-d4uRKmmANMz5jfVEQ6T7LPqfjMaEfFiOxmKkOMzj5_VAijVgngM6J10Njnhmrq4fPMLNCbFGAb7gH/gen1200.jpg
2026-06-02 19:11:09,644 DEBUG OK 604KB https://s11.auto.drom.ru/photo/v2/umnVh9jmdxCVR40ZmyXdGC02ix3fOom4pAtHKnoGom-aWfMyzI9Iz9oGU7DO61NWq0jby2SxWgewmV7w/gen1200.jpg
2026-06-02 19:11:09,647 DEBUG https://s11.auto.drom.ru:443 "GET /photo/v2/6ErHr3c9QjUoNySLRQ8xlZghgvXvTL0D7TaLZrHwhkJJHpJ3yWLddBsXBYXcQTIc2MMzH_qKe9dZGMhD/gen1200.jpg HTTP/1.1" 200 269668
2026-06-02 19:11:09,651 DEBUG OK 533KB https://s11.auto.drom.ru/photo/v2/bK9jZxCq7YJqRGsavxcYnhXjv-j_XA4KCFRadXC_jThmXp_sSH157mL3vFhEEEL9Tm2YxIhFrld2-g9h/gen1200.jpg
2026-06-02 19:11:09,682 DEBUG OK 263KB https://s11.auto.drom.ru/photo/v2/6ErHr3c9QjUoNySLRQ8xlZghgvXvTL0D7TaLZrHwhkJJHpJ3yWLddBsXBYXcQTIc2MMzH_qKe9dZGMhD/gen1200.jpg
2026-06-02 19:11:09,705 DEBUG https://s11.auto.drom.ru:443 "GET /photo/v2/bPnDAF9X11wauC6tWPU6pez8y1fOK8-jurOz-nsVC4Iq2_GgYBiAmOEoWlCY4iy48TrwSsnxwiOxTQlZ/gen1200.jpg HTTP/1.1" 200 259357
2026-06-02 19:11:09,706 DEBUG OK 228KB https://s11.auto.drom.ru/photo/v2/Mqd2Ji0pGLI9mV-dZ0Vc0iLIZX90Ysn8DnyvgAbPt3Ok5sRqdgj9ErcED5BYagZu4xHmGpFkPCZ4D3NI/gen1200.jpg
2026-06-02 19:11:09,729 DEBUG OK 253KB https://s11.auto.drom.ru/photo/v2/bPnDAF9X11wauC6tWPU6pez8y1fOK8-jurOz-nsVC4Iq2_GgYBiAmOEoWlCY4iy48TrwSsnxwiOxTQlZ/gen1200.jpg
2026-06-02 19:11:09,730 DEBUG OK 464KB https://s11.auto.drom.ru/photo/v2/LgJP880cMPPd8tKagVcJ54uxDQZtISccqILXTzR30QOQkkCPln7KW4SM8teif4UDzpfH1x4cBIUUkn0y/gen1200.jpg
2026-06-02 19:11:09,731 INFO [intact] Скачано: 174/174
2026-06-02 19:11:09,740 INFO 
Готово! Структура:
2026-06-02 19:11:09,741 INFO   data/intact/: 174 фото
